cudaMemcpy GpuBuffer::Download failed an illegal memory access was encountered
Error: Could not determine trajectory TEMP_open_4_md2.rst7 format.
Error: Could not set up input trajectory 'TEMP_open_4_md2.rst7'.
	1 errors encountered reading input.
Error: Error(s) occurred during execution.

CPPTRAJ: Trajectory Analysis. V17.00
    ___  ___  ___  ___
     | \/ | \/ | \/ | 
    _|_/\_|_/\_|_/\_|_

| Date/time: 06/23/18 12:28:11
| Available memory: 81.435 GB

INPUT: Reading input from 'STDIN'
  [parm open10_HMR.parm7]
	Reading 'open10_HMR.parm7' as Amber Topology
	Radius Set: modified Bondi radii (mbondi)
  [trajin TEMP_open_4_md2.rst7]
TIME: Total execution time: 0.0693 seconds.

STOP PMEMD Terminated Abnormally!

  Unit    9 Error on OPEN: open_4_md2.rst7                                                                                                                                                                                                                                                 
cp: cannot stat 'open_4_md3.rst7': No such file or directory
mv: cannot stat 'open_4_md3.rst7': No such file or directory
Error: 'TEMP_open_4_md3.rst7': No such file or directory
Error: Could not set up input trajectory 'TEMP_open_4_md3.rst7'.
	1 errors encountered reading input.
Error: Error(s) occurred during execution.

CPPTRAJ: Trajectory Analysis. V17.00
    ___  ___  ___  ___
     | \/ | \/ | \/ | 
    _|_/\_|_/\_|_/\_|_

| Date/time: 06/23/18 12:28:13
| Available memory: 81.445 GB

INPUT: Reading input from 'STDIN'
  [parm open10_HMR.parm7]
	Reading 'open10_HMR.parm7' as Amber Topology
	Radius Set: modified Bondi radii (mbondi)
  [trajin TEMP_open_4_md3.rst7]
TIME: Total execution time: 0.0587 seconds.

STOP PMEMD Terminated Abnormally!

  Unit    9 Error on OPEN: open_4_md3.rst7                                                                                                                                                                                                                                                 
cp: cannot stat 'open_4_md4.rst7': No such file or directory
mv: cannot stat 'open_4_md4.rst7': No such file or directory
Error: 'TEMP_open_4_md4.rst7': No such file or directory
Error: Could not set up input trajectory 'TEMP_open_4_md4.rst7'.
	1 errors encountered reading input.
Error: Error(s) occurred during execution.

CPPTRAJ: Trajectory Analysis. V17.00
    ___  ___  ___  ___
     | \/ | \/ | \/ | 
    _|_/\_|_/\_|_/\_|_

| Date/time: 06/23/18 12:28:14
| Available memory: 81.443 GB

INPUT: Reading input from 'STDIN'
  [parm open10_HMR.parm7]
	Reading 'open10_HMR.parm7' as Amber Topology
	Radius Set: modified Bondi radii (mbondi)
  [trajin TEMP_open_4_md4.rst7]
TIME: Total execution time: 0.0747 seconds.

STOP PMEMD Terminated Abnormally!

  Unit    9 Error on OPEN: open_4_md4.rst7                                                                                                                                                                                                                                                 
cp: cannot stat 'open_4_md5.rst7': No such file or directory
mv: cannot stat 'open_4_md5.rst7': No such file or directory
Error: 'TEMP_open_4_md5.rst7': No such file or directory
Error: Could not set up input trajectory 'TEMP_open_4_md5.rst7'.
	1 errors encountered reading input.
Error: Error(s) occurred during execution.

CPPTRAJ: Trajectory Analysis. V17.00
    ___  ___  ___  ___
     | \/ | \/ | \/ | 
    _|_/\_|_/\_|_/\_|_

| Date/time: 06/23/18 12:28:15
| Available memory: 81.442 GB

INPUT: Reading input from 'STDIN'
  [parm open10_HMR.parm7]
	Reading 'open10_HMR.parm7' as Amber Topology
	Radius Set: modified Bondi radii (mbondi)
  [trajin TEMP_open_4_md5.rst7]
TIME: Total execution time: 0.0739 seconds.

