STOP PMEMD Terminated Abnormally!
cp: cannot stat 'closed_5_md2.rst7': No such file or directory
mv: cannot stat 'closed_5_md2.rst7': No such file or directory
Error: Could not determine trajectory TEMP_closed_5_md2.rst7 format.
Error: Could not set up input trajectory 'TEMP_closed_5_md2.rst7'.
	1 errors encountered reading input.
Error: Error(s) occurred during execution.

CPPTRAJ: Trajectory Analysis. V17.00
    ___  ___  ___  ___
     | \/ | \/ | \/ | 
    _|_/\_|_/\_|_/\_|_

| Date/time: 06/24/18 01:21:10
| Available memory: 105.314 GB

INPUT: Reading input from 'STDIN'
  [parm closed10_HMR.parm7]
	Reading 'closed10_HMR.parm7' as Amber Topology
	Radius Set: modified Bondi radii (mbondi)
  [trajin TEMP_closed_5_md2.rst7]
TIME: Total execution time: 0.0783 seconds.

STOP PMEMD Terminated Abnormally!

  Unit    9 Error on OPEN: closed_5_md2.rst7                                                                                                                                                                                                                                               
cp: cannot stat 'closed_5_md3.rst7': No such file or directory
mv: cannot stat 'closed_5_md3.rst7': No such file or directory
Error: 'TEMP_closed_5_md3.rst7': No such file or directory
Error: Could not set up input trajectory 'TEMP_closed_5_md3.rst7'.
	1 errors encountered reading input.
Error: Error(s) occurred during execution.

CPPTRAJ: Trajectory Analysis. V17.00
    ___  ___  ___  ___
     | \/ | \/ | \/ | 
    _|_/\_|_/\_|_/\_|_

| Date/time: 06/24/18 01:21:12
| Available memory: 105.313 GB

INPUT: Reading input from 'STDIN'
  [parm closed10_HMR.parm7]
	Reading 'closed10_HMR.parm7' as Amber Topology
	Radius Set: modified Bondi radii (mbondi)
  [trajin TEMP_closed_5_md3.rst7]
TIME: Total execution time: 0.0831 seconds.

STOP PMEMD Terminated Abnormally!

  Unit    9 Error on OPEN: closed_5_md3.rst7                                                                                                                                                                                                                                               
cp: cannot stat 'closed_5_md4.rst7': No such file or directory
mv: cannot stat 'closed_5_md4.rst7': No such file or directory
Error: 'TEMP_closed_5_md4.rst7': No such file or directory
Error: Could not set up input trajectory 'TEMP_closed_5_md4.rst7'.
	1 errors encountered reading input.
Error: Error(s) occurred during execution.

CPPTRAJ: Trajectory Analysis. V17.00
    ___  ___  ___  ___
     | \/ | \/ | \/ | 
    _|_/\_|_/\_|_/\_|_

| Date/time: 06/24/18 01:21:13
| Available memory: 105.313 GB

INPUT: Reading input from 'STDIN'
  [parm closed10_HMR.parm7]
	Reading 'closed10_HMR.parm7' as Amber Topology
	Radius Set: modified Bondi radii (mbondi)
  [trajin TEMP_closed_5_md4.rst7]
TIME: Total execution time: 0.0784 seconds.

STOP PMEMD Terminated Abnormally!

  Unit    9 Error on OPEN: closed_5_md4.rst7                                                                                                                                                                                                                                               
cp: cannot stat 'closed_5_md5.rst7': No such file or directory
mv: cannot stat 'closed_5_md5.rst7': No such file or directory
Error: 'TEMP_closed_5_md5.rst7': No such file or directory
Error: Could not set up input trajectory 'TEMP_closed_5_md5.rst7'.
	1 errors encountered reading input.
Error: Error(s) occurred during execution.

CPPTRAJ: Trajectory Analysis. V17.00
    ___  ___  ___  ___
     | \/ | \/ | \/ | 
    _|_/\_|_/\_|_/\_|_

| Date/time: 06/24/18 01:21:14
| Available memory: 105.314 GB

INPUT: Reading input from 'STDIN'
  [parm closed10_HMR.parm7]
	Reading 'closed10_HMR.parm7' as Amber Topology
	Radius Set: modified Bondi radii (mbondi)
  [trajin TEMP_closed_5_md5.rst7]
TIME: Total execution time: 0.0659 seconds.

