
CPPTRAJ: Trajectory Analysis. V17.00
    ___  ___  ___  ___
     | \/ | \/ | \/ | 
    _|_/\_|_/\_|_/\_|_

| Date/time: 05/06/20 16:08:32
| Available memory: 48.783 GB

INPUT: Reading input from 'STDIN'
  [parm closed_ipa_HMR.parm7]
	Reading 'closed_ipa_HMR.parm7' as Amber Topology
	Radius Set: modified Bondi radii (mbondi)
  [trajin ./closed_ipa_8_md1.nc 1 last 2]
	Reading './closed_ipa_8_md1.nc' as Amber NetCDF
  [trajin ./closed_ipa_8_md2.nc 1 last 2]
	Reading './closed_ipa_8_md2.nc' as Amber NetCDF
  [trajin ./closed_ipa_8_md3.nc 1 last 2]
	Reading './closed_ipa_8_md3.nc' as Amber NetCDF
  [trajin ./closed_ipa_8_md4.nc 1 last 2]
	Reading './closed_ipa_8_md4.nc' as Amber NetCDF
  [trajin ./closed_ipa_8_md5.nc 1 last 2]
	Reading './closed_ipa_8_md5.nc' as Amber NetCDF
  [trajin ./closed_ipa_8_md6.nc 1 last 2]
	Reading './closed_ipa_8_md6.nc' as Amber NetCDF
  [trajin ./closed_ipa_8_md7.nc 1 last 2]
	Reading './closed_ipa_8_md7.nc' as Amber NetCDF
  [trajin ./closed_ipa_8_md8.nc 1 last 2]
	Reading './closed_ipa_8_md8.nc' as Amber NetCDF
  [trajin ./closed_ipa_8_md9.nc 1 last 2]
	Reading './closed_ipa_8_md9.nc' as Amber NetCDF
  [trajin ./closed_ipa_8_md10.nc 1 last 2]
	Reading './closed_ipa_8_md10.nc' as Amber NetCDF
  [trajin ./closed_ipa_8_md11.nc 1 last 2]
	Reading './closed_ipa_8_md11.nc' as Amber NetCDF
  [trajin ./closed_ipa_8_md12.nc 1 last 2]
	Reading './closed_ipa_8_md12.nc' as Amber NetCDF
  [center :1-192 mass origin]
    CENTER: Centering coordinates using center of mass of atoms in mask (:1-192) to
	coordinate origin.
  [image familiar com :1-192]
    IMAGE: By molecule to box center based on first atom position using all atoms
           Triclinic On, familiar shape centering on atoms in mask :1-192.
  [strip :WAT]
    STRIP: Stripping atoms in mask [:WAT]
  [strip :Na+]
    STRIP: Stripping atoms in mask [:Na+]
  [strip :Cl-]
    STRIP: Stripping atoms in mask [:Cl-]
  [strip :IPA]
    STRIP: Stripping atoms in mask [:IPA]
  [trajout ../traj_dry_noeq/closed_ipa_dry_8.nc]
	Writing '../traj_dry_noeq/closed_ipa_dry_8.nc' as Amber NetCDF
  [run]
---------- RUN BEGIN -------------------------------------------------

PARAMETER FILES (1 total):
 0: closed_ipa_HMR.parm7, 52137 atoms, 13736 res, box: Trunc. Oct., 13550 mol, 12497 solvent

INPUT TRAJECTORIES (12 total):
 0: 'closed_ipa_8_md1.nc' is a NetCDF AMBER trajectory, Parm closed_ipa_HMR.parm7 (Trunc. Oct. box) (reading 2000 of 4000)
 1: 'closed_ipa_8_md2.nc' is a NetCDF AMBER trajectory, Parm closed_ipa_HMR.parm7 (Trunc. Oct. box) (reading 2000 of 4000)
 2: 'closed_ipa_8_md3.nc' is a NetCDF AMBER trajectory, Parm closed_ipa_HMR.parm7 (Trunc. Oct. box) (reading 2000 of 4000)
 3: 'closed_ipa_8_md4.nc' is a NetCDF AMBER trajectory, Parm closed_ipa_HMR.parm7 (Trunc. Oct. box) (reading 2000 of 4000)
 4: 'closed_ipa_8_md5.nc' is a NetCDF AMBER trajectory, Parm closed_ipa_HMR.parm7 (Trunc. Oct. box) (reading 2000 of 4000)
 5: 'closed_ipa_8_md6.nc' is a NetCDF AMBER trajectory, Parm closed_ipa_HMR.parm7 (Trunc. Oct. box) (reading 2000 of 4000)
 6: 'closed_ipa_8_md7.nc' is a NetCDF AMBER trajectory, Parm closed_ipa_HMR.parm7 (Trunc. Oct. box) (reading 2000 of 4000)
 7: 'closed_ipa_8_md8.nc' is a NetCDF AMBER trajectory, Parm closed_ipa_HMR.parm7 (Trunc. Oct. box) (reading 5000 of 10000)
 8: 'closed_ipa_8_md9.nc' is a NetCDF AMBER trajectory, Parm closed_ipa_HMR.parm7 (Trunc. Oct. box) (reading 5000 of 10000)
 9: 'closed_ipa_8_md10.nc' is a NetCDF AMBER trajectory, Parm closed_ipa_HMR.parm7 (Trunc. Oct. box) (reading 1000 of 2000)
 10: 'closed_ipa_8_md11.nc' is a NetCDF AMBER trajectory, Parm closed_ipa_HMR.parm7 (Trunc. Oct. box) (reading 5000 of 10000)
 11: 'closed_ipa_8_md12.nc' is a NetCDF AMBER trajectory, Parm closed_ipa_HMR.parm7 (Trunc. Oct. box) (reading 5000 of 10000)
  Coordinate processing will occur on 35000 frames.

OUTPUT TRAJECTORIES (1 total):
  'closed_ipa_dry_8.nc' (35000 frames) is a NetCDF AMBER trajectory

BEGIN TRAJECTORY PROCESSING:
.....................................................
ACTION SETUP FOR PARM 'closed_ipa_HMR.parm7' (6 actions):
  0: [center :1-192 mass origin]
	Mask [:1-192] corresponds to 2808 atoms.
  1: [image familiar com :1-192]
	Mask [*] corresponds to 52137 atoms.
	Number of molecules to be imaged is 13550
	com: mask [:1-192] contains 2808 atoms.
  2: [strip :WAT]
	Stripping 37491 atoms.
	Stripped topology: 14646 atoms, 1239 res, box: Trunc. Oct., 1053 mol
  3: [strip :Na+]
	Stripping 30 atoms.
	Stripped topology: 14616 atoms, 1209 res, box: Trunc. Oct., 1023 mol
  4: [strip :Cl-]
	Stripping 36 atoms.
	Stripped topology: 14580 atoms, 1173 res, box: Trunc. Oct., 987 mol
  5: [strip :IPA]
	Stripping 11772 atoms.
	Stripped topology: 2808 atoms, 192 res, box: Trunc. Oct., 6 mol
----- closed_ipa_8_md1.nc (1-4000, 2) -----
 0% 
----- closed_ipa_8_md2.nc (1-4000, 2) -----
10% 
----- closed_ipa_8_md3.nc (1-4000, 2) -----

----- closed_ipa_8_md4.nc (1-4000, 2) -----
20% 
----- closed_ipa_8_md5.nc (1-4000, 2) -----

----- closed_ipa_8_md6.nc (1-4000, 2) -----
30% 
----- closed_ipa_8_md7.nc (1-4000, 2) -----

----- closed_ipa_8_md8.nc (1-10000, 2) -----
40% 50% 
----- closed_ipa_8_md9.nc (1-10000, 2) -----
60% 
----- closed_ipa_8_md10.nc (1-2000, 2) -----
70% 
----- closed_ipa_8_md11.nc (1-10000, 2) -----
80% 
----- closed_ipa_8_md12.nc (1-10000, 2) -----
90% 100% Complete.

Read 35000 frames and processed 35000 frames.
TIME: Avg. throughput= 57.3506 frames / second.

ACTION OUTPUT:

RUN TIMING:
TIME:		Init               : 0.0000 s (  0.00%)
TIME:		Trajectory Process : 610.2808 s (100.00%)
TIME:		Action Post        : 0.0000 s (  0.00%)
TIME:		Analysis           : 0.0000 s (  0.00%)
TIME:		Data File Write    : 0.0000 s (  0.00%)
TIME:		Other              : 0.0088 s (  0.00%)
TIME:	Run Total 610.2896 s
---------- RUN END ---------------------------------------------------
  [clear all]
	Clearing Actions.
	Clearing input trajectories/ensembles.
	Clearing reference coordinates.
	Clearing output trajectories.
	Clearing topologies.
	Clearing Analyses.
	Clearing data files.
	Clearing data sets.
  [quit]
TIME: Total execution time: 611.8667 seconds.
--------------------------------------------------------------------------------
To cite CPPTRAJ use:
Daniel R. Roe and Thomas E. Cheatham, III, "PTRAJ and CPPTRAJ: Software for
  Processing and Analysis of Molecular Dynamics Trajectory Data". J. Chem.
  Theory Comput., 2013, 9 (7), pp 3084-3095.

