
CPPTRAJ: Trajectory Analysis. V17.00
    ___  ___  ___  ___
     | \/ | \/ | \/ | 
    _|_/\_|_/\_|_/\_|_

| Date/time: 05/07/20 09:03:54
| Available memory: 95.656 GB

INPUT: Reading input from 'STDIN'
  [parm open10.parm7]
	Reading 'open10.parm7' as Amber Topology
	Radius Set: modified Bondi radii (mbondi)
  [trajin ./open_4_md1.nc 1 last 2]
	Reading './open_4_md1.nc' as Amber NetCDF
  [trajin ./open_4_md2.nc 1 last 2]
	Reading './open_4_md2.nc' as Amber NetCDF
  [trajin ./open_4_md3.nc 1 last 2]
	Reading './open_4_md3.nc' as Amber NetCDF
  [trajin ./open_4_md4.nc 1 last 2]
	Reading './open_4_md4.nc' as Amber NetCDF
  [trajin ./open_4_md5.nc 1 last 2]
	Reading './open_4_md5.nc' as Amber NetCDF
  [trajin ./open_4_md6.nc 1 last 2]
	Reading './open_4_md6.nc' as Amber NetCDF
  [trajin ./open_4_md7.nc 1 last 2]
	Reading './open_4_md7.nc' as Amber NetCDF
  [trajin ./open_4_md8.nc 1 last 2]
	Reading './open_4_md8.nc' as Amber NetCDF
  [trajin ./open_4_md9.nc 1 last 2]
	Reading './open_4_md9.nc' as Amber NetCDF
  [trajin ./open_4_md10.nc 1 last 2]
	Reading './open_4_md10.nc' as Amber NetCDF
  [trajin ./open_4_md11.nc 1 last 2]
	Reading './open_4_md11.nc' as Amber NetCDF
  [trajin ./open_4_md12.nc 1 last 2]
	Reading './open_4_md12.nc' as Amber NetCDF
  [trajin ./open_4_md13.nc 1 last 2]
	Reading './open_4_md13.nc' as Amber NetCDF
  [trajin ./open_4_md14.nc 1 last 2]
	Reading './open_4_md14.nc' as Amber NetCDF
  [trajin ./open_4_md15.nc 1 last 2]
	Reading './open_4_md15.nc' as Amber NetCDF
  [trajin ./open_4_md16.nc 1 last 2]
	Reading './open_4_md16.nc' as Amber NetCDF
  [trajin ./open_4_md17.nc 1 last 2]
	Reading './open_4_md17.nc' as Amber NetCDF
  [trajin ./open_4_md18.nc 1 last 2]
	Reading './open_4_md18.nc' as Amber NetCDF
  [trajin ./open_4_md19.nc 1 last 2]
	Reading './open_4_md19.nc' as Amber NetCDF
  [trajin ./open_4_md20.nc 1 last 2]
	Reading './open_4_md20.nc' as Amber NetCDF
  [trajin ./open_4_md21.nc 1 last 2]
	Reading './open_4_md21.nc' as Amber NetCDF
  [trajin ./open_4_md22.nc 1 last 2]
	Reading './open_4_md22.nc' as Amber NetCDF
  [trajin ./open_4_md23.nc 1 last 2]
	Reading './open_4_md23.nc' as Amber NetCDF
  [trajin ./open_4_md24.nc 1 last 2]
	Reading './open_4_md24.nc' as Amber NetCDF
  [trajin ./open_4_md25.nc 1 last 2]
	Reading './open_4_md25.nc' as Amber NetCDF
  [center :1-192 mass origin]
    CENTER: Centering coordinates using center of mass of atoms in mask (:1-192) to
	coordinate origin.
  [image familiar com :1-192]
    IMAGE: By molecule to box center based on first atom position using all atoms
           Triclinic On, familiar shape centering on atoms in mask :1-192.
  [strip :WAT]
    STRIP: Stripping atoms in mask [:WAT]
  [strip :Na+]
    STRIP: Stripping atoms in mask [:Na+]
  [strip :Cl-]
    STRIP: Stripping atoms in mask [:Cl-]
  [trajout ../traj_dry_noeq/open_dry_4.nc]
	Writing '../traj_dry_noeq/open_dry_4.nc' as Amber NetCDF
  [run]
---------- RUN BEGIN -------------------------------------------------

PARAMETER FILES (1 total):
 0: open10.parm7, 38558 atoms, 12142 res, box: Trunc. Oct., 11956 mol, 11900 solvent

INPUT TRAJECTORIES (25 total):
 0: 'open_4_md1.nc' is a NetCDF AMBER trajectory, Parm open10.parm7 (Trunc. Oct. box) (reading 1000 of 2000)
 1: 'open_4_md2.nc' is a NetCDF AMBER trajectory, Parm open10.parm7 (Trunc. Oct. box) (reading 1000 of 2000)
 2: 'open_4_md3.nc' is a NetCDF AMBER trajectory, Parm open10.parm7 (Trunc. Oct. box) (reading 1000 of 2000)
 3: 'open_4_md4.nc' is a NetCDF AMBER trajectory, Parm open10.parm7 (Trunc. Oct. box) (reading 1000 of 2000)
 4: 'open_4_md5.nc' is a NetCDF AMBER trajectory, Parm open10.parm7 (Trunc. Oct. box) (reading 1000 of 2000)
 5: 'open_4_md6.nc' is a NetCDF AMBER trajectory, Parm open10.parm7 (Trunc. Oct. box) (reading 1000 of 2000)
 6: 'open_4_md7.nc' is a NetCDF AMBER trajectory, Parm open10.parm7 (Trunc. Oct. box) (reading 1000 of 2000)
 7: 'open_4_md8.nc' is a NetCDF AMBER trajectory, Parm open10.parm7 (Trunc. Oct. box) (reading 1000 of 2000)
 8: 'open_4_md9.nc' is a NetCDF AMBER trajectory, Parm open10.parm7 (Trunc. Oct. box) (reading 1000 of 2000)
 9: 'open_4_md10.nc' is a NetCDF AMBER trajectory, Parm open10.parm7 (Trunc. Oct. box) (reading 1000 of 2000)
 10: 'open_4_md11.nc' is a NetCDF AMBER trajectory, Parm open10.parm7 (Trunc. Oct. box) (reading 1000 of 2000)
 11: 'open_4_md12.nc' is a NetCDF AMBER trajectory, Parm open10.parm7 (Trunc. Oct. box) (reading 1000 of 2000)
 12: 'open_4_md13.nc' is a NetCDF AMBER trajectory, Parm open10.parm7 (Trunc. Oct. box) (reading 1000 of 2000)
 13: 'open_4_md14.nc' is a NetCDF AMBER trajectory, Parm open10.parm7 (Trunc. Oct. box) (reading 1000 of 2000)
 14: 'open_4_md15.nc' is a NetCDF AMBER trajectory, Parm open10.parm7 (Trunc. Oct. box) (reading 1000 of 2000)
 15: 'open_4_md16.nc' is a NetCDF AMBER trajectory, Parm open10.parm7 (Trunc. Oct. box) (reading 1000 of 2000)
 16: 'open_4_md17.nc' is a NetCDF AMBER trajectory, Parm open10.parm7 (Trunc. Oct. box) (reading 1000 of 2000)
 17: 'open_4_md18.nc' is a NetCDF AMBER trajectory, Parm open10.parm7 (Trunc. Oct. box) (reading 1000 of 2000)
 18: 'open_4_md19.nc' is a NetCDF AMBER trajectory, Parm open10.parm7 (Trunc. Oct. box) (reading 1000 of 2000)
 19: 'open_4_md20.nc' is a NetCDF AMBER trajectory, Parm open10.parm7 (Trunc. Oct. box) (reading 1000 of 2000)
 20: 'open_4_md21.nc' is a NetCDF AMBER trajectory, Parm open10.parm7 (Trunc. Oct. box) (reading 1000 of 2000)
 21: 'open_4_md22.nc' is a NetCDF AMBER trajectory, Parm open10.parm7 (Trunc. Oct. box) (reading 1000 of 2000)
 22: 'open_4_md23.nc' is a NetCDF AMBER trajectory, Parm open10.parm7 (Trunc. Oct. box) (reading 1000 of 2000)
 23: 'open_4_md24.nc' is a NetCDF AMBER trajectory, Parm open10.parm7 (Trunc. Oct. box) (reading 1000 of 2000)
 24: 'open_4_md25.nc' is a NetCDF AMBER trajectory, Parm open10.parm7 (Trunc. Oct. box) (reading 1000 of 2000)
  Coordinate processing will occur on 25000 frames.

OUTPUT TRAJECTORIES (1 total):
  'open_dry_4.nc' (25000 frames) is a NetCDF AMBER trajectory

BEGIN TRAJECTORY PROCESSING:
.....................................................
ACTION SETUP FOR PARM 'open10.parm7' (5 actions):
  0: [center :1-192 mass origin]
	Mask [:1-192] corresponds to 2808 atoms.
  1: [image familiar com :1-192]
	Mask [*] corresponds to 38558 atoms.
	Number of molecules to be imaged is 11956
	com: mask [:1-192] contains 2808 atoms.
  2: [strip :WAT]
	Stripping 35700 atoms.
	Stripped topology: 2858 atoms, 242 res, box: Trunc. Oct., 56 mol
  3: [strip :Na+]
	Stripping 22 atoms.
	Stripped topology: 2836 atoms, 220 res, box: Trunc. Oct., 34 mol
  4: [strip :Cl-]
	Stripping 28 atoms.
	Stripped topology: 2808 atoms, 192 res, box: Trunc. Oct., 6 mol
----- open_4_md1.nc (1-2000, 2) -----
 0% 
----- open_4_md2.nc (1-2000, 2) -----

----- open_4_md3.nc (1-2000, 2) -----
10% 
----- open_4_md4.nc (1-2000, 2) -----

----- open_4_md5.nc (1-2000, 2) -----

----- open_4_md6.nc (1-2000, 2) -----
20% 
----- open_4_md7.nc (1-2000, 2) -----

----- open_4_md8.nc (1-2000, 2) -----
30% 
----- open_4_md9.nc (1-2000, 2) -----

----- open_4_md10.nc (1-2000, 2) -----

----- open_4_md11.nc (1-2000, 2) -----
40% 
----- open_4_md12.nc (1-2000, 2) -----

----- open_4_md13.nc (1-2000, 2) -----
50% 
----- open_4_md14.nc (1-2000, 2) -----

----- open_4_md15.nc (1-2000, 2) -----

----- open_4_md16.nc (1-2000, 2) -----
60% 
----- open_4_md17.nc (1-2000, 2) -----

----- open_4_md18.nc (1-2000, 2) -----
70% 
----- open_4_md19.nc (1-2000, 2) -----

----- open_4_md20.nc (1-2000, 2) -----

----- open_4_md21.nc (1-2000, 2) -----
80% 
----- open_4_md22.nc (1-2000, 2) -----

----- open_4_md23.nc (1-2000, 2) -----
90% 
----- open_4_md24.nc (1-2000, 2) -----

----- open_4_md25.nc (1-2000, 2) -----
100% Complete.

Read 25000 frames and processed 25000 frames.
TIME: Avg. throughput= 57.7737 frames / second.

ACTION OUTPUT:

RUN TIMING:
TIME:		Init               : 0.0001 s (  0.00%)
TIME:		Trajectory Process : 432.7226 s (100.00%)
TIME:		Action Post        : 0.0000 s (  0.00%)
TIME:		Analysis           : 0.0000 s (  0.00%)
TIME:		Data File Write    : 0.0000 s (  0.00%)
TIME:		Other              : 0.0019 s (  0.00%)
TIME:	Run Total 432.7246 s
---------- RUN END ---------------------------------------------------
  [clear all]
	Clearing Actions.
	Clearing input trajectories/ensembles.
	Clearing reference coordinates.
	Clearing output trajectories.
	Clearing topologies.
	Clearing Analyses.
	Clearing data files.
	Clearing data sets.
  [quit]
TIME: Total execution time: 435.0883 seconds.
--------------------------------------------------------------------------------
To cite CPPTRAJ use:
Daniel R. Roe and Thomas E. Cheatham, III, "PTRAJ and CPPTRAJ: Software for
  Processing and Analysis of Molecular Dynamics Trajectory Data". J. Chem.
  Theory Comput., 2013, 9 (7), pp 3084-3095.

