
CPPTRAJ: Trajectory Analysis. V17.00
    ___  ___  ___  ___
     | \/ | \/ | \/ | 
    _|_/\_|_/\_|_/\_|_

| Date/time: 12/14/19 10:02:57
| Available memory: 48.701 GB

INPUT: Reading input from 'STDIN'
  [parm adapt1_238_wat.parm7]
	Reading 'adapt1_238_wat.parm7' as Amber Topology
	Radius Set: modified Bondi radii (mbondi)
  [trajin adapt1_238_md1.nc]
	Reading 'adapt1_238_md1.nc' as Amber NetCDF
  [center :1-192 mass origin]
    CENTER: Centering coordinates using center of mass of atoms in mask (:1-192) to
	coordinate origin.
  [image familiar com :1-192]
    IMAGE: By molecule to box center based on first atom position using all atoms
           Triclinic On, familiar shape centering on atoms in mask :1-192.
  [strip :WAT]
    STRIP: Stripping atoms in mask [:WAT]
  [strip :Na+]
    STRIP: Stripping atoms in mask [:Na+]
  [strip :Cl-]
    STRIP: Stripping atoms in mask [:Cl-]
  [trajout ../../4-Analysis/trajectories_dry/adapt1_dry_238.nc]
	Writing '../../4-Analysis/trajectories_dry/adapt1_dry_238.nc' as Amber NetCDF
  [run]
---------- RUN BEGIN -------------------------------------------------

PARAMETER FILES (1 total):
 0: adapt1_238_wat.parm7, 30918 atoms, 9590 res, box: Trunc. Oct., 9404 mol, 9356 solvent

INPUT TRAJECTORIES (1 total):
 0: 'adapt1_238_md1.nc' is a NetCDF AMBER trajectory, Parm adapt1_238_wat.parm7 (Trunc. Oct. box) (reading 1000 of 1000)
  Coordinate processing will occur on 1000 frames.

OUTPUT TRAJECTORIES (1 total):
  'adapt1_dry_238.nc' (1000 frames) is a NetCDF AMBER trajectory

BEGIN TRAJECTORY PROCESSING:
.....................................................
ACTION SETUP FOR PARM 'adapt1_238_wat.parm7' (5 actions):
  0: [center :1-192 mass origin]
	Mask [:1-192] corresponds to 2808 atoms.
  1: [image familiar com :1-192]
	Mask [*] corresponds to 30918 atoms.
	Number of molecules to be imaged is 9404
	com: mask [:1-192] contains 2808 atoms.
  2: [strip :WAT]
	Stripping 28068 atoms.
	Stripped topology: 2850 atoms, 234 res, box: Trunc. Oct., 48 mol
  3: [strip :Na+]
	Stripping 18 atoms.
	Stripped topology: 2832 atoms, 216 res, box: Trunc. Oct., 30 mol
  4: [strip :Cl-]
	Stripping 24 atoms.
	Stripped topology: 2808 atoms, 192 res, box: Trunc. Oct., 6 mol
----- adapt1_238_md1.nc (1-1000, 1) -----
 0% 10% 20% 30% 40% 50% 60% 70% 80% 90% 100% Complete.

Read 1000 frames and processed 1000 frames.
TIME: Avg. throughput= 104.8596 frames / second.

ACTION OUTPUT:

RUN TIMING:
TIME:		Init               : 0.0000 s (  0.00%)
TIME:		Trajectory Process : 9.5366 s ( 99.97%)
TIME:		Action Post        : 0.0000 s (  0.00%)
TIME:		Analysis           : 0.0000 s (  0.00%)
TIME:		Data File Write    : 0.0000 s (  0.00%)
TIME:		Other              : 0.0030 s (  0.00%)
TIME:	Run Total 9.5396 s
---------- RUN END ---------------------------------------------------
  [quit]
TIME: Total execution time: 9.8542 seconds.
--------------------------------------------------------------------------------
To cite CPPTRAJ use:
Daniel R. Roe and Thomas E. Cheatham, III, "PTRAJ and CPPTRAJ: Software for
  Processing and Analysis of Molecular Dynamics Trajectory Data". J. Chem.
  Theory Comput., 2013, 9 (7), pp 3084-3095.

