# 02/09/18 13:23:11
parm closed10_dry.parm7
trajin closed10_dry.rst7
trajin open10_dry.rst7
quit
# 02/09/18 13:24:25
parm closed10_dry.parm7
reference open10_dry.rst7
trajin closed_all_dry.nc
rms reference out closed_rmsd_to_open.dat '(!:WAT & @CA,C,N,O)'
run
clear all
parm closed10_dry.parm7
reference closed10_dry.rst7
trajin closed_all_dry.nc
rms reference out closed_rmsd_to_closed.dat '(!:WAT & @CA,C,N,O)'
run
clear all
parm closed10.parm7
trajin closed_all.nc
principal :1-192 dorotation mass
center mass origin :1-192
trajout closed_all_rot.nc
trajout closed_all_rot.dcd
