
CPPTRAJ: Trajectory Analysis. V17.00
    ___  ___  ___  ___
     | \/ | \/ | \/ | 
    _|_/\_|_/\_|_/\_|_

| Date/time: 04/08/20 15:55:53
| Available memory: 108.003 GB

INPUT: Reading input from 'STDIN'
  [parm closed10.parm7]
	Reading 'closed10.parm7' as Amber Topology
	Radius Set: modified Bondi radii (mbondi)
  [trajin ./closed_3_md1.nc]
	Reading './closed_3_md1.nc' as Amber NetCDF
  [trajin ./closed_3_md2.nc]
	Reading './closed_3_md2.nc' as Amber NetCDF
  [trajin ./closed_3_md3.nc]
	Reading './closed_3_md3.nc' as Amber NetCDF
  [trajin ./closed_3_md4.nc]
	Reading './closed_3_md4.nc' as Amber NetCDF
  [trajin ./closed_3_md5.nc]
	Reading './closed_3_md5.nc' as Amber NetCDF
  [trajin ./closed_3_md6.nc]
	Reading './closed_3_md6.nc' as Amber NetCDF
  [trajin ./closed_3_md7.nc]
	Reading './closed_3_md7.nc' as Amber NetCDF
  [trajin ./closed_3_md8.nc]
	Reading './closed_3_md8.nc' as Amber NetCDF
  [trajin ./closed_3_md9.nc]
	Reading './closed_3_md9.nc' as Amber NetCDF
  [trajin ./closed_3_md10.nc]
	Reading './closed_3_md10.nc' as Amber NetCDF
  [trajin ./closed_3_md11.nc]
	Reading './closed_3_md11.nc' as Amber NetCDF
  [trajin ./closed_3_md12.nc]
	Reading './closed_3_md12.nc' as Amber NetCDF
  [trajin ./closed_3_md13.nc]
	Reading './closed_3_md13.nc' as Amber NetCDF
  [trajin ./closed_3_md14.nc]
	Reading './closed_3_md14.nc' as Amber NetCDF
  [trajin ./closed_3_md15.nc]
	Reading './closed_3_md15.nc' as Amber NetCDF
  [trajin ./closed_3_md16.nc]
	Reading './closed_3_md16.nc' as Amber NetCDF
  [trajin ./closed_3_md17.nc]
	Reading './closed_3_md17.nc' as Amber NetCDF
  [trajin ./closed_3_md18.nc]
	Reading './closed_3_md18.nc' as Amber NetCDF
  [center :1-192 mass origin]
    CENTER: Centering coordinates using center of mass of atoms in mask (:1-192) to
	coordinate origin.
  [image familiar com :1-192]
    IMAGE: By molecule to box center based on first atom position using all atoms
           Triclinic On, familiar shape centering on atoms in mask :1-192.
  [strip :WAT]
    STRIP: Stripping atoms in mask [:WAT]
  [strip :Na+]
    STRIP: Stripping atoms in mask [:Na+]
  [strip :Cl-]
    STRIP: Stripping atoms in mask [:Cl-]
  [trajout ../traj_dry_noeq/closed_dry_3.nc]
	Writing '../traj_dry_noeq/closed_dry_3.nc' as Amber NetCDF
  [run]
---------- RUN BEGIN -------------------------------------------------

PARAMETER FILES (1 total):
 0: closed10.parm7, 43615 atoms, 13833 res, box: Trunc. Oct., 13647 mol, 13583 solvent

INPUT TRAJECTORIES (18 total):
 0: 'closed_3_md1.nc' is a NetCDF AMBER trajectory, Parm closed10.parm7 (Trunc. Oct. box) (reading 1000 of 1000)
 1: 'closed_3_md2.nc' is a NetCDF AMBER trajectory, Parm closed10.parm7 (Trunc. Oct. box) (reading 1000 of 1000)
 2: 'closed_3_md3.nc' is a NetCDF AMBER trajectory, Parm closed10.parm7 (Trunc. Oct. box) (reading 1000 of 1000)
 3: 'closed_3_md4.nc' is a NetCDF AMBER trajectory, Parm closed10.parm7 (Trunc. Oct. box) (reading 1000 of 1000)
 4: 'closed_3_md5.nc' is a NetCDF AMBER trajectory, Parm closed10.parm7 (Trunc. Oct. box) (reading 1000 of 1000)
 5: 'closed_3_md6.nc' is a NetCDF AMBER trajectory, Parm closed10.parm7 (Trunc. Oct. box) (reading 1000 of 1000)
 6: 'closed_3_md7.nc' is a NetCDF AMBER trajectory, Parm closed10.parm7 (Trunc. Oct. box) (reading 1000 of 1000)
 7: 'closed_3_md8.nc' is a NetCDF AMBER trajectory, Parm closed10.parm7 (Trunc. Oct. box) (reading 1000 of 1000)
 8: 'closed_3_md9.nc' is a NetCDF AMBER trajectory, Parm closed10.parm7 (Trunc. Oct. box) (reading 1000 of 1000)
 9: 'closed_3_md10.nc' is a NetCDF AMBER trajectory, Parm closed10.parm7 (Trunc. Oct. box) (reading 1000 of 1000)
 10: 'closed_3_md11.nc' is a NetCDF AMBER trajectory, Parm closed10.parm7 (Trunc. Oct. box) (reading 5000 of 5000)
 11: 'closed_3_md12.nc' is a NetCDF AMBER trajectory, Parm closed10.parm7 (Trunc. Oct. box) (reading 5000 of 5000)
 12: 'closed_3_md13.nc' is a NetCDF AMBER trajectory, Parm closed10.parm7 (Trunc. Oct. box) (reading 5000 of 5000)
 13: 'closed_3_md14.nc' is a NetCDF AMBER trajectory, Parm closed10.parm7 (Trunc. Oct. box) (reading 5000 of 5000)
 14: 'closed_3_md15.nc' is a NetCDF AMBER trajectory, Parm closed10.parm7 (Trunc. Oct. box) (reading 5000 of 5000)
 15: 'closed_3_md16.nc' is a NetCDF AMBER trajectory, Parm closed10.parm7 (Trunc. Oct. box) (reading 5000 of 5000)
 16: 'closed_3_md17.nc' is a NetCDF AMBER trajectory, Parm closed10.parm7 (Trunc. Oct. box) (reading 5000 of 5000)
 17: 'closed_3_md18.nc' is a NetCDF AMBER trajectory, Parm closed10.parm7 (Trunc. Oct. box) (reading 5000 of 5000)
  Coordinate processing will occur on 50000 frames.

OUTPUT TRAJECTORIES (1 total):
  'closed_dry_3.nc' (50000 frames) is a NetCDF AMBER trajectory

BEGIN TRAJECTORY PROCESSING:
.....................................................
ACTION SETUP FOR PARM 'closed10.parm7' (5 actions):
  0: [center :1-192 mass origin]
	Mask [:1-192] corresponds to 2808 atoms.
  1: [image familiar com :1-192]
	Mask [*] corresponds to 43615 atoms.
	Number of molecules to be imaged is 13647
	com: mask [:1-192] contains 2808 atoms.
  2: [strip :WAT]
	Stripping 40749 atoms.
	Stripped topology: 2866 atoms, 250 res, box: Trunc. Oct., 64 mol
  3: [strip :Na+]
	Stripping 26 atoms.
	Stripped topology: 2840 atoms, 224 res, box: Trunc. Oct., 38 mol
  4: [strip :Cl-]
	Stripping 32 atoms.
	Stripped topology: 2808 atoms, 192 res, box: Trunc. Oct., 6 mol
----- closed_3_md1.nc (1-1000, 1) -----
 0% 
----- closed_3_md2.nc (1-1000, 1) -----

----- closed_3_md3.nc (1-1000, 1) -----

----- closed_3_md4.nc (1-1000, 1) -----

----- closed_3_md5.nc (1-1000, 1) -----

----- closed_3_md6.nc (1-1000, 1) -----
10% 
----- closed_3_md7.nc (1-1000, 1) -----

----- closed_3_md8.nc (1-1000, 1) -----

----- closed_3_md9.nc (1-1000, 1) -----

----- closed_3_md10.nc (1-1000, 1) -----

----- closed_3_md11.nc (1-5000, 1) -----
20% 
----- closed_3_md12.nc (1-5000, 1) -----
30% 
----- closed_3_md13.nc (1-5000, 1) -----
40% 
----- closed_3_md14.nc (1-5000, 1) -----
50% 
----- closed_3_md15.nc (1-5000, 1) -----
60% 
----- closed_3_md16.nc (1-5000, 1) -----
70% 
----- closed_3_md17.nc (1-5000, 1) -----
80% 
----- closed_3_md18.nc (1-5000, 1) -----
90% 100% Complete.

Read 50000 frames and processed 50000 frames.
TIME: Avg. throughput= 68.5065 frames / second.

ACTION OUTPUT:

RUN TIMING:
TIME:		Init               : 0.0001 s (  0.00%)
TIME:		Trajectory Process : 729.8579 s (100.00%)
TIME:		Action Post        : 0.0000 s (  0.00%)
TIME:		Analysis           : 0.0000 s (  0.00%)
TIME:		Data File Write    : 0.0000 s (  0.00%)
TIME:		Other              : 0.0020 s (  0.00%)
TIME:	Run Total 729.8599 s
---------- RUN END ---------------------------------------------------
  [clear all]
	Clearing Actions.
	Clearing input trajectories/ensembles.
	Clearing reference coordinates.
	Clearing output trajectories.
	Clearing topologies.
	Clearing Analyses.
	Clearing data files.
	Clearing data sets.
  [quit]
TIME: Total execution time: 731.4449 seconds.
--------------------------------------------------------------------------------
To cite CPPTRAJ use:
Daniel R. Roe and Thomas E. Cheatham, III, "PTRAJ and CPPTRAJ: Software for
  Processing and Analysis of Molecular Dynamics Trajectory Data". J. Chem.
  Theory Comput., 2013, 9 (7), pp 3084-3095.

