
CPPTRAJ: Trajectory Analysis. V17.00
    ___  ___  ___  ___
     | \/ | \/ | \/ | 
    _|_/\_|_/\_|_/\_|_

| Date/time: 02/28/18 10:06:40
| Available memory: 168.919 GB

INPUT: Reading input from 'STDIN'
  [parm open10_dry.parm7]
	Reading 'open10_dry.parm7' as Amber Topology
	Radius Set: modified Bondi radii (mbondi)
  [reference closed10_dry.rst7]
	Reading 'closed10_dry.rst7' as Amber Restart
	Setting active reference for distance-based masks: 'closed10_dry.rst7'
  [trajin open_all_dry.nc]
	Reading 'open_all_dry.nc' as Amber NetCDF
  [rms reference out open_rmsd_to_closed.dat '(!:WAT & @CA,C,N,O)']
    RMSD: ((!:WAT & @CA,C,N,O)), reference is "Cpptraj Generated Restart" ((!:WAT & @CA,C,N,O)).
	Best-fit RMSD will be calculated, coords will be rotated and translated.
  [trajout open_all_dry_fit2closed.nc]
	Writing 'open_all_dry_fit2closed.nc' as Amber NetCDF
  [run]
---------- RUN BEGIN -------------------------------------------------

PARAMETER FILES (1 total):
 0: open10_dry.parm7, 2808 atoms, 192 res, box: Trunc. Oct., 6 mol

INPUT TRAJECTORIES (1 total):
 0: 'open_all_dry.nc' is a NetCDF AMBER trajectory, Parm open10_dry.parm7 (Trunc. Oct. box) (reading 197420 of 197420)
  Coordinate processing will occur on 197420 frames.

REFERENCE FRAMES (1 total):
    0: closed10_dry.rst7:1
	Active reference frame for distance-based masks is 'Cpptraj Generated Restart'

OUTPUT TRAJECTORIES (1 total):
  'open_all_dry_fit2closed.nc' (197420 frames) is a NetCDF AMBER trajectory

BEGIN TRAJECTORY PROCESSING:
.....................................................
ACTION SETUP FOR PARM 'open10_dry.parm7' (1 actions):
  0: [rms reference out open_rmsd_to_closed.dat '(!:WAT & @CA,C,N,O)']
	Target mask: [(!:WAT & @CA,C,N,O)](738)
	Reference mask: [(!:WAT & @CA,C,N,O)](738)
Warning: Coordinates are being rotated and box coordinates are present.
Warning: Unit cell vectors are NOT rotated; imaging will not be possible
Warning:  after the RMS-fit is performed.
----- open_all_dry.nc (1-197420, 1) -----
 0% 10% 20% 30% 40% 50% 60% 70% 80% 90% 