/tmp/slurmd/job1215351/slurm_script: line 17: cd: /mnt/storage/home/el14718/el14718/10-ALKEIG/1-Open/2-MD1/: No such file or directory
Error: './1/open_1_eq7.nc': No such file or directory
Error: Could not set up input trajectory './1/open_1_eq7.nc'.
	1 errors encountered reading input.
Error: Error(s) occurred during execution.
Error: './2/open_2_eq7.nc': No such file or directory
Error: Could not set up input trajectory './2/open_2_eq7.nc'.
	1 errors encountered reading input.
Error: Error(s) occurred during execution.
Error: './3/open_3_eq7.nc': No such file or directory
Error: Could not set up input trajectory './3/open_3_eq7.nc'.
	1 errors encountered reading input.
Error: Error(s) occurred during execution.
Error: './4/open_4_eq7.nc': No such file or directory
Error: Could not set up input trajectory './4/open_4_eq7.nc'.
	1 errors encountered reading input.
Error: Error(s) occurred during execution.
Error: './5/open_5_eq7.nc': No such file or directory
Error: Could not set up input trajectory './5/open_5_eq7.nc'.
	1 errors encountered reading input.
Error: Error(s) occurred during execution.
