
Usage: cpptraj [-p <Top0>] [-i <Input0>] [-y <trajin>] [-x <trajout>]
               [-c <reference>] [-d <datain>] [-w <dataout>] [-o <output>]
               [-h | --help] [-V | --version] [--defines] [-debug <#>]
               [--interactive] [--log <logfile>] [-tl]
               [-ms <mask>] [-mr <mask>] [--mask <mask>] [--resmask <mask>]
       cpptraj <Top> <Input>
	-p <Top0>        : Load <Top0> as a topology file. May be specified more than once.
	-i <Input0>      : Read input from <Input0>. May be specified more than once.
	-y <trajin>      : Read from trajectory file <trajin>; same as input 'trajin <trajin>'.
	-x <trajout>     : Write trajectory file <trajout>; same as input 'trajout <trajout>'.
	-c <reference>   : Read <reference> as reference coordinates; same as input 'reference <reference>'.
	-d <datain>      : Read data in from file <datain> ('readdata <datain>').
	-w <dataout>     : Write data from <datain> as file <dataout> ('writedata <dataout>).
	-o <output>      : Write CPPTRAJ STDOUT output to file <output>.
	-h | --help      : Print command line help and exit.
	-V | --version   : Print version and exit.
	--defines        : Print compiler defines and exit.
	-debug <#>       : Set global debug level to <#>; same as input 'debug <#>'.
	--interactive    : Force interactive mode.
	--log <logfile>  : Record commands to <logfile> (interactive mode only). Default is 'cpptraj.log'.
	-tl              : Print length of trajectories specified with '-y' to STDOUT.
	-ms <mask>       : Print selected atom numbers to STDOUT.
	-mr <mask>       : Print selected residue numbers to STDOUT.
	--mask <mask>    : Print detailed atom selection to STDOUT.
	--resmask <mask> : Print detailed residue selection to STDOUT.

Error: Error(s) occurred during execution.
[highmem11.bc4.acrc.priv:06277] 27 more processes have sent help message help-mpi-common-cuda.txt / dlopen failed
[highmem11.bc4.acrc.priv:06277] Set MCA parameter "orte_base_help_aggregate" to 0 to see all help / error messages
