
CPPTRAJ: Trajectory Analysis. V17.00
    ___  ___  ___  ___
     | \/ | \/ | \/ | 
    _|_/\_|_/\_|_/\_|_

| Date/time: 04/08/20 16:46:39
| Available memory: 108.085 GB

INPUT: Reading input from 'STDIN'
  [parm open10.parm7]
	Reading 'open10.parm7' as Amber Topology
	Radius Set: modified Bondi radii (mbondi)
  [trajin ./open_5_md1.nc]
	Reading './open_5_md1.nc' as Amber NetCDF
  [trajin ./open_5_md2.nc]
	Reading './open_5_md2.nc' as Amber NetCDF
  [trajin ./open_5_md3.nc]
	Reading './open_5_md3.nc' as Amber NetCDF
  [trajin ./open_5_md4.nc]
	Reading './open_5_md4.nc' as Amber NetCDF
  [trajin ./open_5_md5.nc]
	Reading './open_5_md5.nc' as Amber NetCDF
  [trajin ./open_5_md6.nc]
	Reading './open_5_md6.nc' as Amber NetCDF
  [trajin ./open_5_md7.nc]
	Reading './open_5_md7.nc' as Amber NetCDF
  [trajin ./open_5_md8.nc]
	Reading './open_5_md8.nc' as Amber NetCDF
  [trajin ./open_5_md9.nc]
	Reading './open_5_md9.nc' as Amber NetCDF
  [trajin ./open_5_md10.nc]
	Reading './open_5_md10.nc' as Amber NetCDF
  [trajin ./open_5_md11.nc]
	Reading './open_5_md11.nc' as Amber NetCDF
  [trajin ./open_5_md12.nc]
	Reading './open_5_md12.nc' as Amber NetCDF
  [trajin ./open_5_md13.nc]
	Reading './open_5_md13.nc' as Amber NetCDF
  [trajin ./open_5_md14.nc]
	Reading './open_5_md14.nc' as Amber NetCDF
  [trajin ./open_5_md15.nc]
	Reading './open_5_md15.nc' as Amber NetCDF
  [trajin ./open_5_md16.nc]
	Reading './open_5_md16.nc' as Amber NetCDF
  [trajin ./open_5_md17.nc]
	Reading './open_5_md17.nc' as Amber NetCDF
  [trajin ./open_5_md18.nc]
	Reading './open_5_md18.nc' as Amber NetCDF
  [trajin ./open_5_md19.nc]
	Reading './open_5_md19.nc' as Amber NetCDF
  [trajin ./open_5_md20.nc]
	Reading './open_5_md20.nc' as Amber NetCDF
  [trajin ./open_5_md21.nc]
	Reading './open_5_md21.nc' as Amber NetCDF
  [trajin ./open_5_md22.nc]
	Reading './open_5_md22.nc' as Amber NetCDF
  [trajin ./open_5_md23.nc]
	Reading './open_5_md23.nc' as Amber NetCDF
  [trajin ./open_5_md24.nc]
	Reading './open_5_md24.nc' as Amber NetCDF
  [trajin ./open_5_md25.nc]
	Reading './open_5_md25.nc' as Amber NetCDF
  [center :1-192 mass origin]
    CENTER: Centering coordinates using center of mass of atoms in mask (:1-192) to
	coordinate origin.
  [image familiar com :1-192]
    IMAGE: By molecule to box center based on first atom position using all atoms
           Triclinic On, familiar shape centering on atoms in mask :1-192.
  [strip :WAT]
    STRIP: Stripping atoms in mask [:WAT]
  [strip :Na+]
    STRIP: Stripping atoms in mask [:Na+]
  [strip :Cl-]
    STRIP: Stripping atoms in mask [:Cl-]
  [trajout ../traj_dry_noeq/open_dry_5.nc]
	Writing '../traj_dry_noeq/open_dry_5.nc' as Amber NetCDF
  [run]
---------- RUN BEGIN -------------------------------------------------

PARAMETER FILES (1 total):
 0: open10.parm7, 38558 atoms, 12142 res, box: Trunc. Oct., 11956 mol, 11900 solvent

INPUT TRAJECTORIES (25 total):
 0: 'open_5_md1.nc' is a NetCDF AMBER trajectory, Parm open10.parm7 (Trunc. Oct. box) (reading 2000 of 2000)
 1: 'open_5_md2.nc' is a NetCDF AMBER trajectory, Parm open10.parm7 (Trunc. Oct. box) (reading 2000 of 2000)
 2: 'open_5_md3.nc' is a NetCDF AMBER trajectory, Parm open10.parm7 (Trunc. Oct. box) (reading 2000 of 2000)
 3: 'open_5_md4.nc' is a NetCDF AMBER trajectory, Parm open10.parm7 (Trunc. Oct. box) (reading 2000 of 2000)
 4: 'open_5_md5.nc' is a NetCDF AMBER trajectory, Parm open10.parm7 (Trunc. Oct. box) (reading 2000 of 2000)
 5: 'open_5_md6.nc' is a NetCDF AMBER trajectory, Parm open10.parm7 (Trunc. Oct. box) (reading 2000 of 2000)
 6: 'open_5_md7.nc' is a NetCDF AMBER trajectory, Parm open10.parm7 (Trunc. Oct. box) (reading 2000 of 2000)
 7: 'open_5_md8.nc' is a NetCDF AMBER trajectory, Parm open10.parm7 (Trunc. Oct. box) (reading 2000 of 2000)
 8: 'open_5_md9.nc' is a NetCDF AMBER trajectory, Parm open10.parm7 (Trunc. Oct. box) (reading 2000 of 2000)
 9: 'open_5_md10.nc' is a NetCDF AMBER trajectory, Parm open10.parm7 (Trunc. Oct. box) (reading 743 of 743)
 10: 'open_5_md11.nc' is a NetCDF AMBER trajectory, Parm open10.parm7 (Trunc. Oct. box) (reading 2000 of 2000)
 11: 'open_5_md12.nc' is a NetCDF AMBER trajectory, Parm open10.parm7 (Trunc. Oct. box) (reading 2000 of 2000)
 12: 'open_5_md13.nc' is a NetCDF AMBER trajectory, Parm open10.parm7 (Trunc. Oct. box) (reading 2000 of 2000)
 13: 'open_5_md14.nc' is a NetCDF AMBER trajectory, Parm open10.parm7 (Trunc. Oct. box) (reading 2000 of 2000)
 14: 'open_5_md15.nc' is a NetCDF AMBER trajectory, Parm open10.parm7 (Trunc. Oct. box) (reading 2000 of 2000)
 15: 'open_5_md16.nc' is a NetCDF AMBER trajectory, Parm open10.parm7 (Trunc. Oct. box) (reading 2000 of 2000)
 16: 'open_5_md17.nc' is a NetCDF AMBER trajectory, Parm open10.parm7 (Trunc. Oct. box) (reading 2000 of 2000)
 17: 'open_5_md18.nc' is a NetCDF AMBER trajectory, Parm open10.parm7 (Trunc. Oct. box) (reading 2000 of 2000)
 18: 'open_5_md19.nc' is a NetCDF AMBER trajectory, Parm open10.parm7 (Trunc. Oct. box) (reading 2000 of 2000)
 19: 'open_5_md20.nc' is a NetCDF AMBER trajectory, Parm open10.parm7 (Trunc. Oct. box) (reading 2000 of 2000)
 20: 'open_5_md21.nc' is a NetCDF AMBER trajectory, Parm open10.parm7 (Trunc. Oct. box) (reading 2000 of 2000)
 21: 'open_5_md22.nc' is a NetCDF AMBER trajectory, Parm open10.parm7 (Trunc. Oct. box) (reading 2000 of 2000)
 22: 'open_5_md23.nc' is a NetCDF AMBER trajectory, Parm open10.parm7 (Trunc. Oct. box) (reading 2000 of 2000)
 23: 'open_5_md24.nc' is a NetCDF AMBER trajectory, Parm open10.parm7 (Trunc. Oct. box) (reading 2000 of 2000)
 24: 'open_5_md25.nc' is a NetCDF AMBER trajectory, Parm open10.parm7 (Trunc. Oct. box) (reading 2000 of 2000)
  Coordinate processing will occur on 48743 frames.

OUTPUT TRAJECTORIES (1 total):
  'open_dry_5.nc' (48743 frames) is a NetCDF AMBER trajectory

BEGIN TRAJECTORY PROCESSING:
.....................................................
ACTION SETUP FOR PARM 'open10.parm7' (5 actions):
  0: [center :1-192 mass origin]
	Mask [:1-192] corresponds to 2808 atoms.
  1: [image familiar com :1-192]
	Mask [*] corresponds to 38558 atoms.
	Number of molecules to be imaged is 11956
	com: mask [:1-192] contains 2808 atoms.
  2: [strip :WAT]
	Stripping 35700 atoms.
	Stripped topology: 2858 atoms, 242 res, box: Trunc. Oct., 56 mol
  3: [strip :Na+]
	Stripping 22 atoms.
	Stripped topology: 2836 atoms, 220 res, box: Trunc. Oct., 34 mol
  4: [strip :Cl-]
	Stripping 28 atoms.
	Stripped topology: 2808 atoms, 192 res, box: Trunc. Oct., 6 mol
----- open_5_md1.nc (1-2000, 1) -----
 0% 
----- open_5_md2.nc (1-2000, 1) -----

----- open_5_md3.nc (1-2000, 1) -----
10% 
----- open_5_md4.nc (1-2000, 1) -----

----- open_5_md5.nc (1-2000, 1) -----
20% 
----- open_5_md6.nc (1-2000, 1) -----

----- open_5_md7.nc (1-2000, 1) -----

----- open_5_md8.nc (1-2000, 1) -----
30% 
----- open_5_md9.nc (1-2000, 1) -----

----- open_5_md10.nc (1-743, 1) -----

----- open_5_md11.nc (1-2000, 1) -----
40% 
----- open_5_md12.nc (1-2000, 1) -----

----- open_5_md13.nc (1-2000, 1) -----
50% 
----- open_5_md14.nc (1-2000, 1) -----

----- open_5_md15.nc (1-2000, 1) -----

----- open_5_md16.nc (1-2000, 1) -----
60% 
----- open_5_md17.nc (1-2000, 1) -----

----- open_5_md18.nc (1-2000, 1) -----
70% 
----- open_5_md19.nc (1-2000, 1) -----

----- open_5_md20.nc (1-2000, 1) -----

----- open_5_md21.nc (1-2000, 1) -----
80% 
----- open_5_md22.nc (1-2000, 1) -----

----- open_5_md23.nc (1-2000, 1) -----
90% 
----- open_5_md24.nc (1-2000, 1) -----

----- open_5_md25.nc (1-2000, 1) -----
100% Complete.

Read 48743 frames and processed 48743 frames.
TIME: Avg. throughput= 77.8793 frames / second.

ACTION OUTPUT:

RUN TIMING:
TIME:		Init               : 0.0001 s (  0.00%)
TIME:		Trajectory Process : 625.8786 s (100.00%)
TIME:		Action Post        : 0.0000 s (  0.00%)
TIME:		Analysis           : 0.0000 s (  0.00%)
TIME:		Data File Write    : 0.0000 s (  0.00%)
TIME:		Other              : 0.0033 s (  0.00%)
TIME:	Run Total 625.8819 s
---------- RUN END ---------------------------------------------------
  [clear all]
	Clearing Actions.
	Clearing input trajectories/ensembles.
	Clearing reference coordinates.
	Clearing output trajectories.
	Clearing topologies.
	Clearing Analyses.
	Clearing data files.
	Clearing data sets.
  [quit]
TIME: Total execution time: 628.0327 seconds.
--------------------------------------------------------------------------------
To cite CPPTRAJ use:
Daniel R. Roe and Thomas E. Cheatham, III, "PTRAJ and CPPTRAJ: Software for
  Processing and Analysis of Molecular Dynamics Trajectory Data". J. Chem.
  Theory Comput., 2013, 9 (7), pp 3084-3095.

