
CPPTRAJ: Trajectory Analysis. V17.00
    ___  ___  ___  ___
     | \/ | \/ | \/ | 
    _|_/\_|_/\_|_/\_|_

| Date/time: 12/14/19 10:01:06
| Available memory: 48.686 GB

INPUT: Reading input from 'STDIN'
  [parm adapt1_211_wat.parm7]
	Reading 'adapt1_211_wat.parm7' as Amber Topology
	Radius Set: modified Bondi radii (mbondi)
  [trajin adapt1_211_md1.nc]
	Reading 'adapt1_211_md1.nc' as Amber NetCDF
  [center :1-192 mass origin]
    CENTER: Centering coordinates using center of mass of atoms in mask (:1-192) to
	coordinate origin.
  [image familiar com :1-192]
    IMAGE: By molecule to box center based on first atom position using all atoms
           Triclinic On, familiar shape centering on atoms in mask :1-192.
  [strip :WAT]
    STRIP: Stripping atoms in mask [:WAT]
  [strip :Na+]
    STRIP: Stripping atoms in mask [:Na+]
  [strip :Cl-]
    STRIP: Stripping atoms in mask [:Cl-]
  [trajout ../../4-Analysis/trajectories_dry/adapt1_dry_211.nc]
	Writing '../../4-Analysis/trajectories_dry/adapt1_dry_211.nc' as Amber NetCDF
  [run]
---------- RUN BEGIN -------------------------------------------------

PARAMETER FILES (1 total):
 0: adapt1_211_wat.parm7, 28121 atoms, 8655 res, box: Trunc. Oct., 8469 mol, 8425 solvent

INPUT TRAJECTORIES (1 total):
 0: 'adapt1_211_md1.nc' is a NetCDF AMBER trajectory, Parm adapt1_211_wat.parm7 (Trunc. Oct. box) (reading 1000 of 1000)
  Coordinate processing will occur on 1000 frames.

OUTPUT TRAJECTORIES (1 total):
  'adapt1_dry_211.nc' (1000 frames) is a NetCDF AMBER trajectory

BEGIN TRAJECTORY PROCESSING:
.....................................................
ACTION SETUP FOR PARM 'adapt1_211_wat.parm7' (5 actions):
  0: [center :1-192 mass origin]
	Mask [:1-192] corresponds to 2808 atoms.
  1: [image familiar com :1-192]
	Mask [*] corresponds to 28121 atoms.
	Number of molecules to be imaged is 8469
	com: mask [:1-192] contains 2808 atoms.
  2: [strip :WAT]
	Stripping 25275 atoms.
	Stripped topology: 2846 atoms, 230 res, box: Trunc. Oct., 44 mol
  3: [strip :Na+]
	Stripping 16 atoms.
	Stripped topology: 2830 atoms, 214 res, box: Trunc. Oct., 28 mol
  4: [strip :Cl-]
	Stripping 22 atoms.
	Stripped topology: 2808 atoms, 192 res, box: Trunc. Oct., 6 mol
----- adapt1_211_md1.nc (1-1000, 1) -----
 0% 10% 20% 30% 40% 50% 60% 70% 80% 90% 100% Complete.

Read 1000 frames and processed 1000 frames.
TIME: Avg. throughput= 102.4453 frames / second.

ACTION OUTPUT:

RUN TIMING:
TIME:		Init               : 0.0000 s (  0.00%)
TIME:		Trajectory Process : 9.7613 s ( 99.98%)
TIME:		Action Post        : 0.0000 s (  0.00%)
TIME:		Analysis           : 0.0000 s (  0.00%)
TIME:		Data File Write    : 0.0000 s (  0.00%)
TIME:		Other              : 0.0018 s (  0.00%)
TIME:	Run Total 9.7632 s
---------- RUN END ---------------------------------------------------
  [quit]
TIME: Total execution time: 10.1351 seconds.
--------------------------------------------------------------------------------
To cite CPPTRAJ use:
Daniel R. Roe and Thomas E. Cheatham, III, "PTRAJ and CPPTRAJ: Software for
  Processing and Analysis of Molecular Dynamics Trajectory Data". J. Chem.
  Theory Comput., 2013, 9 (7), pp 3084-3095.

