
CPPTRAJ: Trajectory Analysis. V17.00
    ___  ___  ___  ___
     | \/ | \/ | \/ | 
    _|_/\_|_/\_|_/\_|_

| Date/time: 05/18/20 14:18:46
| Available memory: 103.460 GB

INPUT: Reading input from 'STDIN'
  [parm adapt1_ipa_25_wat_HMR.parm7]
	Reading 'adapt1_ipa_25_wat_HMR.parm7' as Amber Topology
	Radius Set: modified Bondi radii (mbondi)
  [trajin ./adapt1_ipa_25_md1.nc 1 last 1]
	Reading './adapt1_ipa_25_md1.nc' as Amber NetCDF
  [center :1-192 mass origin]
    CENTER: Centering coordinates using center of mass of atoms in mask (:1-192) to
	coordinate origin.
  [image familiar com :1-192]
    IMAGE: By molecule to box center based on first atom position using all atoms
           Triclinic On, familiar shape centering on atoms in mask :1-192.
  [strip :WAT]
    STRIP: Stripping atoms in mask [:WAT]
  [strip :Na+]
    STRIP: Stripping atoms in mask [:Na+]
  [strip :Cl-]
    STRIP: Stripping atoms in mask [:Cl-]
  [strip :IPA]
    STRIP: Stripping atoms in mask [:IPA]
  [trajout ../traj_dry_noeq/adapt1_ipa_dry_25.nc]
	Writing '../traj_dry_noeq/adapt1_ipa_dry_25.nc' as Amber NetCDF
  [run]
---------- RUN BEGIN -------------------------------------------------

PARAMETER FILES (1 total):
 0: adapt1_ipa_25_wat_HMR.parm7, 46449 atoms, 12157 res, box: Trunc. Oct., 11971 mol, 11031 solvent

INPUT TRAJECTORIES (1 total):
 0: 'adapt1_ipa_25_md1.nc' is a NetCDF AMBER trajectory, Parm adapt1_ipa_25_wat_HMR.parm7 (Trunc. Oct. box) (reading 4825 of 4825)
  Coordinate processing will occur on 4825 frames.

OUTPUT TRAJECTORIES (1 total):
  'adapt1_ipa_dry_25.nc' (4825 frames) is a NetCDF AMBER trajectory

BEGIN TRAJECTORY PROCESSING:
.....................................................
ACTION SETUP FOR PARM 'adapt1_ipa_25_wat_HMR.parm7' (6 actions):
  0: [center :1-192 mass origin]
	Mask [:1-192] corresponds to 2808 atoms.
  1: [image familiar com :1-192]
	Mask [*] corresponds to 46449 atoms.
	Number of molecules to be imaged is 11971
	com: mask [:1-192] contains 2808 atoms.
  2: [strip :WAT]
	Stripping 33093 atoms.
	Stripped topology: 13356 atoms, 1126 res, box: Trunc. Oct., 940 mol
  3: [strip :Na+]
	Stripping 27 atoms.
	Stripped topology: 13329 atoms, 1099 res, box: Trunc. Oct., 913 mol
  4: [strip :Cl-]
	Stripping 33 atoms.
	Stripped topology: 13296 atoms, 1066 res, box: Trunc. Oct., 880 mol
  5: [strip :IPA]
	Stripping 10488 atoms.
	Stripped topology: 2808 atoms, 192 res, box: Trunc. Oct., 6 mol
----- adapt1_ipa_25_md1.nc (1-4825, 1) -----
 0% 10% 20% 30% 40% 50% 60% 70% 80% 90% 100% Complete.

Read 4825 frames and processed 4825 frames.
TIME: Avg. throughput= 50.3164 frames / second.

ACTION OUTPUT:

RUN TIMING:
TIME:		Init               : 0.0000 s (  0.00%)
TIME:		Trajectory Process : 95.8931 s ( 99.99%)
TIME:		Action Post        : 0.0000 s (  0.00%)
TIME:		Analysis           : 0.0000 s (  0.00%)
TIME:		Data File Write    : 0.0000 s (  0.00%)
TIME:		Other              : 0.0049 s (  0.00%)
TIME:	Run Total 95.8981 s
---------- RUN END ---------------------------------------------------
  [clear all]
	Clearing Actions.
	Clearing input trajectories/ensembles.
	Clearing reference coordinates.
	Clearing output trajectories.
	Clearing topologies.
	Clearing Analyses.
	Clearing data files.
	Clearing data sets.
  [quit]
TIME: Total execution time: 96.3349 seconds.
--------------------------------------------------------------------------------
To cite CPPTRAJ use:
Daniel R. Roe and Thomas E. Cheatham, III, "PTRAJ and CPPTRAJ: Software for
  Processing and Analysis of Molecular Dynamics Trajectory Data". J. Chem.
  Theory Comput., 2013, 9 (7), pp 3084-3095.

