--------------------------------------------------------------------------
There are not enough slots available in the system to satisfy the 28 slots
that were requested by the application:
  /mnt/storage/scratch/el14718/SOFTWARE/amber16-mofified/amber16/bin/pmemd.MPI

Either request fewer slots for your application, or make more slots available
for use.
--------------------------------------------------------------------------
--------------------------------------------------------------------------
There are not enough slots available in the system to satisfy the 28 slots
that were requested by the application:
  /mnt/storage/scratch/el14718/SOFTWARE/amber16-mofified/amber16/bin/pmemd.MPI

Either request fewer slots for your application, or make more slots available
for use.
--------------------------------------------------------------------------
--------------------------------------------------------------------------
There are not enough slots available in the system to satisfy the 28 slots
that were requested by the application:
  /mnt/storage/scratch/el14718/SOFTWARE/amber16-mofified/amber16/bin/pmemd.MPI

Either request fewer slots for your application, or make more slots available
for use.
--------------------------------------------------------------------------
