/tmp/slurmd/job643707/slurm_script: line 17: cd: /mnt/storage/home/el14718/el14718/10-ALKEIG/1-open/2-MD1/2: No such file or directory
--------------------------------------------------------------------------
The library attempted to open the following supporting CUDA libraries,
but each of them failed.  CUDA-aware support is disabled.
libcuda.so.1: cannot open shared object file: No such file or directory
libcuda.dylib: cannot open shared object file: No such file or directory
/usr/lib64/libcuda.so.1: cannot open shared object file: No such file or directory
/usr/lib64/libcuda.dylib: cannot open shared object file: No such file or directory
If you are not interested in CUDA-aware support, then run with
--mca mpi_cuda_support 0 to suppress this message.  If you are interested
in CUDA-aware support, then try setting LD_LIBRARY_PATH to the location
of libcuda.so.1 to get passed this issue.
--------------------------------------------------------------------------
[compute513.bc4.acrc.priv:29670] 27 more processes have sent help message help-mpi-common-cuda.txt / dlopen failed
[compute513.bc4.acrc.priv:29670] Set MCA parameter "orte_base_help_aggregate" to 0 to see all help / error messages
--------------------------------------------------------------------------
The library attempted to open the following supporting CUDA libraries,
but each of them failed.  CUDA-aware support is disabled.
libcuda.so.1: cannot open shared object file: No such file or directory
libcuda.dylib: cannot open shared object file: No such file or directory
/usr/lib64/libcuda.so.1: cannot open shared object file: No such file or directory
/usr/lib64/libcuda.dylib: cannot open shared object file: No such file or directory
If you are not interested in CUDA-aware support, then run with
--mca mpi_cuda_support 0 to suppress this message.  If you are interested
in CUDA-aware support, then try setting LD_LIBRARY_PATH to the location
of libcuda.so.1 to get passed this issue.
--------------------------------------------------------------------------
[compute513.bc4.acrc.priv:29840] 27 more processes have sent help message help-mpi-common-cuda.txt / dlopen failed
[compute513.bc4.acrc.priv:29840] Set MCA parameter "orte_base_help_aggregate" to 0 to see all help / error messages
--------------------------------------------------------------------------
The library attempted to open the following supporting CUDA libraries,
but each of them failed.  CUDA-aware support is disabled.
libcuda.so.1: cannot open shared object file: No such file or directory
libcuda.dylib: cannot open shared object file: No such file or directory
/usr/lib64/libcuda.so.1: cannot open shared object file: No such file or directory
/usr/lib64/libcuda.dylib: cannot open shared object file: No such file or directory
If you are not interested in CUDA-aware support, then run with
--mca mpi_cuda_support 0 to suppress this message.  If you are interested
in CUDA-aware support, then try setting LD_LIBRARY_PATH to the location
of libcuda.so.1 to get passed this issue.
--------------------------------------------------------------------------
[compute513.bc4.acrc.priv:30002] 27 more processes have sent help message help-mpi-common-cuda.txt / dlopen failed
[compute513.bc4.acrc.priv:30002] Set MCA parameter "orte_base_help_aggregate" to 0 to see all help / error messages
--------------------------------------------------------------------------
The library attempted to open the following supporting CUDA libraries,
but each of them failed.  CUDA-aware support is disabled.
libcuda.so.1: cannot open shared object file: No such file or directory
libcuda.dylib: cannot open shared object file: No such file or directory
/usr/lib64/libcuda.so.1: cannot open shared object file: No such file or directory
/usr/lib64/libcuda.dylib: cannot open shared object file: No such file or directory
If you are not interested in CUDA-aware support, then run with
--mca mpi_cuda_support 0 to suppress this message.  If you are interested
in CUDA-aware support, then try setting LD_LIBRARY_PATH to the location
of libcuda.so.1 to get passed this issue.
--------------------------------------------------------------------------
[compute513.bc4.acrc.priv:30100] 27 more processes have sent help message help-mpi-common-cuda.txt / dlopen failed
[compute513.bc4.acrc.priv:30100] Set MCA parameter "orte_base_help_aggregate" to 0 to see all help / error messages
--------------------------------------------------------------------------
The library attempted to open the following supporting CUDA libraries,
but each of them failed.  CUDA-aware support is disabled.
libcuda.so.1: cannot open shared object file: No such file or directory
libcuda.dylib: cannot open shared object file: No such file or directory
/usr/lib64/libcuda.so.1: cannot open shared object file: No such file or directory
/usr/lib64/libcuda.dylib: cannot open shared object file: No such file or directory
If you are not interested in CUDA-aware support, then run with
--mca mpi_cuda_support 0 to suppress this message.  If you are interested
in CUDA-aware support, then try setting LD_LIBRARY_PATH to the location
of libcuda.so.1 to get passed this issue.
--------------------------------------------------------------------------
[compute513.bc4.acrc.priv:30190] 27 more processes have sent help message help-mpi-common-cuda.txt / dlopen failed
[compute513.bc4.acrc.priv:30190] Set MCA parameter "orte_base_help_aggregate" to 0 to see all help / error messages
--------------------------------------------------------------------------
The library attempted to open the following supporting CUDA libraries,
but each of them failed.  CUDA-aware support is disabled.
libcuda.so.1: cannot open shared object file: No such file or directory
libcuda.dylib: cannot open shared object file: No such file or directory
/usr/lib64/libcuda.so.1: cannot open shared object file: No such file or directory
/usr/lib64/libcuda.dylib: cannot open shared object file: No such file or directory
If you are not interested in CUDA-aware support, then run with
--mca mpi_cuda_support 0 to suppress this message.  If you are interested
in CUDA-aware support, then try setting LD_LIBRARY_PATH to the location
of libcuda.so.1 to get passed this issue.
--------------------------------------------------------------------------
[compute513.bc4.acrc.priv:30283] 27 more processes have sent help message help-mpi-common-cuda.txt / dlopen failed
[compute513.bc4.acrc.priv:30283] Set MCA parameter "orte_base_help_aggregate" to 0 to see all help / error messages
