Note: The following floating-point exceptions are signalling: IEEE_UNDERFLOW_FLAG IEEE_DENORMAL

CPPTRAJ: Trajectory Analysis. V17.00
    ___  ___  ___  ___
     | \/ | \/ | \/ | 
    _|_/\_|_/\_|_/\_|_

| Date/time: 02/02/18 06:56:53
| Available memory: 107.659 GB

INPUT: Reading input from 'STDIN'
  [parm open10.parm7]
	Reading 'open10.parm7' as Amber Topology
	Radius Set: modified Bondi radii (mbondi)
  [trajin TEMP_open_2_md6.rst7]
	Reading 'TEMP_open_2_md6.rst7' as Amber NC Restart
  [center :1-192 mass origin]
    CENTER: Centering coordinates using center of mass of atoms in mask (:1-192) to
	coordinate origin.
  [image familiar com :1-192]
    IMAGE: By molecule to box center based on first atom position using all atoms
           Triclinic On, familiar shape centering on atoms in mask :1-192.
  [trajout open_2_md6.rst7 restart]
	Writing 'open_2_md6.rst7' as Amber Restart
  [run]
---------- RUN BEGIN -------------------------------------------------

PARAMETER FILES (1 total):
 0: open10.parm7, 38558 atoms, 12142 res, box: Trunc. Oct., 11956 mol, 11900 solvent

INPUT TRAJECTORIES (1 total):
 0: 'TEMP_open_2_md6.rst7' is a NetCDF AMBER restart file, with velocities, Parm open10.parm7 (Trunc. Oct. box) (reading 1 of 1)
  Coordinate processing will occur on 1 frames.

OUTPUT TRAJECTORIES (1 total):
  'open_2_md6.rst7' (1 frames) is an AMBER restart file

BEGIN TRAJECTORY PROCESSING:
.....................................................
ACTION SETUP FOR PARM 'open10.parm7' (2 actions):
  0: [center :1-192 mass origin]
	Mask [:1-192] corresponds to 2808 atoms.
  1: [image familiar com :1-192]
	Mask [*] corresponds to 38558 atoms.
	Number of molecules to be imaged is 11956
	com: mask [:1-192] contains 2808 atoms.
----- TEMP_open_2_md6.rst7 (1-1, 1) -----
100% Complete.

Read 1 frames and processed 1 frames.
TIME: Avg. throughput= 6.6461 frames / second.

ACTION OUTPUT:

RUN TIMING:
TIME:		Init               : 0.0000 s (  0.01%)
TIME:		Trajectory Process : 0.1505 s ( 99.98%)
TIME:		Action Post        : 0.0000 s (  0.00%)
TIME:		Analysis           : 0.0000 s (  0.00%)
TIME:		Data File Write    : 0.0000 s (  0.00%)
TIME:		Other              : 0.0000 s (  0.00%)
TIME:	Run Total 0.1505 s
---------- RUN END ---------------------------------------------------
TIME: Total execution time: 0.2853 seconds.
--------------------------------------------------------------------------------
To cite CPPTRAJ use:
Daniel R. Roe and Thomas E. Cheatham, III, "PTRAJ and CPPTRAJ: Software for
  Processing and Analysis of Molecular Dynamics Trajectory Data". J. Chem.
  Theory Comput., 2013, 9 (7), pp 3084-3095.

Note: The following floating-point exceptions are signalling: IEEE_UNDERFLOW_FLAG IEEE_DENORMAL

CPPTRAJ: Trajectory Analysis. V17.00
    ___  ___  ___  ___
     | \/ | \/ | \/ | 
    _|_/\_|_/\_|_/\_|_

| Date/time: 02/03/18 04:35:38
| Available memory: 107.639 GB

INPUT: Reading input from 'STDIN'
  [parm open10.parm7]
	Reading 'open10.parm7' as Amber Topology
	Radius Set: modified Bondi radii (mbondi)
  [trajin TEMP_open_2_md7.rst7]
	Reading 'TEMP_open_2_md7.rst7' as Amber NC Restart
  [center :1-192 mass origin]
    CENTER: Centering coordinates using center of mass of atoms in mask (:1-192) to
	coordinate origin.
  [image familiar com :1-192]
    IMAGE: By molecule to box center based on first atom position using all atoms
           Triclinic On, familiar shape centering on atoms in mask :1-192.
  [trajout open_2_md7.rst7 restart]
	Writing 'open_2_md7.rst7' as Amber Restart
  [run]
---------- RUN BEGIN -------------------------------------------------

PARAMETER FILES (1 total):
 0: open10.parm7, 38558 atoms, 12142 res, box: Trunc. Oct., 11956 mol, 11900 solvent

INPUT TRAJECTORIES (1 total):
 0: 'TEMP_open_2_md7.rst7' is a NetCDF AMBER restart file, with velocities, Parm open10.parm7 (Trunc. Oct. box) (reading 1 of 1)
  Coordinate processing will occur on 1 frames.

OUTPUT TRAJECTORIES (1 total):
  'open_2_md7.rst7' (1 frames) is an AMBER restart file

BEGIN TRAJECTORY PROCESSING:
.....................................................
ACTION SETUP FOR PARM 'open10.parm7' (2 actions):
  0: [center :1-192 mass origin]
	Mask [:1-192] corresponds to 2808 atoms.
  1: [image familiar com :1-192]
	Mask [*] corresponds to 38558 atoms.
	Number of molecules to be imaged is 11956
	com: mask [:1-192] contains 2808 atoms.
----- TEMP_open_2_md7.rst7 (1-1, 1) -----
100% Complete.

Read 1 frames and processed 1 frames.
TIME: Avg. throughput= 7.1578 frames / second.

ACTION OUTPUT:

RUN TIMING:
TIME:		Init               : 0.0000 s (  0.01%)
TIME:		Trajectory Process : 0.1397 s ( 99.97%)
TIME:		Action Post        : 0.0000 s (  0.00%)
TIME:		Analysis           : 0.0000 s (  0.00%)
TIME:		Data File Write    : 0.0000 s (  0.00%)
TIME:		Other              : 0.0000 s (  0.00%)
TIME:	Run Total 0.1397 s
---------- RUN END ---------------------------------------------------
TIME: Total execution time: 0.2176 seconds.
--------------------------------------------------------------------------------
To cite CPPTRAJ use:
Daniel R. Roe and Thomas E. Cheatham, III, "PTRAJ and CPPTRAJ: Software for
  Processing and Analysis of Molecular Dynamics Trajectory Data". J. Chem.
  Theory Comput., 2013, 9 (7), pp 3084-3095.

Note: The following floating-point exceptions are signalling: IEEE_UNDERFLOW_FLAG IEEE_DENORMAL

CPPTRAJ: Trajectory Analysis. V17.00
    ___  ___  ___  ___
     | \/ | \/ | \/ | 
    _|_/\_|_/\_|_/\_|_

| Date/time: 02/04/18 02:09:44
| Available memory: 107.607 GB

INPUT: Reading input from 'STDIN'
  [parm open10.parm7]
	Reading 'open10.parm7' as Amber Topology
	Radius Set: modified Bondi radii (mbondi)
  [trajin TEMP_open_2_md8.rst7]
	Reading 'TEMP_open_2_md8.rst7' as Amber NC Restart
  [center :1-192 mass origin]
    CENTER: Centering coordinates using center of mass of atoms in mask (:1-192) to
	coordinate origin.
  [image familiar com :1-192]
    IMAGE: By molecule to box center based on first atom position using all atoms
           Triclinic On, familiar shape centering on atoms in mask :1-192.
  [trajout open_2_md8.rst7 restart]
	Writing 'open_2_md8.rst7' as Amber Restart
  [run]
---------- RUN BEGIN -------------------------------------------------

PARAMETER FILES (1 total):
 0: open10.parm7, 38558 atoms, 12142 res, box: Trunc. Oct., 11956 mol, 11900 solvent

INPUT TRAJECTORIES (1 total):
 0: 'TEMP_open_2_md8.rst7' is a NetCDF AMBER restart file, with velocities, Parm open10.parm7 (Trunc. Oct. box) (reading 1 of 1)
  Coordinate processing will occur on 1 frames.

OUTPUT TRAJECTORIES (1 total):
  'open_2_md8.rst7' (1 frames) is an AMBER restart file

BEGIN TRAJECTORY PROCESSING:
.....................................................
ACTION SETUP FOR PARM 'open10.parm7' (2 actions):
  0: [center :1-192 mass origin]
	Mask [:1-192] corresponds to 2808 atoms.
  1: [image familiar com :1-192]
	Mask [*] corresponds to 38558 atoms.
	Number of molecules to be imaged is 11956
	com: mask [:1-192] contains 2808 atoms.
----- TEMP_open_2_md8.rst7 (1-1, 1) -----
100% Complete.

Read 1 frames and processed 1 frames.
TIME: Avg. throughput= 9.0418 frames / second.

ACTION OUTPUT:

RUN TIMING:
TIME:		Init               : 0.0000 s (  0.01%)
TIME:		Trajectory Process : 0.1106 s ( 99.97%)
TIME:		Action Post        : 0.0000 s (  0.00%)
TIME:		Analysis           : 0.0000 s (  0.00%)
TIME:		Data File Write    : 0.0000 s (  0.00%)
TIME:		Other              : 0.0000 s (  0.00%)
TIME:	Run Total 0.1106 s
---------- RUN END ---------------------------------------------------
TIME: Total execution time: 0.1692 seconds.
--------------------------------------------------------------------------------
To cite CPPTRAJ use:
Daniel R. Roe and Thomas E. Cheatham, III, "PTRAJ and CPPTRAJ: Software for
  Processing and Analysis of Molecular Dynamics Trajectory Data". J. Chem.
  Theory Comput., 2013, 9 (7), pp 3084-3095.

Note: The following floating-point exceptions are signalling: IEEE_UNDERFLOW_FLAG IEEE_DENORMAL

CPPTRAJ: Trajectory Analysis. V17.00
    ___  ___  ___  ___
     | \/ | \/ | \/ | 
    _|_/\_|_/\_|_/\_|_

| Date/time: 02/04/18 23:53:08
| Available memory: 107.585 GB

INPUT: Reading input from 'STDIN'
  [parm open10.parm7]
	Reading 'open10.parm7' as Amber Topology
	Radius Set: modified Bondi radii (mbondi)
  [trajin TEMP_open_2_md9.rst7]
	Reading 'TEMP_open_2_md9.rst7' as Amber NC Restart
  [center :1-192 mass origin]
    CENTER: Centering coordinates using center of mass of atoms in mask (:1-192) to
	coordinate origin.
  [image familiar com :1-192]
    IMAGE: By molecule to box center based on first atom position using all atoms
           Triclinic On, familiar shape centering on atoms in mask :1-192.
  [trajout open_2_md9.rst7 restart]
	Writing 'open_2_md9.rst7' as Amber Restart
  [run]
---------- RUN BEGIN -------------------------------------------------

PARAMETER FILES (1 total):
 0: open10.parm7, 38558 atoms, 12142 res, box: Trunc. Oct., 11956 mol, 11900 solvent

INPUT TRAJECTORIES (1 total):
 0: 'TEMP_open_2_md9.rst7' is a NetCDF AMBER restart file, with velocities, Parm open10.parm7 (Trunc. Oct. box) (reading 1 of 1)
  Coordinate processing will occur on 1 frames.

OUTPUT TRAJECTORIES (1 total):
  'open_2_md9.rst7' (1 frames) is an AMBER restart file

BEGIN TRAJECTORY PROCESSING:
.....................................................
ACTION SETUP FOR PARM 'open10.parm7' (2 actions):
  0: [center :1-192 mass origin]
	Mask [:1-192] corresponds to 2808 atoms.
  1: [image familiar com :1-192]
	Mask [*] corresponds to 38558 atoms.
	Number of molecules to be imaged is 11956
	com: mask [:1-192] contains 2808 atoms.
----- TEMP_open_2_md9.rst7 (1-1, 1) -----
100% Complete.

Read 1 frames and processed 1 frames.
TIME: Avg. throughput= 9.7910 frames / second.

ACTION OUTPUT:

RUN TIMING:
TIME:		Init               : 0.0000 s (  0.01%)
TIME:		Trajectory Process : 0.1021 s ( 99.97%)
TIME:		Action Post        : 0.0000 s (  0.00%)
TIME:		Analysis           : 0.0000 s (  0.00%)
TIME:		Data File Write    : 0.0000 s (  0.00%)
TIME:		Other              : 0.0000 s (  0.00%)
TIME:	Run Total 0.1022 s
---------- RUN END ---------------------------------------------------
TIME: Total execution time: 0.1612 seconds.
--------------------------------------------------------------------------------
To cite CPPTRAJ use:
Daniel R. Roe and Thomas E. Cheatham, III, "PTRAJ and CPPTRAJ: Software for
  Processing and Analysis of Molecular Dynamics Trajectory Data". J. Chem.
  Theory Comput., 2013, 9 (7), pp 3084-3095.

Note: The following floating-point exceptions are signalling: IEEE_UNDERFLOW_FLAG IEEE_DENORMAL

CPPTRAJ: Trajectory Analysis. V17.00
    ___  ___  ___  ___
     | \/ | \/ | \/ | 
    _|_/\_|_/\_|_/\_|_

| Date/time: 02/05/18 21:32:02
| Available memory: 107.585 GB

INPUT: Reading input from 'STDIN'
  [parm open10.parm7]
	Reading 'open10.parm7' as Amber Topology
	Radius Set: modified Bondi radii (mbondi)
  [trajin TEMP_open_2_md10.rst7]
	Reading 'TEMP_open_2_md10.rst7' as Amber NC Restart
  [center :1-192 mass origin]
    CENTER: Centering coordinates using center of mass of atoms in mask (:1-192) to
	coordinate origin.
  [image familiar com :1-192]
    IMAGE: By molecule to box center based on first atom position using all atoms
           Triclinic On, familiar shape centering on atoms in mask :1-192.
  [trajout open_2_md10.rst7 restart]
	Writing 'open_2_md10.rst7' as Amber Restart
  [run]
---------- RUN BEGIN -------------------------------------------------

PARAMETER FILES (1 total):
 0: open10.parm7, 38558 atoms, 12142 res, box: Trunc. Oct., 11956 mol, 11900 solvent

INPUT TRAJECTORIES (1 total):
 0: 'TEMP_open_2_md10.rst7' is a NetCDF AMBER restart file, with velocities, Parm open10.parm7 (Trunc. Oct. box) (reading 1 of 1)
  Coordinate processing will occur on 1 frames.

OUTPUT TRAJECTORIES (1 total):
  'open_2_md10.rst7' (1 frames) is an AMBER restart file

BEGIN TRAJECTORY PROCESSING:
.....................................................
ACTION SETUP FOR PARM 'open10.parm7' (2 actions):
  0: [center :1-192 mass origin]
	Mask [:1-192] corresponds to 2808 atoms.
  1: [image familiar com :1-192]
	Mask [*] corresponds to 38558 atoms.
	Number of molecules to be imaged is 11956
	com: mask [:1-192] contains 2808 atoms.
----- TEMP_open_2_md10.rst7 (1-1, 1) -----
100% Complete.

Read 1 frames and processed 1 frames.
TIME: Avg. throughput= 6.5499 frames / second.

ACTION OUTPUT:

RUN TIMING:
TIME:		Init               : 0.0000 s (  0.01%)
TIME:		Trajectory Process : 0.1527 s ( 99.98%)
TIME:		Action Post        : 0.0000 s (  0.00%)
TIME:		Analysis           : 0.0000 s (  0.00%)
TIME:		Data File Write    : 0.0000 s (  0.00%)
TIME:		Other              : 0.0000 s (  0.00%)
TIME:	Run Total 0.1527 s
---------- RUN END ---------------------------------------------------
TIME: Total execution time: 0.2359 seconds.
--------------------------------------------------------------------------------
To cite CPPTRAJ use:
Daniel R. Roe and Thomas E. Cheatham, III, "PTRAJ and CPPTRAJ: Software for
  Processing and Analysis of Molecular Dynamics Trajectory Data". J. Chem.
  Theory Comput., 2013, 9 (7), pp 3084-3095.

