
CPPTRAJ: Trajectory Analysis. V17.00
    ___  ___  ___  ___
     | \/ | \/ | \/ | 
    _|_/\_|_/\_|_/\_|_

| Date/time: 04/17/20 15:59:42
| Available memory: 108.244 GB

INPUT: Reading input from 'STDIN'
  [parm closed_ipa_HMR.parm7]
	Reading 'closed_ipa_HMR.parm7' as Amber Topology
	Radius Set: modified Bondi radii (mbondi)
  [trajin ./closed_ipa_6_md1.nc]
	Reading './closed_ipa_6_md1.nc' as Amber NetCDF
  [trajin ./closed_ipa_6_md2.nc]
	Reading './closed_ipa_6_md2.nc' as Amber NetCDF
  [trajin ./closed_ipa_6_md3.nc]
	Reading './closed_ipa_6_md3.nc' as Amber NetCDF
  [trajin ./closed_ipa_6_md4.nc]
	Reading './closed_ipa_6_md4.nc' as Amber NetCDF
  [trajin ./closed_ipa_6_md5.nc]
	Reading './closed_ipa_6_md5.nc' as Amber NetCDF
  [trajin ./closed_ipa_6_md6.nc]
	Reading './closed_ipa_6_md6.nc' as Amber NetCDF
  [trajin ./closed_ipa_6_md7.nc]
	Reading './closed_ipa_6_md7.nc' as Amber NetCDF
  [trajin ./closed_ipa_6_md8.nc]
	Reading './closed_ipa_6_md8.nc' as Amber NetCDF
  [trajin ./closed_ipa_6_md9.nc]
	Reading './closed_ipa_6_md9.nc' as Amber NetCDF
  [trajin ./closed_ipa_6_md10.nc]
	Reading './closed_ipa_6_md10.nc' as Amber NetCDF
  [center :1-192 mass origin]
    CENTER: Centering coordinates using center of mass of atoms in mask (:1-192) to
	coordinate origin.
  [image familiar com :1-192]
    IMAGE: By molecule to box center based on first atom position using all atoms
           Triclinic On, familiar shape centering on atoms in mask :1-192.
  [strip :WAT]
    STRIP: Stripping atoms in mask [:WAT]
  [strip :Na+]
    STRIP: Stripping atoms in mask [:Na+]
  [strip :Cl-]
    STRIP: Stripping atoms in mask [:Cl-]
  [trajout ../traj_dry_ipa_noeq/closed_ipa_dry_6.nc]
	Writing '../traj_dry_ipa_noeq/closed_ipa_dry_6.nc' as Amber NetCDF
  [run]
---------- RUN BEGIN -------------------------------------------------

PARAMETER FILES (1 total):
 0: closed_ipa_HMR.parm7, 52137 atoms, 13736 res, box: Trunc. Oct., 13550 mol, 12497 solvent

INPUT TRAJECTORIES (10 total):
 0: 'closed_ipa_6_md1.nc' is a NetCDF AMBER trajectory, Parm closed_ipa_HMR.parm7 (Trunc. Oct. box) (reading 4000 of 4000)
 1: 'closed_ipa_6_md2.nc' is a NetCDF AMBER trajectory, Parm closed_ipa_HMR.parm7 (Trunc. Oct. box) (reading 4000 of 4000)
 2: 'closed_ipa_6_md3.nc' is a NetCDF AMBER trajectory, Parm closed_ipa_HMR.parm7 (Trunc. Oct. box) (reading 4000 of 4000)
 3: 'closed_ipa_6_md4.nc' is a NetCDF AMBER trajectory, Parm closed_ipa_HMR.parm7 (Trunc. Oct. box) (reading 4000 of 4000)
 4: 'closed_ipa_6_md5.nc' is a NetCDF AMBER trajectory, Parm closed_ipa_HMR.parm7 (Trunc. Oct. box) (reading 4000 of 4000)
 5: 'closed_ipa_6_md6.nc' is a NetCDF AMBER trajectory, Parm closed_ipa_HMR.parm7 (Trunc. Oct. box) (reading 4000 of 4000)
 6: 'closed_ipa_6_md7.nc' is a NetCDF AMBER trajectory, Parm closed_ipa_HMR.parm7 (Trunc. Oct. box) (reading 4000 of 4000)
 7: 'closed_ipa_6_md8.nc' is a NetCDF AMBER trajectory, Parm closed_ipa_HMR.parm7 (Trunc. Oct. box) (reading 10000 of 10000)
 8: 'closed_ipa_6_md9.nc' is a NetCDF AMBER trajectory, Parm closed_ipa_HMR.parm7 (Trunc. Oct. box) (reading 10000 of 10000)
 9: 'closed_ipa_6_md10.nc' is a NetCDF AMBER trajectory, Parm closed_ipa_HMR.parm7 (Trunc. Oct. box) (reading 2000 of 2000)
  Coordinate processing will occur on 50000 frames.

OUTPUT TRAJECTORIES (1 total):
  'closed_ipa_dry_6.nc' (50000 frames) is a NetCDF AMBER trajectory

BEGIN TRAJECTORY PROCESSING:
.....................................................
ACTION SETUP FOR PARM 'closed_ipa_HMR.parm7' (5 actions):
  0: [center :1-192 mass origin]
	Mask [:1-192] corresponds to 2808 atoms.
  1: [image familiar com :1-192]
	Mask [*] corresponds to 52137 atoms.
	Number of molecules to be imaged is 13550
	com: mask [:1-192] contains 2808 atoms.
  2: [strip :WAT]
	Stripping 37491 atoms.
	Stripped topology: 14646 atoms, 1239 res, box: Trunc. Oct., 1053 mol
  3: [strip :Na+]
	Stripping 30 atoms.
	Stripped topology: 14616 atoms, 1209 res, box: Trunc. Oct., 1023 mol
  4: [strip :Cl-]
	Stripping 36 atoms.
	Stripped topology: 14580 atoms, 1173 res, box: Trunc. Oct., 987 mol
----- closed_ipa_6_md1.nc (1-4000, 1) -----
 0% 
----- closed_ipa_6_md2.nc (1-4000, 1) -----
10% 
----- closed_ipa_6_md3.nc (1-4000, 1) -----
20% 
----- closed_ipa_6_md4.nc (1-4000, 1) -----
30% 
----- closed_ipa_6_md5.nc (1-4000, 1) -----

----- closed_ipa_6_md6.nc (1-4000, 1) -----
40% 
----- closed_ipa_6_md7.nc (1-4000, 1) -----
50% 
----- closed_ipa_6_md8.nc (1-10000, 1) -----
60% 70% 
----- closed_ipa_6_md9.nc (1-10000, 1) -----
80% 90% 
----- closed_ipa_6_md10.nc (1-2000, 1) -----
100% Complete.

Read 50000 frames and processed 50000 frames.
TIME: Avg. throughput= 51.2888 frames / second.

ACTION OUTPUT:

RUN TIMING:
TIME:		Init               : 0.0000 s (  0.00%)
TIME:		Trajectory Process : 974.8718 s (100.00%)
TIME:		Action Post        : 0.0000 s (  0.00%)
TIME:		Analysis           : 0.0000 s (  0.00%)
TIME:		Data File Write    : 0.0000 s (  0.00%)
TIME:		Other              : 0.0057 s (  0.00%)
TIME:	Run Total 974.8775 s
---------- RUN END ---------------------------------------------------
  [clear all]
	Clearing Actions.
	Clearing input trajectories/ensembles.
	Clearing reference coordinates.
	Clearing output trajectories.
	Clearing topologies.
	Clearing Analyses.
	Clearing data files.
	Clearing data sets.
  [quit]
TIME: Total execution time: 976.1104 seconds.
--------------------------------------------------------------------------------
To cite CPPTRAJ use:
Daniel R. Roe and Thomas E. Cheatham, III, "PTRAJ and CPPTRAJ: Software for
  Processing and Analysis of Molecular Dynamics Trajectory Data". J. Chem.
  Theory Comput., 2013, 9 (7), pp 3084-3095.

