Note: The following floating-point exceptions are signalling: IEEE_UNDERFLOW_FLAG IEEE_DENORMAL

CPPTRAJ: Trajectory Analysis. V17.00
    ___  ___  ___  ___
     | \/ | \/ | \/ | 
    _|_/\_|_/\_|_/\_|_

| Date/time: 01/28/18 16:51:02
| Available memory: 108.275 GB

INPUT: Reading input from 'STDIN'
  [parm closed10.parm7]
	Reading 'closed10.parm7' as Amber Topology
	Radius Set: modified Bondi radii (mbondi)
  [trajin TEMP_closed_1_md2.rst7]
	Reading 'TEMP_closed_1_md2.rst7' as Amber NC Restart
  [center :1-192 mass origin]
    CENTER: Centering coordinates using center of mass of atoms in mask (:1-192) to
	coordinate origin.
  [image familiar com :1-192]
    IMAGE: By molecule to box center based on first atom position using all atoms
           Triclinic On, familiar shape centering on atoms in mask :1-192.
  [trajout closed_1_md2.rst7 restart]
	Writing 'closed_1_md2.rst7' as Amber Restart
  [run]
---------- RUN BEGIN -------------------------------------------------

PARAMETER FILES (1 total):
 0: closed10.parm7, 43615 atoms, 13833 res, box: Trunc. Oct., 13647 mol, 13583 solvent

INPUT TRAJECTORIES (1 total):
 0: 'TEMP_closed_1_md2.rst7' is a NetCDF AMBER restart file, with velocities, Parm closed10.parm7 (Trunc. Oct. box) (reading 1 of 1)
  Coordinate processing will occur on 1 frames.

OUTPUT TRAJECTORIES (1 total):
  'closed_1_md2.rst7' (1 frames) is an AMBER restart file

BEGIN TRAJECTORY PROCESSING:
.....................................................
ACTION SETUP FOR PARM 'closed10.parm7' (2 actions):
  0: [center :1-192 mass origin]
	Mask [:1-192] corresponds to 2808 atoms.
  1: [image familiar com :1-192]
	Mask [*] corresponds to 43615 atoms.
	Number of molecules to be imaged is 13647
	com: mask [:1-192] contains 2808 atoms.
----- TEMP_closed_1_md2.rst7 (1-1, 1) -----
100% Complete.

Read 1 frames and processed 1 frames.
TIME: Avg. throughput= 8.4866 frames / second.

ACTION OUTPUT:

RUN TIMING:
TIME:		Init               : 0.0000 s (  0.02%)
TIME:		Trajectory Process : 0.1178 s ( 99.96%)
TIME:		Action Post        : 0.0000 s (  0.00%)
TIME:		Analysis           : 0.0000 s (  0.00%)
TIME:		Data File Write    : 0.0000 s (  0.00%)
TIME:		Other              : 0.0000 s (  0.00%)
TIME:	Run Total 0.1179 s
---------- RUN END ---------------------------------------------------
TIME: Total execution time: 0.1908 seconds.
--------------------------------------------------------------------------------
To cite CPPTRAJ use:
Daniel R. Roe and Thomas E. Cheatham, III, "PTRAJ and CPPTRAJ: Software for
  Processing and Analysis of Molecular Dynamics Trajectory Data". J. Chem.
  Theory Comput., 2013, 9 (7), pp 3084-3095.

Note: The following floating-point exceptions are signalling: IEEE_UNDERFLOW_FLAG IEEE_DENORMAL

CPPTRAJ: Trajectory Analysis. V17.00
    ___  ___  ___  ___
     | \/ | \/ | \/ | 
    _|_/\_|_/\_|_/\_|_

| Date/time: 01/29/18 17:35:23
| Available memory: 108.253 GB

INPUT: Reading input from 'STDIN'
  [parm closed10.parm7]
	Reading 'closed10.parm7' as Amber Topology
	Radius Set: modified Bondi radii (mbondi)
  [trajin TEMP_closed_1_md3.rst7]
	Reading 'TEMP_closed_1_md3.rst7' as Amber NC Restart
  [center :1-192 mass origin]
    CENTER: Centering coordinates using center of mass of atoms in mask (:1-192) to
	coordinate origin.
  [image familiar com :1-192]
    IMAGE: By molecule to box center based on first atom position using all atoms
           Triclinic On, familiar shape centering on atoms in mask :1-192.
  [trajout closed_1_md3.rst7 restart]
	Writing 'closed_1_md3.rst7' as Amber Restart
  [run]
---------- RUN BEGIN -------------------------------------------------

PARAMETER FILES (1 total):
 0: closed10.parm7, 43615 atoms, 13833 res, box: Trunc. Oct., 13647 mol, 13583 solvent

INPUT TRAJECTORIES (1 total):
 0: 'TEMP_closed_1_md3.rst7' is a NetCDF AMBER restart file, with velocities, Parm closed10.parm7 (Trunc. Oct. box) (reading 1 of 1)
  Coordinate processing will occur on 1 frames.

OUTPUT TRAJECTORIES (1 total):
  'closed_1_md3.rst7' (1 frames) is an AMBER restart file

BEGIN TRAJECTORY PROCESSING:
.....................................................
ACTION SETUP FOR PARM 'closed10.parm7' (2 actions):
  0: [center :1-192 mass origin]
	Mask [:1-192] corresponds to 2808 atoms.
  1: [image familiar com :1-192]
	Mask [*] corresponds to 43615 atoms.
	Number of molecules to be imaged is 13647
	com: mask [:1-192] contains 2808 atoms.
----- TEMP_closed_1_md3.rst7 (1-1, 1) -----
100% Complete.

Read 1 frames and processed 1 frames.
TIME: Avg. throughput= 5.8549 frames / second.

ACTION OUTPUT:

RUN TIMING:
TIME:		Init               : 0.0000 s (  0.01%)
TIME:		Trajectory Process : 0.1708 s ( 99.98%)
TIME:		Action Post        : 0.0000 s (  0.00%)
TIME:		Analysis           : 0.0000 s (  0.00%)
TIME:		Data File Write    : 0.0000 s (  0.00%)
TIME:		Other              : 0.0000 s (  0.00%)
TIME:	Run Total 0.1708 s
---------- RUN END ---------------------------------------------------
TIME: Total execution time: 0.2557 seconds.
--------------------------------------------------------------------------------
To cite CPPTRAJ use:
Daniel R. Roe and Thomas E. Cheatham, III, "PTRAJ and CPPTRAJ: Software for
  Processing and Analysis of Molecular Dynamics Trajectory Data". J. Chem.
  Theory Comput., 2013, 9 (7), pp 3084-3095.

Note: The following floating-point exceptions are signalling: IEEE_UNDERFLOW_FLAG IEEE_DENORMAL

CPPTRAJ: Trajectory Analysis. V17.00
    ___  ___  ___  ___
     | \/ | \/ | \/ | 
    _|_/\_|_/\_|_/\_|_

| Date/time: 01/30/18 18:18:23
| Available memory: 108.263 GB

INPUT: Reading input from 'STDIN'
  [parm closed10.parm7]
	Reading 'closed10.parm7' as Amber Topology
	Radius Set: modified Bondi radii (mbondi)
  [trajin TEMP_closed_1_md4.rst7]
	Reading 'TEMP_closed_1_md4.rst7' as Amber NC Restart
  [center :1-192 mass origin]
    CENTER: Centering coordinates using center of mass of atoms in mask (:1-192) to
	coordinate origin.
  [image familiar com :1-192]
    IMAGE: By molecule to box center based on first atom position using all atoms
           Triclinic On, familiar shape centering on atoms in mask :1-192.
  [trajout closed_1_md4.rst7 restart]
	Writing 'closed_1_md4.rst7' as Amber Restart
  [run]
---------- RUN BEGIN -------------------------------------------------

PARAMETER FILES (1 total):
 0: closed10.parm7, 43615 atoms, 13833 res, box: Trunc. Oct., 13647 mol, 13583 solvent

INPUT TRAJECTORIES (1 total):
 0: 'TEMP_closed_1_md4.rst7' is a NetCDF AMBER restart file, with velocities, Parm closed10.parm7 (Trunc. Oct. box) (reading 1 of 1)
  Coordinate processing will occur on 1 frames.

OUTPUT TRAJECTORIES (1 total):
  'closed_1_md4.rst7' (1 frames) is an AMBER restart file

BEGIN TRAJECTORY PROCESSING:
.....................................................
ACTION SETUP FOR PARM 'closed10.parm7' (2 actions):
  0: [center :1-192 mass origin]
	Mask [:1-192] corresponds to 2808 atoms.
  1: [image familiar com :1-192]
	Mask [*] corresponds to 43615 atoms.
	Number of molecules to be imaged is 13647
	com: mask [:1-192] contains 2808 atoms.
----- TEMP_closed_1_md4.rst7 (1-1, 1) -----
100% Complete.

Read 1 frames and processed 1 frames.
TIME: Avg. throughput= 8.1403 frames / second.

ACTION OUTPUT:

RUN TIMING:
TIME:		Init               : 0.0000 s (  0.01%)
TIME:		Trajectory Process : 0.1228 s ( 99.98%)
TIME:		Action Post        : 0.0000 s (  0.00%)
TIME:		Analysis           : 0.0000 s (  0.00%)
TIME:		Data File Write    : 0.0000 s (  0.00%)
TIME:		Other              : 0.0000 s (  0.00%)
TIME:	Run Total 0.1229 s
---------- RUN END ---------------------------------------------------
TIME: Total execution time: 0.1930 seconds.
--------------------------------------------------------------------------------
To cite CPPTRAJ use:
Daniel R. Roe and Thomas E. Cheatham, III, "PTRAJ and CPPTRAJ: Software for
  Processing and Analysis of Molecular Dynamics Trajectory Data". J. Chem.
  Theory Comput., 2013, 9 (7), pp 3084-3095.

Note: The following floating-point exceptions are signalling: IEEE_UNDERFLOW_FLAG IEEE_DENORMAL

CPPTRAJ: Trajectory Analysis. V17.00
    ___  ___  ___  ___
     | \/ | \/ | \/ | 
    _|_/\_|_/\_|_/\_|_

| Date/time: 01/31/18 19:03:13
| Available memory: 108.221 GB

INPUT: Reading input from 'STDIN'
  [parm closed10.parm7]
	Reading 'closed10.parm7' as Amber Topology
	Radius Set: modified Bondi radii (mbondi)
  [trajin TEMP_closed_1_md5.rst7]
	Reading 'TEMP_closed_1_md5.rst7' as Amber NC Restart
  [center :1-192 mass origin]
    CENTER: Centering coordinates using center of mass of atoms in mask (:1-192) to
	coordinate origin.
  [image familiar com :1-192]
    IMAGE: By molecule to box center based on first atom position using all atoms
           Triclinic On, familiar shape centering on atoms in mask :1-192.
  [trajout closed_1_md5.rst7 restart]
	Writing 'closed_1_md5.rst7' as Amber Restart
  [run]
---------- RUN BEGIN -------------------------------------------------

PARAMETER FILES (1 total):
 0: closed10.parm7, 43615 atoms, 13833 res, box: Trunc. Oct., 13647 mol, 13583 solvent

INPUT TRAJECTORIES (1 total):
 0: 'TEMP_closed_1_md5.rst7' is a NetCDF AMBER restart file, with velocities, Parm closed10.parm7 (Trunc. Oct. box) (reading 1 of 1)
  Coordinate processing will occur on 1 frames.

OUTPUT TRAJECTORIES (1 total):
  'closed_1_md5.rst7' (1 frames) is an AMBER restart file

BEGIN TRAJECTORY PROCESSING:
.....................................................
ACTION SETUP FOR PARM 'closed10.parm7' (2 actions):
  0: [center :1-192 mass origin]
	Mask [:1-192] corresponds to 2808 atoms.
  1: [image familiar com :1-192]
	Mask [*] corresponds to 43615 atoms.
	Number of molecules to be imaged is 13647
	com: mask [:1-192] contains 2808 atoms.
----- TEMP_closed_1_md5.rst7 (1-1, 1) -----
100% Complete.

Read 1 frames and processed 1 frames.
TIME: Avg. throughput= 7.7803 frames / second.

ACTION OUTPUT:

RUN TIMING:
TIME:		Init               : 0.0000 s (  0.01%)
TIME:		Trajectory Process : 0.1285 s ( 99.97%)
TIME:		Action Post        : 0.0000 s (  0.00%)
TIME:		Analysis           : 0.0000 s (  0.00%)
TIME:		Data File Write    : 0.0000 s (  0.00%)
TIME:		Other              : 0.0000 s (  0.00%)
TIME:	Run Total 0.1286 s
---------- RUN END ---------------------------------------------------
TIME: Total execution time: 0.2034 seconds.
--------------------------------------------------------------------------------
To cite CPPTRAJ use:
Daniel R. Roe and Thomas E. Cheatham, III, "PTRAJ and CPPTRAJ: Software for
  Processing and Analysis of Molecular Dynamics Trajectory Data". J. Chem.
  Theory Comput., 2013, 9 (7), pp 3084-3095.

