
The following have been reloaded with a version change:
  1) OpenMPI/1.10.3-GCC-5.4.0-2.26 => OpenMPI/2.0.1-gcccuda-2016.10
  2) hwloc/1.11.3-GCC-5.4.0-2.26 => hwloc/1.11.4-gcccuda-2016.10
  3) numactl/2.0.11-GCC-5.4.0-2.26 => numactl/2.0.11-gcccuda-2016.10

STOP PMEMD Terminated Abnormally!
Error: '*' encountered (atom 43271 Z). This indicates coordinate overflow.
Error: '*' encountered (atom 43272 Z). This indicates coordinate overflow.
Error: '*' encountered (atom 43273 Z). This indicates coordinate overflow.

CPPTRAJ: Trajectory Analysis. V17.00
    ___  ___  ___  ___
     | \/ | \/ | \/ | 
    _|_/\_|_/\_|_/\_|_

| Date/time: 06/25/18 16:34:48
| Available memory: 105.873 GB

INPUT: Reading input from 'STDIN'
  [parm closed10_HMR.parm7]
	Reading 'closed10_HMR.parm7' as Amber Topology
	Radius Set: modified Bondi radii (mbondi)
  [trajin TEMP_closed_4_md1.rst7]
	Reading 'TEMP_closed_4_md1.rst7' as Amber Restart
  [center :1-192 mass origin]
    CENTER: Centering coordinates using center of mass of atoms in mask (:1-192) to
	coordinate origin.
  [image familiar com :1-192]
    IMAGE: By molecule to box center based on first atom position using all atoms
           Triclinic On, familiar shape centering on atoms in mask :1-192.
  [trajout closed_4_md1.rst7 restart]
	Writing 'closed_4_md1.rst7' as Amber Restart
  [run]
---------- RUN BEGIN -------------------------------------------------

PARAMETER FILES (1 total):
 0: closed10_HMR.parm7, 43615 atoms, 13833 res, box: Trunc. Oct., 13647 mol, 13583 solvent

INPUT TRAJECTORIES (1 total):
 0: 'TEMP_closed_4_md1.rst7' is an AMBER restart file with velocity info, Parm closed10_HMR.parm7 (Trunc. Oct. box) (reading 1 of 1)
  Coordinate processing will occur on 1 frames.

OUTPUT TRAJECTORIES (1 total):
  'closed_4_md1.rst7' (1 frames) is an AMBER restart file

BEGIN TRAJECTORY PROCESSING:
.....................................................
ACTION SETUP FOR PARM 'closed10_HMR.parm7' (2 actions):
  0: [center :1-192 mass origin]
	Mask [:1-192] corresponds to 2808 atoms.
  1: [image familiar com :1-192]
	Mask [*] corresponds to 43615 atoms.
	Number of molecules to be imaged is 13647
	com: mask [:1-192] contains 2808 atoms.
----- TEMP_closed_4_md1.rst7 (1-1, 1) -----
100% Complete.

Read 1 frames and processed 1 frames.
TIME: Avg. throughput= 7.0654 frames / second.

ACTION OUTPUT:

RUN TIMING:
TIME:		Init               : 0.0000 s (  0.01%)
TIME:		Trajectory Process : 0.1415 s ( 99.91%)
TIME:		Action Post        : 0.0000 s (  0.00%)
TIME:		Analysis           : 0.0000 s (  0.00%)
TIME:		Data File Write    : 0.0000 s (  0.00%)
TIME:		Other              : 0.0001 s (  0.00%)
TIME:	Run Total 0.1417 s
---------- RUN END ---------------------------------------------------
TIME: Total execution time: 0.6050 seconds.
--------------------------------------------------------------------------------
To cite CPPTRAJ use:
Daniel R. Roe and Thomas E. Cheatham, III, "PTRAJ and CPPTRAJ: Software for
  Processing and Analysis of Molecular Dynamics Trajectory Data". J. Chem.
  Theory Comput., 2013, 9 (7), pp 3084-3095.

ERROR: Calculation halted.  Periodic box dimensions have changed too much from their initial values.
  Your system density has likely changed by a large amount, probably from
  starting the simulation from a structure a long way from equilibrium.

  [Although this error can also occur if the simulation has blown up for some reason]

  The GPU code does not automatically reorganize grid cells and thus you
  will need to restart the calculation from the previous restart file.
  This will generate new grid cells and allow the calculation to continue.
  It may be necessary to repeat this restarting multiple times if your system
  is a long way from an equilibrated density.

  Alternatively you can run with the CPU code until the density has converged
  and then switch back to the GPU code.

cp: cannot stat 'closed_4_md2.rst7': No such file or directory
mv: cannot stat 'closed_4_md2.rst7': No such file or directory
Error: Could not determine trajectory TEMP_closed_4_md2.rst7 format.
Error: Could not set up input trajectory 'TEMP_closed_4_md2.rst7'.
	1 errors encountered reading input.
Error: Error(s) occurred during execution.

CPPTRAJ: Trajectory Analysis. V17.00
    ___  ___  ___  ___
     | \/ | \/ | \/ | 
    _|_/\_|_/\_|_/\_|_

| Date/time: 06/25/18 16:34:51
| Available memory: 105.453 GB

INPUT: Reading input from 'STDIN'
  [parm closed10_HMR.parm7]
	Reading 'closed10_HMR.parm7' as Amber Topology
	Radius Set: modified Bondi radii (mbondi)
  [trajin TEMP_closed_4_md2.rst7]
TIME: Total execution time: 0.0653 seconds.

STOP PMEMD Terminated Abnormally!

  Unit    9 Error on OPEN: closed_4_md2.rst7                                                                                                                                                                                                                                               
cp: cannot stat 'closed_4_md3.rst7': No such file or directory
mv: cannot stat 'closed_4_md3.rst7': No such file or directory
Error: 'TEMP_closed_4_md3.rst7': No such file or directory
Error: Could not set up input trajectory 'TEMP_closed_4_md3.rst7'.
	1 errors encountered reading input.
Error: Error(s) occurred during execution.

CPPTRAJ: Trajectory Analysis. V17.00
    ___  ___  ___  ___
     | \/ | \/ | \/ | 
    _|_/\_|_/\_|_/\_|_

| Date/time: 06/25/18 16:34:56
| Available memory: 105.577 GB

INPUT: Reading input from 'STDIN'
  [parm closed10_HMR.parm7]
	Reading 'closed10_HMR.parm7' as Amber Topology
	Radius Set: modified Bondi radii (mbondi)
  [trajin TEMP_closed_4_md3.rst7]
TIME: Total execution time: 0.0790 seconds.

STOP PMEMD Terminated Abnormally!

  Unit    9 Error on OPEN: closed_4_md3.rst7                                                                                                                                                                                                                                               
cp: cannot stat 'closed_4_md4.rst7': No such file or directory
mv: cannot stat 'closed_4_md4.rst7': No such file or directory
Error: 'TEMP_closed_4_md4.rst7': No such file or directory
Error: Could not set up input trajectory 'TEMP_closed_4_md4.rst7'.
	1 errors encountered reading input.
Error: Error(s) occurred during execution.

CPPTRAJ: Trajectory Analysis. V17.00
    ___  ___  ___  ___
     | \/ | \/ | \/ | 
    _|_/\_|_/\_|_/\_|_

| Date/time: 06/25/18 16:34:59
| Available memory: 105.838 GB

INPUT: Reading input from 'STDIN'
  [parm closed10_HMR.parm7]
	Reading 'closed10_HMR.parm7' as Amber Topology
	Radius Set: modified Bondi radii (mbondi)
  [trajin TEMP_closed_4_md4.rst7]
TIME: Total execution time: 0.1202 seconds.

STOP PMEMD Terminated Abnormally!

  Unit    9 Error on OPEN: closed_4_md4.rst7                                                                                                                                                                                                                                               
cp: cannot stat 'closed_4_md5.rst7': No such file or directory
mv: cannot stat 'closed_4_md5.rst7': No such file or directory
Error: 'TEMP_closed_4_md5.rst7': No such file or directory
Error: Could not set up input trajectory 'TEMP_closed_4_md5.rst7'.
	1 errors encountered reading input.
Error: Error(s) occurred during execution.

CPPTRAJ: Trajectory Analysis. V17.00
    ___  ___  ___  ___
     | \/ | \/ | \/ | 
    _|_/\_|_/\_|_/\_|_

| Date/time: 06/25/18 16:35:01
| Available memory: 105.874 GB

INPUT: Reading input from 'STDIN'
  [parm closed10_HMR.parm7]
	Reading 'closed10_HMR.parm7' as Amber Topology
	Radius Set: modified Bondi radii (mbondi)
  [trajin TEMP_closed_4_md5.rst7]
TIME: Total execution time: 0.0667 seconds.

