/tmp/slurmd/job641051/slurm_script: line 18: cd: /mnt/storage/home/el14718/el14718/10-ALKEIG/1-open/2-MD1/3: No such file or directory

CPPTRAJ: Trajectory Analysis. V17.00
    ___  ___  ___  ___
     | \/ | \/ | \/ | 
    _|_/\_|_/\_|_/\_|_

| Date/time: 12/09/17 00:50:53
| Available memory: 108.184 GB

INPUT: Reading input from 'STDIN'
  [parm open10.parm7]
	Reading 'open10.parm7' as Amber Topology
	Radius Set: modified Bondi radii (mbondi)
  [trajin TEMP_open_3_min1.rst7]
	Reading 'TEMP_open_3_min1.rst7' as Amber Restart
  [center :1-192 mass origin]
    CENTER: Centering coordinates using center of mass of atoms in mask (:1-192) to
	coordinate origin.
  [image familiar com :1-192]
    IMAGE: By molecule to box center based on first atom position using all atoms
           Triclinic On, familiar shape centering on atoms in mask :1-192.
  [trajout open_3_min1.rst7 restart]
	Writing 'open_3_min1.rst7' as Amber Restart
  [run]
---------- RUN BEGIN -------------------------------------------------

PARAMETER FILES (1 total):
 0: open10.parm7, 38558 atoms, 12142 res, box: Trunc. Oct., 11956 mol, 11900 solvent

INPUT TRAJECTORIES (1 total):
 0: 'TEMP_open_3_min1.rst7' is an AMBER restart file, no velocities, Parm open10.parm7 (Trunc. Oct. box) (reading 1 of 1)
  Coordinate processing will occur on 1 frames.

OUTPUT TRAJECTORIES (1 total):
  'open_3_min1.rst7' (1 frames) is an AMBER restart file

BEGIN TRAJECTORY PROCESSING:
.....................................................
ACTION SETUP FOR PARM 'open10.parm7' (2 actions):
  0: [center :1-192 mass origin]
	Mask [:1-192] corresponds to 2808 atoms.
  1: [image familiar com :1-192]
	Mask [*] corresponds to 38558 atoms.
	Number of molecules to be imaged is 11956
	com: mask [:1-192] contains 2808 atoms.
----- TEMP_open_3_min1.rst7 (1-1, 1) -----
100% Complete.

Read 1 frames and processed 1 frames.
TIME: Avg. throughput= 12.0454 frames / second.

ACTION OUTPUT:

RUN TIMING:
TIME:		Init               : 0.0000 s (  0.02%)
TIME:		Trajectory Process : 0.0830 s ( 99.75%)
TIME:		Action Post        : 0.0000 s (  0.00%)
TIME:		Analysis           : 0.0000 s (  0.00%)
TIME:		Data File Write    : 0.0000 s (  0.00%)
TIME:		Other              : 0.0002 s (  0.00%)
TIME:	Run Total 0.0832 s
---------- RUN END ---------------------------------------------------
TIME: Total execution time: 0.1776 seconds.
--------------------------------------------------------------------------------
To cite CPPTRAJ use:
Daniel R. Roe and Thomas E. Cheatham, III, "PTRAJ and CPPTRAJ: Software for
  Processing and Analysis of Molecular Dynamics Trajectory Data". J. Chem.
  Theory Comput., 2013, 9 (7), pp 3084-3095.


CPPTRAJ: Trajectory Analysis. V17.00
    ___  ___  ___  ___
     | \/ | \/ | \/ | 
    _|_/\_|_/\_|_/\_|_

| Date/time: 12/09/17 00:50:58
| Available memory: 108.184 GB

INPUT: Reading input from 'STDIN'
  [parm open10.parm7]
	Reading 'open10.parm7' as Amber Topology
	Radius Set: modified Bondi radii (mbondi)
  [trajin TEMP_open_3_min2.rst7]
	Reading 'TEMP_open_3_min2.rst7' as Amber Restart
  [center :1-192 mass origin]
    CENTER: Centering coordinates using center of mass of atoms in mask (:1-192) to
	coordinate origin.
  [image familiar com :1-192]
    IMAGE: By molecule to box center based on first atom position using all atoms
           Triclinic On, familiar shape centering on atoms in mask :1-192.
  [trajout open_3_min2.rst7 restart]
	Writing 'open_3_min2.rst7' as Amber Restart
  [run]
---------- RUN BEGIN -------------------------------------------------

PARAMETER FILES (1 total):
 0: open10.parm7, 38558 atoms, 12142 res, box: Trunc. Oct., 11956 mol, 11900 solvent

INPUT TRAJECTORIES (1 total):
 0: 'TEMP_open_3_min2.rst7' is an AMBER restart file, no velocities, Parm open10.parm7 (Trunc. Oct. box) (reading 1 of 1)
  Coordinate processing will occur on 1 frames.

OUTPUT TRAJECTORIES (1 total):
  'open_3_min2.rst7' (1 frames) is an AMBER restart file

BEGIN TRAJECTORY PROCESSING:
.....................................................
ACTION SETUP FOR PARM 'open10.parm7' (2 actions):
  0: [center :1-192 mass origin]
	Mask [:1-192] corresponds to 2808 atoms.
  1: [image familiar com :1-192]
	Mask [*] corresponds to 38558 atoms.
	Number of molecules to be imaged is 11956
	com: mask [:1-192] contains 2808 atoms.
----- TEMP_open_3_min2.rst7 (1-1, 1) -----
100% Complete.

Read 1 frames and processed 1 frames.
TIME: Avg. throughput= 12.2293 frames / second.

ACTION OUTPUT:

RUN TIMING:
TIME:		Init               : 0.0000 s (  0.02%)
TIME:		Trajectory Process : 0.0818 s ( 99.79%)
TIME:		Action Post        : 0.0000 s (  0.00%)
TIME:		Analysis           : 0.0000 s (  0.00%)
TIME:		Data File Write    : 0.0000 s (  0.00%)
TIME:		Other              : 0.0002 s (  0.00%)
TIME:	Run Total 0.0819 s
---------- RUN END ---------------------------------------------------
TIME: Total execution time: 0.1704 seconds.
--------------------------------------------------------------------------------
To cite CPPTRAJ use:
Daniel R. Roe and Thomas E. Cheatham, III, "PTRAJ and CPPTRAJ: Software for
  Processing and Analysis of Molecular Dynamics Trajectory Data". J. Chem.
  Theory Comput., 2013, 9 (7), pp 3084-3095.


CPPTRAJ: Trajectory Analysis. V17.00
    ___  ___  ___  ___
     | \/ | \/ | \/ | 
    _|_/\_|_/\_|_/\_|_

| Date/time: 12/09/17 00:51:02
| Available memory: 108.183 GB

INPUT: Reading input from 'STDIN'
  [parm open10.parm7]
	Reading 'open10.parm7' as Amber Topology
	Radius Set: modified Bondi radii (mbondi)
  [trajin TEMP_open_3_min3.rst7]
	Reading 'TEMP_open_3_min3.rst7' as Amber Restart
  [center :1-192 mass origin]
    CENTER: Centering coordinates using center of mass of atoms in mask (:1-192) to
	coordinate origin.
  [image familiar com :1-192]
    IMAGE: By molecule to box center based on first atom position using all atoms
           Triclinic On, familiar shape centering on atoms in mask :1-192.
  [trajout open_3_min3.rst7 restart]
	Writing 'open_3_min3.rst7' as Amber Restart
  [run]
---------- RUN BEGIN -------------------------------------------------

PARAMETER FILES (1 total):
 0: open10.parm7, 38558 atoms, 12142 res, box: Trunc. Oct., 11956 mol, 11900 solvent

INPUT TRAJECTORIES (1 total):
 0: 'TEMP_open_3_min3.rst7' is an AMBER restart file, no velocities, Parm open10.parm7 (Trunc. Oct. box) (reading 1 of 1)
  Coordinate processing will occur on 1 frames.

OUTPUT TRAJECTORIES (1 total):
  'open_3_min3.rst7' (1 frames) is an AMBER restart file

BEGIN TRAJECTORY PROCESSING:
.....................................................
ACTION SETUP FOR PARM 'open10.parm7' (2 actions):
  0: [center :1-192 mass origin]
	Mask [:1-192] corresponds to 2808 atoms.
  1: [image familiar com :1-192]
	Mask [*] corresponds to 38558 atoms.
	Number of molecules to be imaged is 11956
	com: mask [:1-192] contains 2808 atoms.
----- TEMP_open_3_min3.rst7 (1-1, 1) -----
100% Complete.

Read 1 frames and processed 1 frames.
TIME: Avg. throughput= 14.9056 frames / second.

ACTION OUTPUT:

RUN TIMING:
TIME:		Init               : 0.0000 s (  0.02%)
TIME:		Trajectory Process : 0.0671 s ( 99.90%)
TIME:		Action Post        : 0.0000 s (  0.00%)
TIME:		Analysis           : 0.0000 s (  0.00%)
TIME:		Data File Write    : 0.0000 s (  0.00%)
TIME:		Other              : 0.0001 s (  0.00%)
TIME:	Run Total 0.0672 s
---------- RUN END ---------------------------------------------------
TIME: Total execution time: 0.1519 seconds.
--------------------------------------------------------------------------------
To cite CPPTRAJ use:
Daniel R. Roe and Thomas E. Cheatham, III, "PTRAJ and CPPTRAJ: Software for
  Processing and Analysis of Molecular Dynamics Trajectory Data". J. Chem.
  Theory Comput., 2013, 9 (7), pp 3084-3095.


CPPTRAJ: Trajectory Analysis. V17.00
    ___  ___  ___  ___
     | \/ | \/ | \/ | 
    _|_/\_|_/\_|_/\_|_

| Date/time: 12/09/17 00:51:25
| Available memory: 108.184 GB

INPUT: Reading input from 'STDIN'
  [parm open10.parm7]
	Reading 'open10.parm7' as Amber Topology
	Radius Set: modified Bondi radii (mbondi)
  [trajin TEMP_open_3_min4.rst7]
	Reading 'TEMP_open_3_min4.rst7' as Amber Restart
  [center :1-192 mass origin]
    CENTER: Centering coordinates using center of mass of atoms in mask (:1-192) to
	coordinate origin.
  [image familiar com :1-192]
    IMAGE: By molecule to box center based on first atom position using all atoms
           Triclinic On, familiar shape centering on atoms in mask :1-192.
  [trajout open_3_min4.rst7 restart]
	Writing 'open_3_min4.rst7' as Amber Restart
  [run]
---------- RUN BEGIN -------------------------------------------------

PARAMETER FILES (1 total):
 0: open10.parm7, 38558 atoms, 12142 res, box: Trunc. Oct., 11956 mol, 11900 solvent

INPUT TRAJECTORIES (1 total):
 0: 'TEMP_open_3_min4.rst7' is an AMBER restart file, no velocities, Parm open10.parm7 (Trunc. Oct. box) (reading 1 of 1)
  Coordinate processing will occur on 1 frames.

OUTPUT TRAJECTORIES (1 total):
  'open_3_min4.rst7' (1 frames) is an AMBER restart file

BEGIN TRAJECTORY PROCESSING:
.....................................................
ACTION SETUP FOR PARM 'open10.parm7' (2 actions):
  0: [center :1-192 mass origin]
	Mask [:1-192] corresponds to 2808 atoms.
  1: [image familiar com :1-192]
	Mask [*] corresponds to 38558 atoms.
	Number of molecules to be imaged is 11956
	com: mask [:1-192] contains 2808 atoms.
----- TEMP_open_3_min4.rst7 (1-1, 1) -----
100% Complete.

Read 1 frames and processed 1 frames.
TIME: Avg. throughput= 11.5247 frames / second.

ACTION OUTPUT:

RUN TIMING:
TIME:		Init               : 0.0000 s (  0.02%)
TIME:		Trajectory Process : 0.0868 s ( 99.72%)
TIME:		Action Post        : 0.0000 s (  0.00%)
TIME:		Analysis           : 0.0000 s (  0.00%)
TIME:		Data File Write    : 0.0000 s (  0.00%)
TIME:		Other              : 0.0002 s (  0.00%)
TIME:	Run Total 0.0870 s
---------- RUN END ---------------------------------------------------
TIME: Total execution time: 0.1901 seconds.
--------------------------------------------------------------------------------
To cite CPPTRAJ use:
Daniel R. Roe and Thomas E. Cheatham, III, "PTRAJ and CPPTRAJ: Software for
  Processing and Analysis of Molecular Dynamics Trajectory Data". J. Chem.
  Theory Comput., 2013, 9 (7), pp 3084-3095.


CPPTRAJ: Trajectory Analysis. V17.00
    ___  ___  ___  ___
     | \/ | \/ | \/ | 
    _|_/\_|_/\_|_/\_|_

| Date/time: 12/09/17 00:52:04
| Available memory: 108.181 GB

INPUT: Reading input from 'STDIN'
  [parm open10.parm7]
	Reading 'open10.parm7' as Amber Topology
	Radius Set: modified Bondi radii (mbondi)
  [trajin TEMP_open_3_min5.rst7]
	Reading 'TEMP_open_3_min5.rst7' as Amber Restart
  [center :1-192 mass origin]
    CENTER: Centering coordinates using center of mass of atoms in mask (:1-192) to
	coordinate origin.
  [image familiar com :1-192]
    IMAGE: By molecule to box center based on first atom position using all atoms
           Triclinic On, familiar shape centering on atoms in mask :1-192.
  [trajout open_3_min5.rst7 restart]
	Writing 'open_3_min5.rst7' as Amber Restart
  [run]
---------- RUN BEGIN -------------------------------------------------

PARAMETER FILES (1 total):
 0: open10.parm7, 38558 atoms, 12142 res, box: Trunc. Oct., 11956 mol, 11900 solvent

INPUT TRAJECTORIES (1 total):
 0: 'TEMP_open_3_min5.rst7' is an AMBER restart file, no velocities, Parm open10.parm7 (Trunc. Oct. box) (reading 1 of 1)
  Coordinate processing will occur on 1 frames.

OUTPUT TRAJECTORIES (1 total):
  'open_3_min5.rst7' (1 frames) is an AMBER restart file

BEGIN TRAJECTORY PROCESSING:
.....................................................
ACTION SETUP FOR PARM 'open10.parm7' (2 actions):
  0: [center :1-192 mass origin]
	Mask [:1-192] corresponds to 2808 atoms.
  1: [image familiar com :1-192]
	Mask [*] corresponds to 38558 atoms.
	Number of molecules to be imaged is 11956
	com: mask [:1-192] contains 2808 atoms.
----- TEMP_open_3_min5.rst7 (1-1, 1) -----
100% Complete.

Read 1 frames and processed 1 frames.
TIME: Avg. throughput= 15.6292 frames / second.

ACTION OUTPUT:

RUN TIMING:
TIME:		Init               : 0.0000 s (  0.02%)
TIME:		Trajectory Process : 0.0640 s ( 99.90%)
TIME:		Action Post        : 0.0000 s (  0.00%)
TIME:		Analysis           : 0.0000 s (  0.00%)
TIME:		Data File Write    : 0.0000 s (  0.00%)
TIME:		Other              : 0.0001 s (  0.00%)
TIME:	Run Total 0.0640 s
---------- RUN END ---------------------------------------------------
TIME: Total execution time: 0.1418 seconds.
--------------------------------------------------------------------------------
To cite CPPTRAJ use:
Daniel R. Roe and Thomas E. Cheatham, III, "PTRAJ and CPPTRAJ: Software for
  Processing and Analysis of Molecular Dynamics Trajectory Data". J. Chem.
  Theory Comput., 2013, 9 (7), pp 3084-3095.


CPPTRAJ: Trajectory Analysis. V17.00
    ___  ___  ___  ___
     | \/ | \/ | \/ | 
    _|_/\_|_/\_|_/\_|_

| Date/time: 12/09/17 00:52:44
| Available memory: 108.178 GB

INPUT: Reading input from 'STDIN'
  [parm open10.parm7]
	Reading 'open10.parm7' as Amber Topology
	Radius Set: modified Bondi radii (mbondi)
  [trajin TEMP_open_3_min6.rst7]
	Reading 'TEMP_open_3_min6.rst7' as Amber Restart
  [center :1-192 mass origin]
    CENTER: Centering coordinates using center of mass of atoms in mask (:1-192) to
	coordinate origin.
  [image familiar com :1-192]
    IMAGE: By molecule to box center based on first atom position using all atoms
           Triclinic On, familiar shape centering on atoms in mask :1-192.
  [trajout open_3_min6.rst7 restart]
	Writing 'open_3_min6.rst7' as Amber Restart
  [run]
---------- RUN BEGIN -------------------------------------------------

PARAMETER FILES (1 total):
 0: open10.parm7, 38558 atoms, 12142 res, box: Trunc. Oct., 11956 mol, 11900 solvent

INPUT TRAJECTORIES (1 total):
 0: 'TEMP_open_3_min6.rst7' is an AMBER restart file, no velocities, Parm open10.parm7 (Trunc. Oct. box) (reading 1 of 1)
  Coordinate processing will occur on 1 frames.

OUTPUT TRAJECTORIES (1 total):
  'open_3_min6.rst7' (1 frames) is an AMBER restart file

BEGIN TRAJECTORY PROCESSING:
.....................................................
ACTION SETUP FOR PARM 'open10.parm7' (2 actions):
  0: [center :1-192 mass origin]
	Mask [:1-192] corresponds to 2808 atoms.
  1: [image familiar com :1-192]
	Mask [*] corresponds to 38558 atoms.
	Number of molecules to be imaged is 11956
	com: mask [:1-192] contains 2808 atoms.
----- TEMP_open_3_min6.rst7 (1-1, 1) -----
100% Complete.

Read 1 frames and processed 1 frames.
TIME: Avg. throughput= 14.8458 frames / second.

ACTION OUTPUT:

RUN TIMING:
TIME:		Init               : 0.0000 s (  0.02%)
TIME:		Trajectory Process : 0.0674 s ( 99.73%)
TIME:		Action Post        : 0.0000 s (  0.00%)
TIME:		Analysis           : 0.0000 s (  0.00%)
TIME:		Data File Write    : 0.0000 s (  0.00%)
TIME:		Other              : 0.0002 s (  0.00%)
TIME:	Run Total 0.0675 s
---------- RUN END ---------------------------------------------------
TIME: Total execution time: 0.1547 seconds.
--------------------------------------------------------------------------------
To cite CPPTRAJ use:
Daniel R. Roe and Thomas E. Cheatham, III, "PTRAJ and CPPTRAJ: Software for
  Processing and Analysis of Molecular Dynamics Trajectory Data". J. Chem.
  Theory Comput., 2013, 9 (7), pp 3084-3095.

Error: an illegal memory access was encountered launching kernel kClearForces
cudaFree GpuBuffer::Deallocate failed an illegal memory access was encountered
Error: Could not determine trajectory TEMP_open_3_heat.rst7 format.
Error: Could not set up input trajectory 'TEMP_open_3_heat.rst7'.
	1 errors encountered reading input.
Error: Error(s) occurred during execution.

CPPTRAJ: Trajectory Analysis. V17.00
    ___  ___  ___  ___
     | \/ | \/ | \/ | 
    _|_/\_|_/\_|_/\_|_

| Date/time: 12/09/17 00:52:47
| Available memory: 108.175 GB

INPUT: Reading input from 'STDIN'
  [parm open10.parm7]
	Reading 'open10.parm7' as Amber Topology
	Radius Set: modified Bondi radii (mbondi)
  [trajin TEMP_open_3_heat.rst7]
TIME: Total execution time: 0.0567 seconds.

STOP PMEMD Terminated Abnormally!

  Unit    9 Error on OPEN: open_3_heat.rst7                                                                                                                                                                                                                                                
cp: cannot stat 'open_3_eq1.rst7': No such file or directory
mv: cannot stat 'open_3_eq1.rst7': No such file or directory
Error: 'TEMP_open_3_eq1.rst7': No such file or directory
Error: Could not set up input trajectory 'TEMP_open_3_eq1.rst7'.
	1 errors encountered reading input.
Error: Error(s) occurred during execution.

CPPTRAJ: Trajectory Analysis. V17.00
    ___  ___  ___  ___
     | \/ | \/ | \/ | 
    _|_/\_|_/\_|_/\_|_

| Date/time: 12/09/17 00:52:48
| Available memory: 108.176 GB

INPUT: Reading input from 'STDIN'
  [parm open10.parm7]
	Reading 'open10.parm7' as Amber Topology
	Radius Set: modified Bondi radii (mbondi)
  [trajin TEMP_open_3_eq1.rst7]
TIME: Total execution time: 0.0542 seconds.

STOP PMEMD Terminated Abnormally!

  Unit    9 Error on OPEN: open_3_eq1.rst7                                                                                                                                                                                                                                                 
cp: cannot stat 'open_3_eq2.rst7': No such file or directory
mv: cannot stat 'open_3_eq2.rst7': No such file or directory
Error: 'TEMP_open_3_eq2.rst7': No such file or directory
Error: Could not set up input trajectory 'TEMP_open_3_eq2.rst7'.
	1 errors encountered reading input.
Error: Error(s) occurred during execution.

CPPTRAJ: Trajectory Analysis. V17.00
    ___  ___  ___  ___
     | \/ | \/ | \/ | 
    _|_/\_|_/\_|_/\_|_

| Date/time: 12/09/17 00:52:50
| Available memory: 108.177 GB

INPUT: Reading input from 'STDIN'
  [parm open10.parm7]
	Reading 'open10.parm7' as Amber Topology
	Radius Set: modified Bondi radii (mbondi)
  [trajin TEMP_open_3_eq2.rst7]
TIME: Total execution time: 0.0550 seconds.

STOP PMEMD Terminated Abnormally!

  Unit    9 Error on OPEN: open_3_eq2.rst7                                                                                                                                                                                                                                                 
cp: cannot stat 'open_3_eq3.rst7': No such file or directory
mv: cannot stat 'open_3_eq3.rst7': No such file or directory
Error: 'TEMP_open_3_eq3.rst7': No such file or directory
Error: Could not set up input trajectory 'TEMP_open_3_eq3.rst7'.
	1 errors encountered reading input.
Error: Error(s) occurred during execution.

CPPTRAJ: Trajectory Analysis. V17.00
    ___  ___  ___  ___
     | \/ | \/ | \/ | 
    _|_/\_|_/\_|_/\_|_

| Date/time: 12/09/17 00:52:51
| Available memory: 108.178 GB

INPUT: Reading input from 'STDIN'
  [parm open10.parm7]
	Reading 'open10.parm7' as Amber Topology
	Radius Set: modified Bondi radii (mbondi)
  [trajin TEMP_open_3_eq3.rst7]
TIME: Total execution time: 0.0529 seconds.

STOP PMEMD Terminated Abnormally!

  Unit    9 Error on OPEN: open_3_eq3.rst7                                                                                                                                                                                                                                                 
cp: cannot stat 'open_3_eq4.rst7': No such file or directory
mv: cannot stat 'open_3_eq4.rst7': No such file or directory
Error: 'TEMP_open_3_eq4.rst7': No such file or directory
Error: Could not set up input trajectory 'TEMP_open_3_eq4.rst7'.
	1 errors encountered reading input.
Error: Error(s) occurred during execution.

CPPTRAJ: Trajectory Analysis. V17.00
    ___  ___  ___  ___
     | \/ | \/ | \/ | 
    _|_/\_|_/\_|_/\_|_

| Date/time: 12/09/17 00:52:52
| Available memory: 108.175 GB

INPUT: Reading input from 'STDIN'
  [parm open10.parm7]
	Reading 'open10.parm7' as Amber Topology
	Radius Set: modified Bondi radii (mbondi)
  [trajin TEMP_open_3_eq4.rst7]
TIME: Total execution time: 0.0604 seconds.

STOP PMEMD Terminated Abnormally!

  Unit    9 Error on OPEN: open_3_eq4.rst7                                                                                                                                                                                                                                                 
cp: cannot stat 'open_3_eq5.rst7': No such file or directory
mv: cannot stat 'open_3_eq5.rst7': No such file or directory
Error: 'TEMP_open_3_eq5.rst7': No such file or directory
Error: Could not set up input trajectory 'TEMP_open_3_eq5.rst7'.
	1 errors encountered reading input.
Error: Error(s) occurred during execution.

CPPTRAJ: Trajectory Analysis. V17.00
    ___  ___  ___  ___
     | \/ | \/ | \/ | 
    _|_/\_|_/\_|_/\_|_

| Date/time: 12/09/17 00:52:54
| Available memory: 108.178 GB

INPUT: Reading input from 'STDIN'
  [parm open10.parm7]
	Reading 'open10.parm7' as Amber Topology
	Radius Set: modified Bondi radii (mbondi)
  [trajin TEMP_open_3_eq5.rst7]
TIME: Total execution time: 0.0532 seconds.

STOP PMEMD Terminated Abnormally!

  Unit    9 Error on OPEN: open_3_eq5.rst7                                                                                                                                                                                                                                                 
cp: cannot stat 'open_3_eq6.rst7': No such file or directory
mv: cannot stat 'open_3_eq6.rst7': No such file or directory
Error: 'TEMP_open_3_eq6.rst7': No such file or directory
Error: Could not set up input trajectory 'TEMP_open_3_eq6.rst7'.
	1 errors encountered reading input.
Error: Error(s) occurred during execution.

CPPTRAJ: Trajectory Analysis. V17.00
    ___  ___  ___  ___
     | \/ | \/ | \/ | 
    _|_/\_|_/\_|_/\_|_

| Date/time: 12/09/17 00:52:55
| Available memory: 108.177 GB

INPUT: Reading input from 'STDIN'
  [parm open10.parm7]
	Reading 'open10.parm7' as Amber Topology
	Radius Set: modified Bondi radii (mbondi)
  [trajin TEMP_open_3_eq6.rst7]
TIME: Total execution time: 0.0568 seconds.

STOP PMEMD Terminated Abnormally!

  Unit    9 Error on OPEN: open_3_eq6.rst7                                                                                                                                                                                                                                                 
cp: cannot stat 'open_3_eq7.rst7': No such file or directory
mv: cannot stat 'open_3_eq7.rst7': No such file or directory
Error: 'TEMP_open_3_eq7.rst7': No such file or directory
Error: Could not set up input trajectory 'TEMP_open_3_eq7.rst7'.
	1 errors encountered reading input.
Error: Error(s) occurred during execution.

CPPTRAJ: Trajectory Analysis. V17.00
    ___  ___  ___  ___
     | \/ | \/ | \/ | 
    _|_/\_|_/\_|_/\_|_

| Date/time: 12/09/17 00:52:57
| Available memory: 108.177 GB

INPUT: Reading input from 'STDIN'
  [parm open10.parm7]
	Reading 'open10.parm7' as Amber Topology
	Radius Set: modified Bondi radii (mbondi)
  [trajin TEMP_open_3_eq7.rst7]
TIME: Total execution time: 0.0530 seconds.

STOP PMEMD Terminated Abnormally!

  Unit    9 Error on OPEN: open_3_eq7.rst7                                                                                                                                                                                                                                                 
cp: cannot stat 'open_3_eq8.rst7': No such file or directory
mv: cannot stat 'open_3_eq8.rst7': No such file or directory
Error: 'TEMP_open_3_eq8.rst7': No such file or directory
Error: Could not set up input trajectory 'TEMP_open_3_eq8.rst7'.
	1 errors encountered reading input.
Error: Error(s) occurred during execution.

CPPTRAJ: Trajectory Analysis. V17.00
    ___  ___  ___  ___
     | \/ | \/ | \/ | 
    _|_/\_|_/\_|_/\_|_

| Date/time: 12/09/17 00:52:58
| Available memory: 108.177 GB

INPUT: Reading input from 'STDIN'
  [parm open10.parm7]
	Reading 'open10.parm7' as Amber Topology
	Radius Set: modified Bondi radii (mbondi)
  [trajin TEMP_open_3_eq8.rst7]
TIME: Total execution time: 0.0528 seconds.

