
Program received signal SIGSEGV: Segmentation fault - invalid memory reference.

Backtrace for this error:
--------------------------------------------------------------------------
A process has executed an operation involving a call to the
"fork()" system call to create a child process.  Open MPI is currently
operating in a condition that could result in memory corruption or
other system errors; your job may hang, crash, or produce silent
data corruption.  The use of fork() (or system() or other calls that
create child processes) is strongly discouraged.

The process that invoked fork was:

  Local host:          [[42243,1],1] (PID 21186)

If you are *absolutely sure* that your application will successfully
and correctly survive a call to fork(), you may disable this warning
by setting the mpi_warn_on_fork MCA parameter to 0.
--------------------------------------------------------------------------
#0  0x2AF4D9851DC7
#1  0x2AF4D9850FC0
#2  0x2AF4D9CCD24F
#3  0x4B399E in __nb_exclusions_mod_MOD_nb_adjust
#4  0x4A8D94 in __pme_force_mod_MOD_pme_force
#5  0x4DD252 in __runmin_mod_MOD_runmin_slave
#6  0x50B90D in MAIN__ at pmemd.F90:?
--------------------------------------------------------------------------
mpirun noticed that process rank 1 with PID 21186 on node gpu12 exited on signal 11 (Segmentation fault).
--------------------------------------------------------------------------

Program received signal SIGSEGV: Segmentation fault - invalid memory reference.

Backtrace for this error:
--------------------------------------------------------------------------
A process has executed an operation involving a call to the
"fork()" system call to create a child process.  Open MPI is currently
operating in a condition that could result in memory corruption or
other system errors; your job may hang, crash, or produce silent
data corruption.  The use of fork() (or system() or other calls that
create child processes) is strongly discouraged.

The process that invoked fork was:

  Local host:          [[42129,1],17] (PID 21332)

If you are *absolutely sure* that your application will successfully
and correctly survive a call to fork(), you may disable this warning
by setting the mpi_warn_on_fork MCA parameter to 0.
--------------------------------------------------------------------------
#0  0x2B8C784BFDC7
#1  0x2B8C784BEFC0
#2  0x2B8C7893B24F
#3  0x4B399E in __nb_exclusions_mod_MOD_nb_adjust
#4  0x4A8D94 in __pme_force_mod_MOD_pme_force
#5  0x4DD252 in __runmin_mod_MOD_runmin_slave
#6  0x50B90D in MAIN__ at pmemd.F90:?
--------------------------------------------------------------------------
mpirun noticed that process rank 17 with PID 21332 on node gpu12 exited on signal 11 (Segmentation fault).
--------------------------------------------------------------------------

Program received signal SIGSEGV: Segmentation fault - invalid memory reference.

Program received signal SIGSEGV: Segmentation fault - invalid memory reference.

Backtrace for this error:

Backtrace for this error:
--------------------------------------------------------------------------
A process has executed an operation involving a call to the
"fork()" system call to create a child process.  Open MPI is currently
operating in a condition that could result in memory corruption or
other system errors; your job may hang, crash, or produce silent
data corruption.  The use of fork() (or system() or other calls that
create child processes) is strongly discouraged.

The process that invoked fork was:

  Local host:          [[42001,1],26] (PID 21485)

If you are *absolutely sure* that your application will successfully
and correctly survive a call to fork(), you may disable this warning
by setting the mpi_warn_on_fork MCA parameter to 0.
--------------------------------------------------------------------------
#0  0x2B26086A9DC7
#1  0x2B26086A8FC0
#2  0x2B2608B2524F
#0  0x2AE303E13DC7
#3  0x4B399E in __nb_exclusions_mod_MOD_nb_adjust
#4  0x4A8D94 in __pme_force_mod_MOD_pme_force
#5  0x4DD252 in __runmin_mod_MOD_runmin_slave
#1  0x2AE303E12FC0
#2  0x2AE30428F24F
#3  0x4B399E in __nb_exclusions_mod_MOD_nb_adjust
#4  0x4A8D94 in __pme_force_mod_MOD_pme_force
#5  0x4DD252 in __runmin_mod_MOD_runmin_slave
#6  0x50B90D in MAIN__ at pmemd.F90:?
#6  0x50B90D in MAIN__ at pmemd.F90:?
--------------------------------------------------------------------------
mpirun noticed that process rank 17 with PID 21458 on node gpu12 exited on signal 11 (Segmentation fault).
--------------------------------------------------------------------------
[gpu12.bc4.acrc.priv:21412] 1 more process has sent help message help-opal-runtime.txt / opal_init:warn-fork
[gpu12.bc4.acrc.priv:21412] Set MCA parameter "orte_base_help_aggregate" to 0 to see all help / error messages

Program received signal SIGSEGV: Segmentation fault - invalid memory reference.

Backtrace for this error:
--------------------------------------------------------------------------
A process has executed an operation involving a call to the
"fork()" system call to create a child process.  Open MPI is currently
operating in a condition that could result in memory corruption or
other system errors; your job may hang, crash, or produce silent
data corruption.  The use of fork() (or system() or other calls that
create child processes) is strongly discouraged.

The process that invoked fork was:

  Local host:          [[41918,1],3] (PID 21528)

If you are *absolutely sure* that your application will successfully
and correctly survive a call to fork(), you may disable this warning
by setting the mpi_warn_on_fork MCA parameter to 0.
--------------------------------------------------------------------------

Program received signal SIGSEGV: Segmentation fault - invalid memory reference.

Backtrace for this error:
#0  0x2B9435F29DC7
#1  0x2B9435F28FC0
#2  0x2B94363A524F
#3  0x4B399E in __nb_exclusions_mod_MOD_nb_adjust
#4  0x4A8D94 in __pme_force_mod_MOD_pme_force
#5  0x4DD252 in __runmin_mod_MOD_runmin_slave
#6  0x50B90D in MAIN__ at pmemd.F90:?
#0  0x2AD7ECB29DC7
#1  0x2AD7ECB28FC0
#2  0x2AD7ECFA524F
#3  0x4B399E in __nb_exclusions_mod_MOD_nb_adjust
#4  0x4A8D94 in __pme_force_mod_MOD_pme_force
#5  0x4DD252 in __runmin_mod_MOD_runmin_slave
#6  0x50B90D in MAIN__ at pmemd.F90:?
--------------------------------------------------------------------------
mpirun noticed that process rank 3 with PID 21528 on node gpu12 exited on signal 11 (Segmentation fault).
--------------------------------------------------------------------------
[gpu12.bc4.acrc.priv:21515] 1 more process has sent help message help-opal-runtime.txt / opal_init:warn-fork
[gpu12.bc4.acrc.priv:21515] Set MCA parameter "orte_base_help_aggregate" to 0 to see all help / error messages

Program received signal SIGSEGV: Segmentation fault - invalid memory reference.

Backtrace for this error:

Program received signal SIGSEGV: Segmentation fault - invalid memory reference.

Backtrace for this error:

Program received signal SIGSEGV: Segmentation fault - invalid memory reference.

Backtrace for this error:

Program received signal SIGSEGV: Segmentation fault - invalid memory reference.
--------------------------------------------------------------------------
A process has executed an operation involving a call to the
"fork()" system call to create a child process.  Open MPI is currently
operating in a condition that could result in memory corruption or
other system errors; your job may hang, crash, or produce silent
data corruption.  The use of fork() (or system() or other calls that
create child processes) is strongly discouraged.

The process that invoked fork was:

  Local host:          [[41924,1],0] (PID 21627)

If you are *absolutely sure* that your application will successfully
and correctly survive a call to fork(), you may disable this warning
by setting the mpi_warn_on_fork MCA parameter to 0.
--------------------------------------------------------------------------

Backtrace for this error:

Program received signal SIGSEGV: Segmentation fault - invalid memory reference.

Backtrace for this error:
** Something went wrong while running addr2line. **
** Falling back to a simpler backtrace scheme. **
#11  0x2b314ccdac92
#12  0x2b314ccd9fc0
#13  0x2b314d15624f
#14  0x4b399e
#15  0x4a8d94
#16  0x4dd990
#17  0x50b329
#18  0x4058ec
#19  0x2b314d142b34
#20  0x405e76
#21  0xffffffffffffffff
#0  0x2B7116267DC7
#1  0x2B7116266FC0
#0  0x2AB765579DC7
#1  0x2AB765578FC0
#2  0x2AB7659F524F
#0  0x2B5DAF1A7DC7
#1  0x2B5DAF1A6FC0
#2  0x2B5DAF62324F
#0  0x2B251EFADDC7
#1  0x2B251EFACFC0
#2  0x2B71166E324F
#2  0x2B251F42924F
#3  0x4B399E in __nb_exclusions_mod_MOD_nb_adjust
#3  0x4B399E in __nb_exclusions_mod_MOD_nb_adjust
#3  0x4B399E in __nb_exclusions_mod_MOD_nb_adjust
#3  0x4B399E in __nb_exclusions_mod_MOD_nb_adjust
#4  0x4A8D94 in __pme_force_mod_MOD_pme_force
#4  0x4A8D94 in __pme_force_mod_MOD_pme_force
#4  0x4A8D94 in __pme_force_mod_MOD_pme_force
#4  0x4A8D94 in __pme_force_mod_MOD_pme_force
#5  0x4DD252 in __runmin_mod_MOD_runmin_slave
#5  0x4DD252 in __runmin_mod_MOD_runmin_slave
#5  0x4DD252 in __runmin_mod_MOD_runmin_slave
#5  0x4DD252 in __runmin_mod_MOD_runmin_slave
#6  0x50B90D in MAIN__ at pmemd.F90:?
#6  0x50B90D in MAIN__ at pmemd.F90:?
#6  0x50B90D in MAIN__ at pmemd.F90:?
#6  0x50B90D in MAIN__ at pmemd.F90:?
--------------------------------------------------------------------------
mpirun noticed that process rank 0 with PID 21627 on node gpu12 exited on signal 11 (Segmentation fault).
--------------------------------------------------------------------------
[gpu12.bc4.acrc.priv:21617] 4 more processes have sent help message help-opal-runtime.txt / opal_init:warn-fork
[gpu12.bc4.acrc.priv:21617] Set MCA parameter "orte_base_help_aggregate" to 0 to see all help / error messages

Program received signal SIGSEGV: Segmentation fault - invalid memory reference.

Backtrace for this error:
--------------------------------------------------------------------------
A process has executed an operation involving a call to the
"fork()" system call to create a child process.  Open MPI is currently
operating in a condition that could result in memory corruption or
other system errors; your job may hang, crash, or produce silent
data corruption.  The use of fork() (or system() or other calls that
create child processes) is strongly discouraged.

The process that invoked fork was:

  Local host:          [[41812,1],27] (PID 21809)

If you are *absolutely sure* that your application will successfully
and correctly survive a call to fork(), you may disable this warning
by setting the mpi_warn_on_fork MCA parameter to 0.
--------------------------------------------------------------------------
#0  0x2B3B80C19DC7
#1  0x2B3B80C18FC0
#2  0x2B3B8109524F
#3  0x4B399E in __nb_exclusions_mod_MOD_nb_adjust
#4  0x4A8D94 in __pme_force_mod_MOD_pme_force
#5  0x4DD252 in __runmin_mod_MOD_runmin_slave
#6  0x50B90D in MAIN__ at pmemd.F90:?
--------------------------------------------------------------------------
mpirun noticed that process rank 27 with PID 21809 on node gpu12 exited on signal 11 (Segmentation fault).
--------------------------------------------------------------------------
