
Program received signal SIGSEGV: Segmentation fault - invalid memory reference.

Backtrace for this error:
--------------------------------------------------------------------------
A process has executed an operation involving a call to the
"fork()" system call to create a child process.  Open MPI is currently
operating in a condition that could result in memory corruption or
other system errors; your job may hang, crash, or produce silent
data corruption.  The use of fork() (or system() or other calls that
create child processes) is strongly discouraged.

The process that invoked fork was:

  Local host:          [[41317,1],1] (PID 22237)

If you are *absolutely sure* that your application will successfully
and correctly survive a call to fork(), you may disable this warning
by setting the mpi_warn_on_fork MCA parameter to 0.
--------------------------------------------------------------------------
#0  0x2AFC737F0DC7
#1  0x2AFC737EFFC0
#2  0x2AFC73C6C24F
#3  0x4B399E in __nb_exclusions_mod_MOD_nb_adjust
#4  0x4A8D94 in __pme_force_mod_MOD_pme_force
#5  0x4DD252 in __runmin_mod_MOD_runmin_slave
#6  0x50B90D in MAIN__ at pmemd.F90:?
--------------------------------------------------------------------------
mpirun noticed that process rank 1 with PID 22237 on node gpu12 exited on signal 11 (Segmentation fault).
--------------------------------------------------------------------------
At line 138 of file inpcrd_dat.F90 (unit = 9, file = 'closed_2_min1.rst7')
Fortran runtime error: End of file
-------------------------------------------------------
Primary job  terminated normally, but 1 process returned
a non-zero exit code.. Per user-direction, the job has been aborted.
-------------------------------------------------------
--------------------------------------------------------------------------
mpirun detected that one or more processes exited with non-zero status, thus causing
the job to be terminated. The first process to do so was:

  Process name: [[41096,1],0]
  Exit code:    2
--------------------------------------------------------------------------

  Unit    9 Error on OPEN: closed_2_min2.rst7                                                                                                                                                                                                                                              
--------------------------------------------------------------------------
MPI_ABORT was invoked on rank 0 in communicator MPI_COMM_WORLD
with errorcode 1.

NOTE: invoking MPI_ABORT causes Open MPI to kill all MPI processes.
You may or may not see output from other processes, depending on
exactly when Open MPI kills them.
--------------------------------------------------------------------------

  Unit    9 Error on OPEN: closed_2_min3.rst7                                                                                                                                                                                                                                              
--------------------------------------------------------------------------
MPI_ABORT was invoked on rank 0 in communicator MPI_COMM_WORLD
with errorcode 1.

NOTE: invoking MPI_ABORT causes Open MPI to kill all MPI processes.
You may or may not see output from other processes, depending on
exactly when Open MPI kills them.
--------------------------------------------------------------------------

  Unit    9 Error on OPEN: closed_2_min4.rst7                                                                                                                                                                                                                                              
--------------------------------------------------------------------------
MPI_ABORT was invoked on rank 0 in communicator MPI_COMM_WORLD
with errorcode 1.

NOTE: invoking MPI_ABORT causes Open MPI to kill all MPI processes.
You may or may not see output from other processes, depending on
exactly when Open MPI kills them.
--------------------------------------------------------------------------

  Unit    9 Error on OPEN: closed_2_min5.rst7                                                                                                                                                                                                                                              
--------------------------------------------------------------------------
MPI_ABORT was invoked on rank 0 in communicator MPI_COMM_WORLD
with errorcode 1.

NOTE: invoking MPI_ABORT causes Open MPI to kill all MPI processes.
You may or may not see output from other processes, depending on
exactly when Open MPI kills them.
--------------------------------------------------------------------------
