
CPPTRAJ: Trajectory Analysis. V17.00
    ___  ___  ___  ___
     | \/ | \/ | \/ | 
    _|_/\_|_/\_|_/\_|_

| Date/time: 07/01/18 21:44:34
| Available memory: 108.765 GB

INPUT: Reading input from 'STDIN'
  [parm open10.parm7]
	Reading 'open10.parm7' as Amber Topology
	Radius Set: modified Bondi radii (mbondi)
  [trajin ./open_5_eq7.nc]
	Reading './open_5_eq7.nc' as Amber NetCDF
  [trajin ./open_5_eq8.nc]
	Reading './open_5_eq8.nc' as Amber NetCDF
  [trajin ./open_5_md1.nc]
	Reading './open_5_md1.nc' as Amber NetCDF
  [trajin ./open_5_md2.nc]
	Reading './open_5_md2.nc' as Amber NetCDF
  [trajin ./open_5_md3.nc]
	Reading './open_5_md3.nc' as Amber NetCDF
  [trajin ./open_5_md4.nc]
	Reading './open_5_md4.nc' as Amber NetCDF
  [trajin ./open_5_md5.nc]
	Reading './open_5_md5.nc' as Amber NetCDF
  [trajin ./open_5_md6.nc]
TIME: Total execution time: 0.5577 seconds.

