log started: Fri Dec 22 13:05:57 2017

Log file: ./leap.log
>> #
>> # ----- leaprc for loading the ff14SB force field
>> # ----- NOTE: this is designed for PDB format 3!
>> #
>> #	load atom type hybridizations
>> #
>> addAtomTypes {
>> 	{ "H"   "H" "sp3" }
>> 	{ "HO"  "H" "sp3" }
>> 	{ "HS"  "H" "sp3" }
>> 	{ "H1"  "H" "sp3" }
>> 	{ "H2"  "H" "sp3" }
>> 	{ "H3"  "H" "sp3" }
>> 	{ "H4"  "H" "sp3" }
>> 	{ "H5"  "H" "sp3" }
>> 	{ "HW"  "H" "sp3" }
>> 	{ "HC"  "H" "sp3" }
>> 	{ "HA"  "H" "sp3" }
>> 	{ "HP"  "H" "sp3" }
>> 	{ "HZ"  "H" "sp3" }
>> 	{ "OH"  "O" "sp3" }
>> 	{ "OS"  "O" "sp3" }
>> 	{ "O"   "O" "sp2" }
>> 	{ "O2"  "O" "sp2" }
>> 	{ "OP"  "O" "sp2" }
>> 	{ "OW"  "O" "sp3" }
>> 	{ "CT"  "C" "sp3" }
>> 	{ "CX"  "C" "sp3" }
>> 	{ "C8"  "C" "sp3" }
>> 	{ "2C"  "C" "sp3" }
>> 	{ "3C"  "C" "sp3" }
>> 	{ "CH"  "C" "sp3" }
>> 	{ "CS"  "C" "sp2" }
>> 	{ "C"   "C" "sp2" }
>> 	{ "CO"   "C" "sp2" }
>> 	{ "C*"  "C" "sp2" }
>> 	{ "CA"  "C" "sp2" }
>> 	{ "CB"  "C" "sp2" }
>> 	{ "CC"  "C" "sp2" }
>> 	{ "CN"  "C" "sp2" }
>> 	{ "CM"  "C" "sp2" }
>> 	{ "CK"  "C" "sp2" }
>> 	{ "CQ"  "C" "sp2" }
>> 	{ "CD"  "C" "sp2" }
>> 	{ "C5"  "C" "sp2" }
>> 	{ "C4"  "C" "sp2" }
>> 	{ "CP"  "C" "sp2" }
>> 	{ "CI"  "C" "sp3" }
>> 	{ "CJ"  "C" "sp2" }
>> 	{ "CW"  "C" "sp2" }
>> 	{ "CV"  "C" "sp2" }
>> 	{ "CR"  "C" "sp2" }
>> 	{ "CA"  "C" "sp2" }
>> 	{ "CY"  "C" "sp2" }
>> 	{ "C0"  "Ca" "sp3" }
>> 	{ "MG"  "Mg" "sp3" }
>> 	{ "N"   "N" "sp2" }
>> 	{ "NA"  "N" "sp2" }
>> 	{ "N2"  "N" "sp2" }
>> 	{ "N*"  "N" "sp2" }
>> 	{ "NP"  "N" "sp2" }
>> 	{ "NQ"  "N" "sp2" }
>> 	{ "NB"  "N" "sp2" }
>> 	{ "NC"  "N" "sp2" }
>> 	{ "NT"  "N" "sp3" }
>> 	{ "NY"  "N" "sp2" }
>> 	{ "N3"  "N" "sp3" }
>> 	{ "S"   "S" "sp3" }
>> 	{ "SH"  "S" "sp3" }
>> 	{ "P"   "P" "sp3" }
>> 	{ "LP"  ""  "sp3" }
>> 	{ "EP"  ""  "sp3" }
>> 	{ "F"   "F" "sp3" }
>> 	{ "Cl"  "Cl" "sp3" }
>> 	{ "Br"  "Br" "sp3" }
>> 	{ "I"   "I"  "sp3" }
>> }
>> #
>> #	Load the main parameter set.
>> #
>> parm10 = loadamberparams parm10.dat
Loading parameters: /mnt/storage/scratch/el14718/SOFTWARE/amber16-mofified/amber16/dat/leap/parm/parm10.dat
Reading title:
PARM99 + frcmod.ff99SB + frcmod.parmbsc0 + OL3 for RNA
(UNKNOWN ATOM TYPE: Zn)
(UNKNOWN ATOM TYPE: EP)
>> frcmod14SB = loadamberparams frcmod.ff14SB
Loading parameters: /mnt/storage/scratch/el14718/SOFTWARE/amber16-mofified/amber16/dat/leap/parm/frcmod.ff14SB
Reading force field modification type file (frcmod)
Reading title:
ff14SB protein backbone and sidechain parameters
>> #
>> #	Load main chain and terminating amino acid libraries
>> #
>> loadOff amino12.lib
Loading library: /mnt/storage/scratch/el14718/SOFTWARE/amber16-mofified/amber16/dat/leap/lib/amino12.lib
Loading: ALA
Loading: ARG
Loading: ASH
Loading: ASN
Loading: ASP
Loading: CYM
Loading: CYS
Loading: CYX
Loading: GLH
Loading: GLN
Loading: GLU
Loading: GLY
Loading: HID
Loading: HIE
Loading: HIP
Loading: HYP
Loading: ILE
Loading: LEU
Loading: LYN
Loading: LYS
Loading: MET
Loading: PHE
Loading: PRO
Loading: SER
Loading: THR
Loading: TRP
Loading: TYR
Loading: VAL
>> loadOff aminoct12.lib
Loading library: /mnt/storage/scratch/el14718/SOFTWARE/amber16-mofified/amber16/dat/leap/lib/aminoct12.lib
Loading: CALA
Loading: CARG
Loading: CASN
Loading: CASP
Loading: CCYS
Loading: CCYX
Loading: CGLN
Loading: CGLU
Loading: CGLY
Loading: CHID
Loading: CHIE
Loading: CHIP
Loading: CHYP
Loading: CILE
Loading: CLEU
Loading: CLYS
Loading: CMET
Loading: CPHE
Loading: CPRO
Loading: CSER
Loading: CTHR
Loading: CTRP
Loading: CTYR
Loading: CVAL
Loading: NHE
Loading: NME
>> loadOff aminont12.lib
Loading library: /mnt/storage/scratch/el14718/SOFTWARE/amber16-mofified/amber16/dat/leap/lib/aminont12.lib
Loading: ACE
Loading: NALA
Loading: NARG
Loading: NASN
Loading: NASP
Loading: NCYS
Loading: NCYX
Loading: NGLN
Loading: NGLU
Loading: NGLY
Loading: NHID
Loading: NHIE
Loading: NHIP
Loading: NILE
Loading: NLEU
Loading: NLYS
Loading: NMET
Loading: NPHE
Loading: NPRO
Loading: NSER
Loading: NTHR
Loading: NTRP
Loading: NTYR
Loading: NVAL
>> 
>> #
>> #	Define the PDB name map for the amino acids
>> #
>> addPdbResMap {
>>   { 0 "HYP" "HYP" } { 1 "HYP" "CHYP" }
>>   { 0 "ALA" "NALA" } { 1 "ALA" "CALA" }
>>   { 0 "ARG" "NARG" } { 1 "ARG" "CARG" }
>>   { 0 "ASN" "NASN" } { 1 "ASN" "CASN" }
>>   { 0 "ASP" "NASP" } { 1 "ASP" "CASP" }
>>   { 0 "CYS" "NCYS" } { 1 "CYS" "CCYS" }
>>   { 0 "CYX" "NCYX" } { 1 "CYX" "CCYX" }
>>   { 0 "GLN" "NGLN" } { 1 "GLN" "CGLN" }
>>   { 0 "GLU" "NGLU" } { 1 "GLU" "CGLU" }
>>   { 0 "GLY" "NGLY" } { 1 "GLY" "CGLY" }
>>   { 0 "HID" "NHID" } { 1 "HID" "CHID" }
>>   { 0 "HIE" "NHIE" } { 1 "HIE" "CHIE" }
>>   { 0 "HIP" "NHIP" } { 1 "HIP" "CHIP" }
>>   { 0 "ILE" "NILE" } { 1 "ILE" "CILE" }
>>   { 0 "LEU" "NLEU" } { 1 "LEU" "CLEU" }
>>   { 0 "LYS" "NLYS" } { 1 "LYS" "CLYS" }
>>   { 0 "MET" "NMET" } { 1 "MET" "CMET" }
>>   { 0 "PHE" "NPHE" } { 1 "PHE" "CPHE" }
>>   { 0 "PRO" "NPRO" } { 1 "PRO" "CPRO" }
>>   { 0 "SER" "NSER" } { 1 "SER" "CSER" }
>>   { 0 "THR" "NTHR" } { 1 "THR" "CTHR" }
>>   { 0 "TRP" "NTRP" } { 1 "TRP" "CTRP" }
>>   { 0 "TYR" "NTYR" } { 1 "TYR" "CTYR" }
>>   { 0 "VAL" "NVAL" } { 1 "VAL" "CVAL" }
>>   { 0 "HIS" "NHIS" } { 1 "HIS" "CHIS" }
>> }
>> 
>> #
>> # assume that most often proteins use HIE
>> #
>> NHIS = NHIE
>> HIS = HIE
>> CHIS = CHIE
> 
> source leaprc.water.tip3p
----- Source: /mnt/storage/scratch/el14718/SOFTWARE/amber16-mofified/amber16/dat/leap/cmd/leaprc.water.tip3p
----- Source of /mnt/storage/scratch/el14718/SOFTWARE/amber16-mofified/amber16/dat/leap/cmd/leaprc.water.tip3p done
>> #
>> #       Load water and ions for TIP3P + Joung-Chetham monovalent ions
>> #       + Li/Merz highly charged ions (+2 to +4, 12-6 normal usage set)
>> #
>> addAtomTypes {
>> 	{ "HW"  "H" "sp3" }
>> 	{ "OW"  "O" "sp3" }
>> 	{ "F-"   "F" "sp3" }
>> 	{ "Cl-"  "Cl" "sp3" }
>> 	{ "Br-"  "Br" "sp3" }
>> 	{ "I-"   "I"  "sp3" }
>> 	{ "Li+"  "Li"  "sp3" }
>> 	{ "Na+"  "Na"  "sp3" }
>> 	{ "K+"  "K"  "sp3" }
>> 	{ "Rb+"  "Rb"  "sp3" }
>> 	{ "Cs+"  "Cs"  "sp3" }
>> 	{ "Mg+"  "Mg"  "sp3" }
>>     { "Tl+"  "Tl"  "sp3" }
>>     { "Cu+"  "Cu"  "sp3" }
>>     { "Ag+"  "Ag"  "sp3" }
>>     { "Be2+" "Be"  "sp3" }
>>     { "Cu2+" "Cu"  "sp3" }
>>     { "Ni2+" "Ni"  "sp3" }
>>     { "Pt2+" "Pt"  "sp3" }
>>     { "Zn2+" "Zn"  "sp3" }
>>     { "Co2+" "Co"  "sp3" }
>>     { "Pd2+" "Pd"  "sp3" }
>>     { "Ag2+" "Ag"  "sp3" }
>>     { "Cr2+" "Cr"  "sp3" }
>>     { "Fe2+" "Fe"  "sp3" }
>>     { "Mg2+" "Mg"  "sp3" }
>>     { "V2+"  "V"   "sp3" }
>>     { "Mn2+" "Mn"  "sp3" }
>>     { "Hg2+" "Hg"  "sp3" }
>>     { "Cd2+" "Cd"  "sp3" }
>>     { "Yb2+" "Yb"  "sp3" }
>>     { "Ca2+" "Ca"  "sp3" }
>>     { "Sn2+" "Sn"  "sp3" }
>>     { "Pb2+" "Pb"  "sp3" }
>>     { "Eu2+" "Eu"  "sp3" }
>>     { "Sr2+" "Sr"  "sp3" }
>>     { "Sm2+" "Sm"  "sp3" }
>>     { "Ba2+" "Ba"  "sp3" }
>>     { "Ra2+" "Ra"  "sp3" }
>>     { "Al3+" "Al"  "sp3" }
>>     { "Fe3+" "Fe"  "sp3" }
>>     { "Cr3+" "Cr"  "sp3" }
>>     { "In3+" "In"  "sp3" }
>>     { "Tl3+" "Tl"  "sp3" }
>>     { "Y3+"  "Y"   "sp3" }
>>     { "La3+" "La"  "sp3" }
>>     { "Ce3+" "Ce"  "sp3" }
>>     { "Pr3+" "Pr"  "sp3" }
>>     { "Nd3+" "Nd"  "sp3" }
>>     { "Sm3+" "Sm"  "sp3" }
>>     { "Eu3+" "Eu"  "sp3" }
>>     { "Gd3+" "Gd"  "sp3" }
>>     { "Tb3+" "Tb"  "sp3" }
>>     { "Dy3+" "Dy"  "sp3" }
>>     { "Er3+" "Er"  "sp3" }
>>     { "Tm3+" "Tm"  "sp3" }
>>     { "Lu3+" "Lu"  "sp3" }
>>     { "Hf4+" "Hf"  "sp3" }
>>     { "Zr4+" "Zr"  "sp3" }
>>     { "Ce4+" "Ce"  "sp3" }
>>     { "U4+"  "U"   "sp3" }
>>     { "Pu4+" "Pu"  "sp3" }
>>     { "Th4+" "Th"  "sp3" }
>> }
>> loadOff atomic_ions.lib
Loading library: /mnt/storage/scratch/el14718/SOFTWARE/amber16-mofified/amber16/dat/leap/lib/atomic_ions.lib
Loading: AG
Loading: AL
Loading: Ag
Loading: BA
Loading: BR
Loading: Be
Loading: CA
Loading: CD
Loading: CE
Loading: CL
Loading: CO
Loading: CR
Loading: CS
Loading: CU
Loading: CU1
Loading: Ce
Loading: Cl-
Loading: Cr
Loading: Dy
Loading: EU
Loading: EU3
Loading: Er
Loading: F
Loading: FE
Loading: FE2
Loading: GD3
Loading: H3O+
Loading: HE+
Loading: HG
Loading: HZ+
Loading: Hf
Loading: IN
Loading: IOD
Loading: K
Loading: K+
Loading: LA
Loading: LI
Loading: LU
Loading: MG
Loading: MN
Loading: NA
Loading: NH4
Loading: NI
Loading: Na+
Loading: Nd
Loading: PB
Loading: PD
Loading: PR
Loading: PT
Loading: Pu
Loading: RB
Loading: Ra
Loading: SM
Loading: SR
Loading: Sm
Loading: Sn
Loading: TB
Loading: TL
Loading: Th
Loading: Tl
Loading: Tm
Loading: U4+
Loading: V2+
Loading: Y
Loading: YB2
Loading: ZN
Loading: Zr
>> loadOff solvents.lib
Loading library: /mnt/storage/scratch/el14718/SOFTWARE/amber16-mofified/amber16/dat/leap/lib/solvents.lib
Loading: CHCL3BOX
Loading: DC4
Loading: FB3
Loading: FB3BOX
Loading: FB4
Loading: FB4BOX
Loading: MEOHBOX
Loading: NMABOX
Loading: OP3
Loading: OPC
Loading: OPC3BOX
Loading: OPCBOX
Loading: PL3
Loading: POL3BOX
Loading: QSPCFWBOX
Loading: SPC
Loading: SPCBOX
Loading: SPCFWBOX
Loading: SPF
Loading: SPG
Loading: T4E
Loading: TIP3PBOX
Loading: TIP3PFBOX
Loading: TIP4PBOX
Loading: TIP4PEWBOX
Loading: TIP5PBOX
Loading: TP3
Loading: TP4
Loading: TP5
Loading: TPF
>> HOH = TP3
>> WAT = TP3
>> loadAmberParams frcmod.tip3p
Loading parameters: /mnt/storage/scratch/el14718/SOFTWARE/amber16-mofified/amber16/dat/leap/parm/frcmod.tip3p
Reading force field modification type file (frcmod)
Reading title:
This is the additional/replacement parameter set for SPC/E water
>> loadAmberParams frcmod.ionsjc_tip3p
Loading parameters: /mnt/storage/scratch/el14718/SOFTWARE/amber16-mofified/amber16/dat/leap/parm/frcmod.ionsjc_tip3p
Reading force field modification type file (frcmod)
Reading title:
Monovalent ion parameters for Ewald and TIP3P water from Joung & Cheatham JPCB (2008)
>> loadAmberParams frcmod.ions234lm_126_tip3p
Loading parameters: /mnt/storage/scratch/el14718/SOFTWARE/amber16-mofified/amber16/dat/leap/parm/frcmod.ions234lm_126_tip3p
Reading force field modification type file (frcmod)
Reading title:
Li/Merz ion parameters of divalent to tetravalent ions for TIP3P water model (12-6 normal usage set)
>> 
> 
> prot= loadPDB  closed5.pdb
Loading PDB file: ./closed5.pdb
Enter zPdbReadScan from call depth  0.
Exit  zPdbReadScan from call depth  0.
Matching PDB residue names to LEaP variables.
(Residue 0: ACE, Terminal/beginning, was not found in name map.)
(Residue 1: GLY, Nonterminal, was not found in name map.)
(Residue 2: GLU, Nonterminal, was not found in name map.)
(Residue 3: ILE, Nonterminal, was not found in name map.)
(Residue 4: GLY, Nonterminal, was not found in name map.)
(Residue 5: GLN, Nonterminal, was not found in name map.)
(Residue 6: ALA, Nonterminal, was not found in name map.)
(Residue 7: LEU, Nonterminal, was not found in name map.)
(Residue 8: LYS, Nonterminal, was not found in name map.)
(Residue 9: GLU, Nonterminal, was not found in name map.)
(Residue 10: ILE, Nonterminal, was not found in name map.)
(Residue 11: GLY, Nonterminal, was not found in name map.)
(Residue 12: LYS, Nonterminal, was not found in name map.)
(Residue 13: ALA, Nonterminal, was not found in name map.)
(Residue 14: LEU, Nonterminal, was not found in name map.)
(Residue 15: LYS, Nonterminal, was not found in name map.)
(Residue 16: GLU, Nonterminal, was not found in name map.)
(Residue 17: ILE, Nonterminal, was not found in name map.)
(Residue 18: GLY, Nonterminal, was not found in name map.)
(Residue 19: TYR, Nonterminal, was not found in name map.)
(Residue 20: ALA, Nonterminal, was not found in name map.)
(Residue 21: LEU, Nonterminal, was not found in name map.)
(Residue 22: LYS, Nonterminal, was not found in name map.)
(Residue 23: GLU, Nonterminal, was not found in name map.)
(Residue 24: ILE, Nonterminal, was not found in name map.)
(Residue 25: GLY, Nonterminal, was not found in name map.)
(Residue 26: GLN, Nonterminal, was not found in name map.)
(Residue 27: ALA, Nonterminal, was not found in name map.)
(Residue 28: LEU, Nonterminal, was not found in name map.)
(Residue 29: LYS, Nonterminal, was not found in name map.)
(Residue 30: GLY, Nonterminal, was not found in name map.)
(Residue 31: NHE, Terminal/last, was not found in name map.)
(Residue 32: ACE, Terminal/beginning, was not found in name map.)
(Residue 33: GLY, Nonterminal, was not found in name map.)
(Residue 34: GLU, Nonterminal, was not found in name map.)
(Residue 35: ILE, Nonterminal, was not found in name map.)
(Residue 36: GLY, Nonterminal, was not found in name map.)
(Residue 37: GLN, Nonterminal, was not found in name map.)
(Residue 38: ALA, Nonterminal, was not found in name map.)
(Residue 39: LEU, Nonterminal, was not found in name map.)
(Residue 40: LYS, Nonterminal, was not found in name map.)
(Residue 41: GLU, Nonterminal, was not found in name map.)
(Residue 42: ILE, Nonterminal, was not found in name map.)
(Residue 43: GLY, Nonterminal, was not found in name map.)
(Residue 44: LYS, Nonterminal, was not found in name map.)
(Residue 45: ALA, Nonterminal, was not found in name map.)
(Residue 46: LEU, Nonterminal, was not found in name map.)
(Residue 47: LYS, Nonterminal, was not found in name map.)
(Residue 48: GLU, Nonterminal, was not found in name map.)
(Residue 49: ILE, Nonterminal, was not found in name map.)
(Residue 50: GLY, Nonterminal, was not found in name map.)
(Residue 51: TYR, Nonterminal, was not found in name map.)
(Residue 52: ALA, Nonterminal, was not found in name map.)
(Residue 53: LEU, Nonterminal, was not found in name map.)
(Residue 54: LYS, Nonterminal, was not found in name map.)
(Residue 55: GLU, Nonterminal, was not found in name map.)
(Residue 56: ILE, Nonterminal, was not found in name map.)
(Residue 57: GLY, Nonterminal, was not found in name map.)
(Residue 58: GLN, Nonterminal, was not found in name map.)
(Residue 59: ALA, Nonterminal, was not found in name map.)
(Residue 60: LEU, Nonterminal, was not found in name map.)
(Residue 61: LYS, Nonterminal, was not found in name map.)
(Residue 62: GLY, Nonterminal, was not found in name map.)
(Residue 63: NHE, Terminal/last, was not found in name map.)
(Residue 64: ACE, Terminal/beginning, was not found in name map.)
(Residue 65: GLY, Nonterminal, was not found in name map.)
(Residue 66: GLU, Nonterminal, was not found in name map.)
(Residue 67: ILE, Nonterminal, was not found in name map.)
(Residue 68: GLY, Nonterminal, was not found in name map.)
(Residue 69: GLN, Nonterminal, was not found in name map.)
(Residue 70: ALA, Nonterminal, was not found in name map.)
(Residue 71: LEU, Nonterminal, was not found in name map.)
(Residue 72: LYS, Nonterminal, was not found in name map.)
(Residue 73: GLU, Nonterminal, was not found in name map.)
(Residue 74: ILE, Nonterminal, was not found in name map.)
(Residue 75: GLY, Nonterminal, was not found in name map.)
(Residue 76: LYS, Nonterminal, was not found in name map.)
(Residue 77: ALA, Nonterminal, was not found in name map.)
(Residue 78: LEU, Nonterminal, was not found in name map.)
(Residue 79: LYS, Nonterminal, was not found in name map.)
(Residue 80: GLU, Nonterminal, was not found in name map.)
(Residue 81: ILE, Nonterminal, was not found in name map.)
(Residue 82: GLY, Nonterminal, was not found in name map.)
(Residue 83: TYR, Nonterminal, was not found in name map.)
(Residue 84: ALA, Nonterminal, was not found in name map.)
(Residue 85: LEU, Nonterminal, was not found in name map.)
(Residue 86: LYS, Nonterminal, was not found in name map.)
(Residue 87: GLU, Nonterminal, was not found in name map.)
(Residue 88: ILE, Nonterminal, was not found in name map.)
(Residue 89: GLY, Nonterminal, was not found in name map.)
(Residue 90: GLN, Nonterminal, was not found in name map.)
(Residue 91: ALA, Nonterminal, was not found in name map.)
(Residue 92: LEU, Nonterminal, was not found in name map.)
(Residue 93: LYS, Nonterminal, was not found in name map.)
(Residue 94: GLY, Nonterminal, was not found in name map.)
(Residue 95: NHE, Terminal/last, was not found in name map.)
(Residue 96: ACE, Terminal/beginning, was not found in name map.)
(Residue 97: GLY, Nonterminal, was not found in name map.)
(Residue 98: GLU, Nonterminal, was not found in name map.)
(Residue 99: ILE, Nonterminal, was not found in name map.)
(Residue 100: GLY, Nonterminal, was not found in name map.)
(Residue 101: GLN, Nonterminal, was not found in name map.)
(Residue 102: ALA, Nonterminal, was not found in name map.)
(Residue 103: LEU, Nonterminal, was not found in name map.)
(Residue 104: LYS, Nonterminal, was not found in name map.)
(Residue 105: GLU, Nonterminal, was not found in name map.)
(Residue 106: ILE, Nonterminal, was not found in name map.)
(Residue 107: GLY, Nonterminal, was not found in name map.)
(Residue 108: LYS, Nonterminal, was not found in name map.)
(Residue 109: ALA, Nonterminal, was not found in name map.)
(Residue 110: LEU, Nonterminal, was not found in name map.)
(Residue 111: LYS, Nonterminal, was not found in name map.)
(Residue 112: GLU, Nonterminal, was not found in name map.)
(Residue 113: ILE, Nonterminal, was not found in name map.)
(Residue 114: GLY, Nonterminal, was not found in name map.)
(Residue 115: TYR, Nonterminal, was not found in name map.)
(Residue 116: ALA, Nonterminal, was not found in name map.)
(Residue 117: LEU, Nonterminal, was not found in name map.)
(Residue 118: LYS, Nonterminal, was not found in name map.)
(Residue 119: GLU, Nonterminal, was not found in name map.)
(Residue 120: ILE, Nonterminal, was not found in name map.)
(Residue 121: GLY, Nonterminal, was not found in name map.)
(Residue 122: GLN, Nonterminal, was not found in name map.)
(Residue 123: ALA, Nonterminal, was not found in name map.)
(Residue 124: LEU, Nonterminal, was not found in name map.)
(Residue 125: LYS, Nonterminal, was not found in name map.)
(Residue 126: GLY, Nonterminal, was not found in name map.)
(Residue 127: NHE, Terminal/last, was not found in name map.)
(Residue 128: ACE, Terminal/beginning, was not found in name map.)
(Residue 129: GLY, Nonterminal, was not found in name map.)
(Residue 130: GLU, Nonterminal, was not found in name map.)
(Residue 131: ILE, Nonterminal, was not found in name map.)
(Residue 132: GLY, Nonterminal, was not found in name map.)
(Residue 133: GLN, Nonterminal, was not found in name map.)
(Residue 134: ALA, Nonterminal, was not found in name map.)
(Residue 135: LEU, Nonterminal, was not found in name map.)
(Residue 136: LYS, Nonterminal, was not found in name map.)
(Residue 137: GLU, Nonterminal, was not found in name map.)
(Residue 138: ILE, Nonterminal, was not found in name map.)
(Residue 139: GLY, Nonterminal, was not found in name map.)
(Residue 140: LYS, Nonterminal, was not found in name map.)
(Residue 141: ALA, Nonterminal, was not found in name map.)
(Residue 142: LEU, Nonterminal, was not found in name map.)
(Residue 143: LYS, Nonterminal, was not found in name map.)
(Residue 144: GLU, Nonterminal, was not found in name map.)
(Residue 145: ILE, Nonterminal, was not found in name map.)
(Residue 146: GLY, Nonterminal, was not found in name map.)
(Residue 147: TYR, Nonterminal, was not found in name map.)
(Residue 148: ALA, Nonterminal, was not found in name map.)
(Residue 149: LEU, Nonterminal, was not found in name map.)
(Residue 150: LYS, Nonterminal, was not found in name map.)
(Residue 151: GLU, Nonterminal, was not found in name map.)
(Residue 152: ILE, Nonterminal, was not found in name map.)
(Residue 153: GLY, Nonterminal, was not found in name map.)
(Residue 154: GLN, Nonterminal, was not found in name map.)
(Residue 155: ALA, Nonterminal, was not found in name map.)
(Residue 156: LEU, Nonterminal, was not found in name map.)
(Residue 157: LYS, Nonterminal, was not found in name map.)
(Residue 158: GLY, Nonterminal, was not found in name map.)
(Residue 159: NHE, Terminal/last, was not found in name map.)
(Residue 160: ACE, Terminal/beginning, was not found in name map.)
(Residue 161: GLY, Nonterminal, was not found in name map.)
(Residue 162: GLU, Nonterminal, was not found in name map.)
(Residue 163: ILE, Nonterminal, was not found in name map.)
(Residue 164: GLY, Nonterminal, was not found in name map.)
(Residue 165: GLN, Nonterminal, was not found in name map.)
(Residue 166: ALA, Nonterminal, was not found in name map.)
(Residue 167: LEU, Nonterminal, was not found in name map.)
(Residue 168: LYS, Nonterminal, was not found in name map.)
(Residue 169: GLU, Nonterminal, was not found in name map.)
(Residue 170: ILE, Nonterminal, was not found in name map.)
(Residue 171: GLY, Nonterminal, was not found in name map.)
(Residue 172: LYS, Nonterminal, was not found in name map.)
(Residue 173: ALA, Nonterminal, was not found in name map.)
(Residue 174: LEU, Nonterminal, was not found in name map.)
(Residue 175: LYS, Nonterminal, was not found in name map.)
(Residue 176: GLU, Nonterminal, was not found in name map.)
(Residue 177: ILE, Nonterminal, was not found in name map.)
(Residue 178: GLY, Nonterminal, was not found in name map.)
(Residue 179: TYR, Nonterminal, was not found in name map.)
(Residue 180: ALA, Nonterminal, was not found in name map.)
(Residue 181: LEU, Nonterminal, was not found in name map.)
(Residue 182: LYS, Nonterminal, was not found in name map.)
(Residue 183: GLU, Nonterminal, was not found in name map.)
(Residue 184: ILE, Nonterminal, was not found in name map.)
(Residue 185: GLY, Nonterminal, was not found in name map.)
(Residue 186: GLN, Nonterminal, was not found in name map.)
(Residue 187: ALA, Nonterminal, was not found in name map.)
(Residue 188: LEU, Nonterminal, was not found in name map.)
(Residue 189: LYS, Nonterminal, was not found in name map.)
(Residue 190: GLY, Nonterminal, was not found in name map.)
(Residue 191: NHE, Terminal/last, was not found in name map.)
(Residue 192: HOH, Terminal/beginning, was not found in name map.)
(Residue 193: HOH, Nonterminal, was not found in name map.)
(Residue 194: HOH, Nonterminal, was not found in name map.)
(Residue 195: HOH, Nonterminal, was not found in name map.)
(Residue 196: HOH, Nonterminal, was not found in name map.)
(Residue 197: HOH, Nonterminal, was not found in name map.)
(Residue 198: HOH, Nonterminal, was not found in name map.)
(Residue 199: HOH, Nonterminal, was not found in name map.)
(Residue 200: HOH, Nonterminal, was not found in name map.)
(Residue 201: HOH, Nonterminal, was not found in name map.)
(Residue 202: HOH, Nonterminal, was not found in name map.)
(Residue 203: HOH, Nonterminal, was not found in name map.)
(Residue 204: HOH, Nonterminal, was not found in name map.)
(Residue 205: HOH, Nonterminal, was not found in name map.)
(Residue 206: HOH, Nonterminal, was not found in name map.)
(Residue 207: HOH, Nonterminal, was not found in name map.)
(Residue 208: HOH, Nonterminal, was not found in name map.)
(Residue 209: HOH, Nonterminal, was not found in name map.)
(Residue 210: HOH, Nonterminal, was not found in name map.)
(Residue 211: HOH, Nonterminal, was not found in name map.)
(Residue 212: HOH, Nonterminal, was not found in name map.)
(Residue 213: HOH, Nonterminal, was not found in name map.)
(Residue 214: HOH, Nonterminal, was not found in name map.)
(Residue 215: HOH, Nonterminal, was not found in name map.)
(Residue 216: HOH, Nonterminal, was not found in name map.)
(Residue 217: HOH, Nonterminal, was not found in name map.)
(Residue 218: HOH, Nonterminal, was not found in name map.)
(Residue 219: HOH, Nonterminal, was not found in name map.)
(Residue 220: HOH, Nonterminal, was not found in name map.)
(Residue 221: HOH, Nonterminal, was not found in name map.)
(Residue 222: HOH, Nonterminal, was not found in name map.)
(Residue 223: HOH, Nonterminal, was not found in name map.)
(Residue 224: HOH, Nonterminal, was not found in name map.)
(Residue 225: HOH, Nonterminal, was not found in name map.)
(Residue 226: HOH, Nonterminal, was not found in name map.)
(Residue 227: HOH, Nonterminal, was not found in name map.)
(Residue 228: HOH, Nonterminal, was not found in name map.)
(Residue 229: HOH, Nonterminal, was not found in name map.)
(Residue 230: HOH, Nonterminal, was not found in name map.)
(Residue 231: HOH, Nonterminal, was not found in name map.)
(Residue 232: HOH, Nonterminal, was not found in name map.)
(Residue 233: HOH, Nonterminal, was not found in name map.)
(Residue 234: HOH, Nonterminal, was not found in name map.)
(Residue 235: HOH, Nonterminal, was not found in name map.)
(Residue 236: HOH, Nonterminal, was not found in name map.)
(Residue 237: HOH, Terminal/last, was not found in name map.)
Joining ACE - GLY
Joining GLY - GLU
Joining GLU - ILE
Joining ILE - GLY
Joining GLY - GLN
Joining GLN - ALA
Joining ALA - LEU
Joining LEU - LYS
Joining LYS - GLU
Joining GLU - ILE
Joining ILE - GLY
Joining GLY - LYS
Joining LYS - ALA
Joining ALA - LEU
Joining LEU - LYS
Joining LYS - GLU
Joining GLU - ILE
Joining ILE - GLY
Joining GLY - TYR
Joining TYR - ALA
Joining ALA - LEU
Joining LEU - LYS
Joining LYS - GLU
Joining GLU - ILE
Joining ILE - GLY
Joining GLY - GLN
Joining GLN - ALA
Joining ALA - LEU
Joining LEU - LYS
Joining LYS - GLY
Joining GLY - NHE
Joining ACE - GLY
Joining GLY - GLU
Joining GLU - ILE
Joining ILE - GLY
Joining GLY - GLN
Joining GLN - ALA
Joining ALA - LEU
Joining LEU - LYS
Joining LYS - GLU
Joining GLU - ILE
Joining ILE - GLY
Joining GLY - LYS
Joining LYS - ALA
Joining ALA - LEU
Joining LEU - LYS
Joining LYS - GLU
Joining GLU - ILE
Joining ILE - GLY
Joining GLY - TYR
Joining TYR - ALA
Joining ALA - LEU
Joining LEU - LYS
Joining LYS - GLU
Joining GLU - ILE
Joining ILE - GLY
Joining GLY - GLN
Joining GLN - ALA
Joining ALA - LEU
Joining LEU - LYS
Joining LYS - GLY
Joining GLY - NHE
Joining ACE - GLY
Joining GLY - GLU
Joining GLU - ILE
Joining ILE - GLY
Joining GLY - GLN
Joining GLN - ALA
Joining ALA - LEU
Joining LEU - LYS
Joining LYS - GLU
Joining GLU - ILE
Joining ILE - GLY
Joining GLY - LYS
Joining LYS - ALA
Joining ALA - LEU
Joining LEU - LYS
Joining LYS - GLU
Joining GLU - ILE
Joining ILE - GLY
Joining GLY - TYR
Joining TYR - ALA
Joining ALA - LEU
Joining LEU - LYS
Joining LYS - GLU
Joining GLU - ILE
Joining ILE - GLY
Joining GLY - GLN
Joining GLN - ALA
Joining ALA - LEU
Joining LEU - LYS
Joining LYS - GLY
Joining GLY - NHE
Joining ACE - GLY
Joining GLY - GLU
Joining GLU - ILE
Joining ILE - GLY
Joining GLY - GLN
Joining GLN - ALA
Joining ALA - LEU
Joining LEU - LYS
Joining LYS - GLU
Joining GLU - ILE
Joining ILE - GLY
Joining GLY - LYS
Joining LYS - ALA
Joining ALA - LEU
Joining LEU - LYS
Joining LYS - GLU
Joining GLU - ILE
Joining ILE - GLY
Joining GLY - TYR
Joining TYR - ALA
Joining ALA - LEU
Joining LEU - LYS
Joining LYS - GLU
Joining GLU - ILE
Joining ILE - GLY
Joining GLY - GLN
Joining GLN - ALA
Joining ALA - LEU
Joining LEU - LYS
Joining LYS - GLY
Joining GLY - NHE
Joining ACE - GLY
Joining GLY - GLU
Joining GLU - ILE
Joining ILE - GLY
Joining GLY - GLN
Joining GLN - ALA
Joining ALA - LEU
Joining LEU - LYS
Joining LYS - GLU
Joining GLU - ILE
Joining ILE - GLY
Joining GLY - LYS
Joining LYS - ALA
Joining ALA - LEU
Joining LEU - LYS
Joining LYS - GLU
Joining GLU - ILE
Joining ILE - GLY
Joining GLY - TYR
Joining TYR - ALA
Joining ALA - LEU
Joining LEU - LYS
Joining LYS - GLU
Joining GLU - ILE
Joining ILE - GLY
Joining GLY - GLN
Joining GLN - ALA
Joining ALA - LEU
Joining LEU - LYS
Joining LYS - GLY
Joining GLY - NHE
Joining ACE - GLY
Joining GLY - GLU
Joining GLU - ILE
Joining ILE - GLY
Joining GLY - GLN
Joining GLN - ALA
Joining ALA - LEU
Joining LEU - LYS
Joining LYS - GLU
Joining GLU - ILE
Joining ILE - GLY
Joining GLY - LYS
Joining LYS - ALA
Joining ALA - LEU
Joining LEU - LYS
Joining LYS - GLU
Joining GLU - ILE
Joining ILE - GLY
Joining GLY - TYR
Joining TYR - ALA
Joining ALA - LEU
Joining LEU - LYS
Joining LYS - GLU
Joining GLU - ILE
Joining ILE - GLY
Joining GLY - GLN
Joining GLN - ALA
Joining ALA - LEU
Joining LEU - LYS
Joining LYS - GLY
Joining GLY - NHE
Starting new chain with TP3
Starting new chain with TP3
Starting new chain with TP3
Starting new chain with TP3
Starting new chain with TP3
Starting new chain with TP3
Starting new chain with TP3
Starting new chain with TP3
Starting new chain with TP3
Starting new chain with TP3
Starting new chain with TP3
Starting new chain with TP3
Starting new chain with TP3
Starting new chain with TP3
Starting new chain with TP3
Starting new chain with TP3
Starting new chain with TP3
Starting new chain with TP3
Starting new chain with TP3
Starting new chain with TP3
Starting new chain with TP3
Starting new chain with TP3
Starting new chain with TP3
Starting new chain with TP3
Starting new chain with TP3
Starting new chain with TP3
Starting new chain with TP3
Starting new chain with TP3
Starting new chain with TP3
Starting new chain with TP3
Starting new chain with TP3
Starting new chain with TP3
Starting new chain with TP3
Starting new chain with TP3
Starting new chain with TP3
Starting new chain with TP3
Starting new chain with TP3
Starting new chain with TP3
Starting new chain with TP3
Starting new chain with TP3
Starting new chain with TP3
Starting new chain with TP3
Starting new chain with TP3
Starting new chain with TP3
Starting new chain with TP3
  total atoms in file: 2916
  Leap added 30 missing atoms according to residue templates:
       30 H / lone pairs
> saveAmberParm prot closed6.parm7 closed6.rst7
Checking Unit.
WARNING: The unperturbed charge of the unit: 6.000000 is not zero.

 -- ignoring the warning.

Building topology.
Building atom parameters.
Building bond parameters.
Building angle parameters.
Building proper torsion parameters.
Building improper torsion parameters.
 total 456 improper torsions applied
Building H-Bond parameters.
Incorporating Non-Bonded adjustments.
Not Marking per-residue atom chain types.
Marking per-residue atom chain types.
  (Residues lacking connect0/connect1 - 
   these don't have chain types marked:

	res	total affected

	WAT	46
  )
 (no restraints)
> quit
	Quit
